Log file open, 08/27/14 10:51:33
LogInit:Display: Running engine for game: TP_VRSpaceShooter
LogInit: Version: 4.4.1-2270799+++depot+UE4-Releases+4.4
LogInit: API Version: 2255576
LogInit: Compiled (64-bit): Aug 25 2014 14:19:12
LogInit: Build Configuration: Development
LogInit: Branch Name: ++depot+UE4-Releases+4.4
LogInit: Command line: 
LogInit: Base directory: C:/Program Files/Unreal Engine/4.4/Engine/Binaries/Win64/
LogInit: Rocket: 1
[2014.08.27-00.51.33:762][  0]LogTaskGraph: Started task graph with 3 named threads and 4 total threads.
[2014.08.27-00.51.33:791][  0]LogOnline:Warning: No default platform service specified for OnlineSubsystem
[2014.08.27-00.51.33:798][  0]LogInit: Presizing for 0 objects not considered by GC, pre-allocating 0 bytes.
[2014.08.27-00.51.33:803][  0]LogInit: Object subsystem initialized
[2014.08.27-00.51.33:805][  0]LogInit: Selected Device Profile: [Windows]
[2014.08.27-00.51.33:805][  0]LogInit: Applying CVar settings loaded from the selected device profile: [Windows]
[2014.08.27-00.51.33:810][  0]LogInit: Computer: HOME
[2014.08.27-00.51.33:810][  0]LogInit: User: McCaffrey
[2014.08.27-00.51.33:811][  0]LogInit: CPU Page size=4096, Cores=4
[2014.08.27-00.51.33:811][  0]LogInit: High frequency timer resolution =3.410076 MHz
[2014.08.27-00.51.33:811][  0]LogMemory: Memory total: Physical=15.9GB (16GB approx) Virtual=131072.0GB
[2014.08.27-00.51.33:811][  0]LogMemory: Platform Memory Stats for Windows
[2014.08.27-00.51.33:811][  0]LogMemory: Process Physical Memory: 59.72 MB used, 59.72 MB peak
[2014.08.27-00.51.33:811][  0]LogMemory: Process Virtual Memory: 36.27 MB used, 36.27 MB peak
[2014.08.27-00.51.33:811][  0]LogMemory: Physical Memory: 3960.34 MB used, 16268.46 MB total
[2014.08.27-00.51.33:811][  0]LogMemory: Virtual Memory: 268.03 MB used, 134217728.00 MB total
[2014.08.27-00.51.33:863][  0]LogD3D11RHI: Found D3D11 adapter 0: NVIDIA GeForce GTX 770 (Feature Level 11_0)
[2014.08.27-00.51.33:863][  0]LogD3D11RHI: Adapter has 1985MB of dedicated video memory, 0MB of dedicated system memory, and 2048MB of shared system memory, 2 output[s]
[2014.08.27-00.51.33:886][  0]LogD3D11RHI: Found D3D11 adapter 1: Intel(R) HD Graphics 4600 (Feature Level 11_0)
[2014.08.27-00.51.33:886][  0]LogD3D11RHI: Adapter has 32MB of dedicated video memory, 0MB of dedicated system memory, and 1760MB of shared system memory, 0 output[s]
[2014.08.27-00.51.33:889][  0]LogD3D11RHI: Found D3D11 adapter 2: Microsoft Basic Render Driver (Feature Level 11_0)
[2014.08.27-00.51.33:889][  0]LogD3D11RHI: Adapter has 0MB of dedicated video memory, 0MB of dedicated system memory, and 256MB of shared system memory, 0 output[s]
[2014.08.27-00.51.33:889][  0]LogD3D11RHI: Chosen D3D11 Adapter Id = 0
[2014.08.27-00.51.33:909][  0]LogRHI: Texture pool is 1361 MB (70% of 1945 MB)
[2014.08.27-00.51.33:934][  0]LogD3D11RHI: Async texture creation enabled
[2014.08.27-00.51.34:028][  0]LogContentStreaming: Texture pool size is 0.000000MB
[2014.08.27-00.51.36:634][  0]LogTargetPlatformManager:Display: Building Assets For Windows
[2014.08.27-00.51.36:977][  0]LogTargetPlatformManager:Display: Building Assets For Windows
[2014.08.27-00.51.37:011][  0]LogDerivedDataCache:Display: Max Cache Size: 512 MB
[2014.08.27-00.51.37:045][  0]LogDerivedDataCache: Loaded boot cache 0.03s 39MB C:/Users/McCaffrey/AppData/Local/UnrealEngine/4.4/DerivedDataCache/Boot.ddc.
[2014.08.27-00.51.37:045][  0]LogDerivedDataCache:Display: Loaded Boot cache: C:/Users/McCaffrey/AppData/Local/UnrealEngine/4.4/DerivedDataCache/Boot.ddc
[2014.08.27-00.51.37:045][  0]LogDerivedDataCache: FDerivedDataBackendGraph:  Pak pak cache file F:/Unreal/GitHub/TP_SpaceShooterVR/DerivedDataCache/DDC.ddp not found, will not use a pak cache.
[2014.08.27-00.51.37:045][  0]LogDerivedDataCache: Unable to find inner node Pak for hierarchical cache Hierarchy.
[2014.08.27-00.51.37:058][  0]LogDerivedDataCache:Display: Pak cache opened for reading ../../../Engine/DerivedDataCache/DDC.ddp.
[2014.08.27-00.51.37:070][  0]LogDerivedDataCache: Using Local data cache path C:/Users/McCaffrey/AppData/Local/UnrealEngine/4.4/DerivedDataCache: Writable
[2014.08.27-00.51.37:201][  0]LogMeshUtilities: No automatic mesh reduction module available
[2014.08.27-00.51.37:201][  0]LogMeshUtilities: No automatic mesh merging module available
[2014.08.27-00.51.37:513][  0]LogInit: WinSock: version 1.1 (2.2), MaxSocks=32767, MaxUdp=65467
[2014.08.27-00.51.38:145][  0]LogStats:Warning: MetaData mismatch. Did you assign a stat to two groups? New //STATGROUP_Threads//FMonitoredProcess///Thread_24a0_0///////STATCAT_Advanced//// old //STATGROUP_Threads//FMonitoredProcess///Thread_202c_0///////STATCAT_Advanced////
[2014.08.27-00.51.38:145][  0]UdpMessaging: Initializing bridge on interface 0.0.0.0:0 to multicast group 230.0.0.1:6666.
[2014.08.27-00.51.38:252][  0]SourceControl: Info Source control is disabled
[2014.08.27-00.51.38:252][  0]SourceControl: Info Source control is disabled
[2014.08.27-00.51.38:259][  0]SourceControl: Info Source control is disabled
[2014.08.27-00.51.38:417][  0]BlueprintLog: New page: Editor Load
[2014.08.27-00.51.38:503][  0]LogObj: 21438 objects as part of root set at end of initial load.
[2014.08.27-00.51.38:503][  0]LogUObjectAllocator: 4218656 out of 0 bytes used by permanent object pool.
[2014.08.27-00.51.38:672][  0]LogEngine: Initializing Engine...
[2014.08.27-00.51.38:756][  0]LogInit: XAudio2 using 'Speakers (Realtek High Definition Audio)' : 2 channels at 48 kHz using 32 bits per sample (channel mask 0x3)
[2014.08.27-00.51.38:764][  0]LogInit: FAudioDevice initialized.
[2014.08.27-00.51.38:781][  0]LogAIModule: Creating AISystem for world NewWorld
[2014.08.27-00.51.38:802][  0]LogDerivedDataCache: Saved boot cache 0.02s 39MB C:/Users/McCaffrey/AppData/Local/UnrealEngine/4.4/DerivedDataCache/Boot.ddc.
[2014.08.27-00.51.38:806][  0]LogInit: Texture streaming: Enabled
[2014.08.27-00.51.38:833][  0]LogInit: Transaction tracking system initialized
[2014.08.27-00.51.38:934][  0]LogAssetRegistry: FAssetRegistry took 0.0102 seconds to start up
[2014.08.27-00.51.39:347][  0]LogTargetPlatformManager:Display: Building Assets For Windows
[2014.08.27-00.51.39:615][  0]LogTargetPlatformManager:Display: Building Assets For Windows
[2014.08.27-00.51.39:730][  0]LogConsoleResponse:Display: 
[2014.08.27-00.51.39:888][  0]LogStats:Warning: MetaData mismatch. Did you assign a stat to two groups? New //STATGROUP_Threads//FMonitoredProcess///Thread_1ca0_0///////STATCAT_Advanced//// old //STATGROUP_Threads//FMonitoredProcess///Thread_202c_0///////STATCAT_Advanced////
[2014.08.27-00.51.39:888][  0]LogStats:Warning: MetaData mismatch. Did you assign a stat to two groups? New //STATGROUP_Threads//FMonitoredProcess///Thread_246c_0///////STATCAT_Advanced//// old //STATGROUP_Threads//FMonitoredProcess///Thread_202c_0///////STATCAT_Advanced////
[2014.08.27-00.51.39:888][  0]SourceControl: Info Source control is disabled
[2014.08.27-00.51.39:888][  0]Cmd: MAP LOAD FILE="F:/Unreal/GitHub/TP_SpaceShooterVR/Content/DefaultAsteroidField.umap" TEMPLATE=0 SHOWPROGRESS=1
[2014.08.27-00.51.39:888][  0]LightingResults: New page: Lighting Build
[2014.08.27-00.51.39:896][  0]MapCheck: New page: Map Check
[2014.08.27-00.51.39:896][  0]LightingResults: New page: Lighting Build
[2014.08.27-00.51.39:906][  0]LogParticles: Destroying 0 GPU particle simulations for FXSystem 0x000000182B9DE700
[2014.08.27-00.51.40:897][  0]LogLinker:Warning: Asset 'F:/Unreal/GitHub/TP_SpaceShooterVR/Content/Props/MaterialSphere.uasset' has been saved with empty engine version. The asset will be loaded but may be incompatible.
[2014.08.27-00.51.41:113][  0]LogEditorServer: Finished looking for orphan Actors (0.000 secs)
[2014.08.27-00.51.41:114][  0]LogAIModule: Creating AISystem for world DefaultAsteroidField
[2014.08.27-00.51.41:114][  0]Cmd: MAP CHECKDEP
[2014.08.27-00.51.41:114][  0]MapCheck: New page: DefaultAsteroidField - 27 Aug 2014 8:51:41 pm
[2014.08.27-00.51.41:212][  0]MapCheck: Info ========== Map Check: 0 Error(s), 0 Warning(s), [98.241ms] ==========
[2014.08.27-00.51.41:212][  0]LogFileHelpers: Loading map 'DefaultAsteroidField' took 1.324
[2014.08.27-00.51.41:325][  0]LogCollectionManager: Loaded 0 collections in 0.000899 seconds
[2014.08.27-00.51.41:479][  0]LogCrashTracker: Crashtracker disabled due to settings.
[2014.08.27-00.51.41:528][  0]LogLoad: Full Startup: 8.62 seconds (BP compile: 0.60 seconds)
[2014.08.27-00.51.41:538][  0]LogContentBrowser:Verbose: The content browser source was changed by the sources view to '/Game/Blueprints'
[2014.08.27-00.51.41:619][  0]LogRenderer:Warning: Reallocating scene render targets to support 32x32.
[2014.08.27-00.51.41:702][  0]LogRenderer:Warning: Reallocating scene render targets to support 1848x1256.
[2014.08.27-00.51.41:799][  1]LogAssetRegistry: Asset discovery search completed in 2.8756 seconds
[2014.08.27-00.51.48:702][466]LogContentBrowser:Verbose: The content browser source was changed by the sources view to '/Game/Character'
[2014.08.27-00.51.50:602][573]LogContentBrowser:Verbose: The content browser source was changed by the sources view to '/Game/Blueprints'
[2014.08.27-00.51.56:805][906]BlueprintLog: New page: Compile SpaceShooterPawn
[2014.08.27-00.51.57:114][906]BlueprintEditorCompileResults: Info [0024.01] Compile of SpaceShooterPawn successful! [in 30 ms]
[2014.08.27-00.52.14:203][972]LogContentBrowser:Verbose: The content browser source was changed by the sources view to '/Game/Character'
[2014.08.27-00.52.15:197][ 16]LogSkeletalMesh: InitArticulated: Bodies already created (/Engine/Transient.DebugSkelMeshComponent_0) - call TermArticulated first.
[2014.08.27-00.53.22:666][656]Cmd: OBJ SAVEPACKAGE PACKAGE="/Game/Blueprints/Asteroids" FILE="F:/Unreal/GitHub/TP_SpaceShooterVR/Content/Blueprints/Asteroids.uasset" SILENT=true
[2014.08.27-00.53.23:012][656]LogSavePackage: Save=285.392761ms
[2014.08.27-00.53.23:012][656]LogSavePackage: Moving 'F:/Unreal/GitHub/TP_SpaceShooterVR/Saved/Asteroids2E0BAA1A4141C2A6D93DE5B164D9439F.tmp' to 'F:/Unreal/GitHub/TP_SpaceShooterVR/Content/Blueprints/Asteroids.uasset'
[2014.08.27-00.53.23:051][656]Cmd: OBJ SAVEPACKAGE PACKAGE="/Game/Blueprints/VRCameraManager" FILE="F:/Unreal/GitHub/TP_SpaceShooterVR/Content/Blueprints/VRCameraManager.uasset" SILENT=true
[2014.08.27-00.53.23:135][656]LogSavePackage: Save=21.620338ms
[2014.08.27-00.53.23:135][656]LogSavePackage: Moving 'F:/Unreal/GitHub/TP_SpaceShooterVR/Saved/VRCameraManager689DBFE14D6AE5A830097E9A44419524.tmp' to 'F:/Unreal/GitHub/TP_SpaceShooterVR/Content/Blueprints/VRCameraManager.uasset'
[2014.08.27-00.53.23:140][656]Cmd: OBJ SAVEPACKAGE PACKAGE="/Game/Blueprints/VRSpaceShooterController" FILE="F:/Unreal/GitHub/TP_SpaceShooterVR/Content/Blueprints/VRSpaceShooterController.uasset" SILENT=true
[2014.08.27-00.53.23:326][656]LogSavePackage: Save=119.655106ms
[2014.08.27-00.53.23:326][656]LogSavePackage: Moving 'F:/Unreal/GitHub/TP_SpaceShooterVR/Saved/VRSpaceShooterControllerC43942BA49948EEF340BC18C60CCA4F8.tmp' to 'F:/Unreal/GitHub/TP_SpaceShooterVR/Content/Blueprints/VRSpaceShooterController.uasset'
[2014.08.27-00.53.23:353][656]Cmd: OBJ SAVEPACKAGE PACKAGE="/Game/Character/ModularTPP_AnimBlueprint" FILE="F:/Unreal/GitHub/TP_SpaceShooterVR/Content/Character/ModularTPP_AnimBlueprint.uasset" SILENT=true
[2014.08.27-00.53.23:801][656]LogSavePackage: Save=385.496399ms
[2014.08.27-00.53.23:801][656]LogSavePackage: Moving 'F:/Unreal/GitHub/TP_SpaceShooterVR/Saved/ModularTPP_AnimBlueprint530C11EA4F9C37245635DA8D844EFEF2.tmp' to 'F:/Unreal/GitHub/TP_SpaceShooterVR/Content/Character/ModularTPP_AnimBlueprint.uasset'
[2014.08.27-00.53.23:862][656]Cmd: OBJ SAVEPACKAGE PACKAGE="/Game/DefaultAsteroidField" FILE="F:/Unreal/GitHub/TP_SpaceShooterVR/Saved/Autosaves/Game/UEDPCDefaultAsteroidField.umap" SILENT=true AUTOSAVING=true KEEPDIRTY=true
[2014.08.27-00.53.23:967][656]LogSavePackage: Save=37.467785ms
[2014.08.27-00.53.23:967][656]LogSavePackage: Moving 'F:/Unreal/GitHub/TP_SpaceShooterVR/Saved/UEDPCDefaultAsteroidField425A511048A378883ED9BF9BC365F3E9.tmp' to 'F:/Unreal/GitHub/TP_SpaceShooterVR/Saved/Autosaves/Game/UEDPCDefaultAsteroidField.umap'
[2014.08.27-00.53.59:756][632]LogPropertyNode:Warning: UI Min (0) >= UI Max () for Ranged Numeric
[2014.08.27-00.54.45:323][157]LogContentBrowser:Verbose: The content browser source was changed by the sources view to '/Game/Blueprints'
[2014.08.27-00.54.58:561][811]LogSlate:Warning: GetFontFace failed to load or process 'Roboto-Regular'
[2014.08.27-00.54.58:561][811]LogSlate:Warning: GetFontFace failed to load or process 'Roboto-Regular'
[2014.08.27-00.54.58:563][811]LogSlate:Warning: GetFontFace failed to load or process 'Roboto-Regular'
[2014.08.27-00.54.58:563][811]LogSlate:Warning: GetFontFace failed to load or process 'Roboto-Regular'
[2014.08.27-00.54.58:563][811]LogSlate:Warning: GetFontFace failed to load or process 'Roboto-Regular'
[2014.08.27-00.54.58:563][811]LogSlate:Warning: GetFontFace failed to load or process 'Roboto-Regular'
[2014.08.27-00.54.58:563][811]LogSlate:Warning: GetFontFace failed to load or process 'Roboto-Regular'
[2014.08.27-00.54.58:563][811]LogSlate:Warning: GetFontFace failed to load or process 'Roboto-Regular'
[2014.08.27-00.54.58:564][811]LogSlate:Warning: GetFontFace failed to load or process 'Roboto-Regular'
[2014.08.27-00.54.58:564][811]LogSlate:Warning: GetFontFace failed to load or process 'Roboto-Regular'
[2014.08.27-00.54.58:564][811]LogSlate:Warning: GetFontFace failed to load or process 'Roboto-Regular'
[2014.08.27-00.54.58:564][811]LogSlate:Warning: GetFontFace failed to load or process 'Roboto-Regular'
[2014.08.27-00.54.58:564][811]LogSlate:Warning: GetFontFace failed to load or process 'Roboto-Regular'
[2014.08.27-00.54.58:564][811]LogSlate:Warning: GetFontFace failed to load or process 'Roboto-Regular'
[2014.08.27-00.54.58:564][811]LogSlate:Warning: GetFontFace failed to load or process 'Roboto-Regular'
[2014.08.27-00.54.58:564][811]LogSlate:Warning: GetFontFace failed to load or process 'Roboto-Regular'
[2014.08.27-00.54.58:564][811]LogSlate:Warning: GetFontFace failed to load or process 'Roboto-Regular'
[2014.08.27-00.54.58:564][811]LogSlate:Warning: GetFontFace failed to load or process 'Roboto-Regular'
[2014.08.27-00.55.08:581][204]LogSlate:Warning: GetFontFace failed to load or process 'Roboto-Regular'
[2014.08.27-00.55.08:581][204]LogSlate:Warning: GetFontFace failed to load or process 'Roboto-Regular'
[2014.08.27-00.55.08:581][204]LogSlate:Warning: GetFontFace failed to load or process 'Roboto-Regular'
[2014.08.27-00.55.08:582][204]LogSlate:Warning: GetFontFace failed to load or process 'Roboto-Regular'
[2014.08.27-00.55.08:582][204]LogSlate:Warning: GetFontFace failed to load or process 'Roboto-Regular'
[2014.08.27-00.55.08:582][204]LogSlate:Warning: GetFontFace failed to load or process 'Roboto-Regular'
[2014.08.27-00.55.29:091][967]Cmd: OBJ SAVEPACKAGE PACKAGE="/Game/Blueprints/SpaceShooterPawn" FILE="F:/Unreal/GitHub/TP_SpaceShooterVR/Content/Blueprints/SpaceShooterPawn.uasset" SILENT=true
[2014.08.27-00.55.29:432][967]LogSavePackage: Save=267.892853ms
[2014.08.27-00.55.29:432][967]LogSavePackage: Moving 'F:/Unreal/GitHub/TP_SpaceShooterVR/Saved/SpaceShooterPawn1B692C804F1397D4139531B77C0F9264.tmp' to 'F:/Unreal/GitHub/TP_SpaceShooterVR/Content/Blueprints/SpaceShooterPawn.uasset'
[2014.08.27-00.55.30:081][995]BlueprintLog: New page: Compile SpaceShooterPawn
[2014.08.27-00.55.30:330][995]BlueprintEditorCompileResults: Info [0237.31] Compile of SpaceShooterPawn successful! [in 44 ms]
[2014.08.27-00.55.33:651][ 74]Cmd: OBJ SAVEPACKAGE PACKAGE="/Game/Blueprints/Asteroids" FILE="F:/Unreal/GitHub/TP_SpaceShooterVR/Content/Blueprints/Asteroids.uasset" SILENT=true
[2014.08.27-00.55.33:762][ 74]LogSavePackage: Save=47.844975ms
[2014.08.27-00.55.33:762][ 74]LogSavePackage: Moving 'F:/Unreal/GitHub/TP_SpaceShooterVR/Saved/Asteroids1202DFC9423920615D829C851F1F4A79.tmp' to 'F:/Unreal/GitHub/TP_SpaceShooterVR/Content/Blueprints/Asteroids.uasset'
[2014.08.27-00.55.33:767][ 74]Cmd: OBJ SAVEPACKAGE PACKAGE="/Game/Blueprints/VRCameraManager" FILE="F:/Unreal/GitHub/TP_SpaceShooterVR/Content/Blueprints/VRCameraManager.uasset" SILENT=true
[2014.08.27-00.55.33:858][ 74]LogSavePackage: Save=29.095539ms
[2014.08.27-00.55.33:858][ 74]LogSavePackage: Moving 'F:/Unreal/GitHub/TP_SpaceShooterVR/Saved/VRCameraManagerBBBF171449C004DA425013A4A6E008E4.tmp' to 'F:/Unreal/GitHub/TP_SpaceShooterVR/Content/Blueprints/VRCameraManager.uasset'
[2014.08.27-00.55.33:863][ 74]Cmd: OBJ SAVEPACKAGE PACKAGE="/Game/Blueprints/VRSpaceShooterController" FILE="F:/Unreal/GitHub/TP_SpaceShooterVR/Content/Blueprints/VRSpaceShooterController.uasset" SILENT=true
[2014.08.27-00.55.34:047][ 74]LogSavePackage: Save=126.665215ms
[2014.08.27-00.55.34:047][ 74]LogSavePackage: Moving 'F:/Unreal/GitHub/TP_SpaceShooterVR/Saved/VRSpaceShooterControllerB897E765461960FD0AC3DD9FC200BD39.tmp' to 'F:/Unreal/GitHub/TP_SpaceShooterVR/Content/Blueprints/VRSpaceShooterController.uasset'
[2014.08.27-00.55.34:063][ 74]Cmd: OBJ SAVEPACKAGE PACKAGE="/Game/Character/ModularTPP_AnimBlueprint" FILE="F:/Unreal/GitHub/TP_SpaceShooterVR/Content/Character/ModularTPP_AnimBlueprint.uasset" SILENT=true
[2014.08.27-00.55.34:510][ 74]LogSavePackage: Save=383.960052ms
[2014.08.27-00.55.34:510][ 74]LogSavePackage: Moving 'F:/Unreal/GitHub/TP_SpaceShooterVR/Saved/ModularTPP_AnimBlueprint691289CF4956F7F4178570A4AC6CC771.tmp' to 'F:/Unreal/GitHub/TP_SpaceShooterVR/Content/Character/ModularTPP_AnimBlueprint.uasset'
[2014.08.27-00.55.34:557][ 74]Cmd: OBJ SAVEPACKAGE PACKAGE="/Game/DefaultAsteroidField" FILE="F:/Unreal/GitHub/TP_SpaceShooterVR/Saved/Autosaves/Game/UEDPCDefaultAsteroidField.umap" SILENT=true AUTOSAVING=true KEEPDIRTY=true
[2014.08.27-00.55.34:659][ 74]LogSavePackage: Save=39.411438ms
[2014.08.27-00.55.34:659][ 74]LogSavePackage: Moving 'F:/Unreal/GitHub/TP_SpaceShooterVR/Saved/UEDPCDefaultAsteroidField1F37D78C49F47907EC9607AE26E6A11F.tmp' to 'F:/Unreal/GitHub/TP_SpaceShooterVR/Saved/Autosaves/Game/UEDPCDefaultAsteroidField.umap'
[2014.08.27-00.56.09:575][558]BlueprintLog: New page: Compile SpaceShooterPawn
[2014.08.27-00.56.09:811][558]BlueprintEditorCompileResults: Info [0276.80] Compile of SpaceShooterPawn successful! [in 40 ms]
[2014.08.27-00.56.13:357][611]Cmd: OBJ SAVEPACKAGE PACKAGE="/Game/Blueprints/Asteroids" FILE="F:/Unreal/GitHub/TP_SpaceShooterVR/Content/Blueprints/Asteroids.uasset" SILENT=true
[2014.08.27-00.56.13:459][611]LogSavePackage: Save=41.321659ms
[2014.08.27-00.56.13:459][611]LogSavePackage: Moving 'F:/Unreal/GitHub/TP_SpaceShooterVR/Saved/Asteroids701BB5F44AAB6D4FF937B1B84FBDB23E.tmp' to 'F:/Unreal/GitHub/TP_SpaceShooterVR/Content/Blueprints/Asteroids.uasset'
[2014.08.27-00.56.13:486][611]Cmd: OBJ SAVEPACKAGE PACKAGE="/Game/Blueprints/SpaceShooterPawn" FILE="F:/Unreal/GitHub/TP_SpaceShooterVR/Content/Blueprints/SpaceShooterPawn.uasset" SILENT=true
[2014.08.27-00.56.13:799][611]LogSavePackage: Save=253.553299ms
[2014.08.27-00.56.13:799][611]LogSavePackage: Moving 'F:/Unreal/GitHub/TP_SpaceShooterVR/Saved/SpaceShooterPawnEC09DBE4436F7DAD761DF7B96A295556.tmp' to 'F:/Unreal/GitHub/TP_SpaceShooterVR/Content/Blueprints/SpaceShooterPawn.uasset'
[2014.08.27-00.56.13:803][611]Cmd: OBJ SAVEPACKAGE PACKAGE="/Game/Blueprints/VRCameraManager" FILE="F:/Unreal/GitHub/TP_SpaceShooterVR/Content/Blueprints/VRCameraManager.uasset" SILENT=true
[2014.08.27-00.56.13:895][611]LogSavePackage: Save=34.454952ms
[2014.08.27-00.56.13:895][611]LogSavePackage: Moving 'F:/Unreal/GitHub/TP_SpaceShooterVR/Saved/VRCameraManager27564FB14AB0CCCCDF5C5AB11C190A47.tmp' to 'F:/Unreal/GitHub/TP_SpaceShooterVR/Content/Blueprints/VRCameraManager.uasset'
[2014.08.27-00.56.13:900][611]Cmd: OBJ SAVEPACKAGE PACKAGE="/Game/Blueprints/VRSpaceShooterController" FILE="F:/Unreal/GitHub/TP_SpaceShooterVR/Content/Blueprints/VRSpaceShooterController.uasset" SILENT=true
[2014.08.27-00.56.14:090][611]LogSavePackage: Save=130.785934ms
[2014.08.27-00.56.14:091][611]LogSavePackage: Moving 'F:/Unreal/GitHub/TP_SpaceShooterVR/Saved/VRSpaceShooterController9FC0E2754C947722067EB898C06AE9D6.tmp' to 'F:/Unreal/GitHub/TP_SpaceShooterVR/Content/Blueprints/VRSpaceShooterController.uasset'
[2014.08.27-00.56.14:106][611]Cmd: OBJ SAVEPACKAGE PACKAGE="/Game/Character/ModularTPP_AnimBlueprint" FILE="F:/Unreal/GitHub/TP_SpaceShooterVR/Content/Character/ModularTPP_AnimBlueprint.uasset" SILENT=true
[2014.08.27-00.56.14:547][611]LogSavePackage: Save=380.110596ms
[2014.08.27-00.56.14:547][611]LogSavePackage: Moving 'F:/Unreal/GitHub/TP_SpaceShooterVR/Saved/ModularTPP_AnimBlueprint08AD62E449E62E74314CF5987914E013.tmp' to 'F:/Unreal/GitHub/TP_SpaceShooterVR/Content/Character/ModularTPP_AnimBlueprint.uasset'
[2014.08.27-00.56.14:594][611]Cmd: OBJ SAVEPACKAGE PACKAGE="/Game/DefaultAsteroidField" FILE="F:/Unreal/GitHub/TP_SpaceShooterVR/Saved/Autosaves/Game/UEDPCDefaultAsteroidField.umap" SILENT=true AUTOSAVING=true KEEPDIRTY=true
[2014.08.27-00.56.14:690][611]LogSavePackage: Save=35.121799ms
[2014.08.27-00.56.14:690][611]LogSavePackage: Moving 'F:/Unreal/GitHub/TP_SpaceShooterVR/Saved/UEDPCDefaultAsteroidFieldA8444C204F611D3264A6FB813EB8CA9B.tmp' to 'F:/Unreal/GitHub/TP_SpaceShooterVR/Saved/Autosaves/Game/UEDPCDefaultAsteroidField.umap'
[2014.08.27-00.56.41:709][595]BlueprintLog: New page: Compile ModularTPP_AnimBlueprint
[2014.08.27-00.56.41:847][595]BlueprintEditorCompileResults: Info [0308.84] Compile of ModularTPP_AnimBlueprint successful! [in 12 ms]
[2014.08.27-00.56.44:505][655]Cmd: OBJ SAVEPACKAGE PACKAGE="/Game/Blueprints/SpaceShooterPawn" FILE="F:/Unreal/GitHub/TP_SpaceShooterVR/Content/Blueprints/SpaceShooterPawn.uasset" SILENT=true
[2014.08.27-00.56.44:838][655]LogSavePackage: Save=258.389832ms
[2014.08.27-00.56.44:838][655]LogSavePackage: Moving 'F:/Unreal/GitHub/TP_SpaceShooterVR/Saved/SpaceShooterPawnA1FA11C8434999C7312DABBBDA9F5ECB.tmp' to 'F:/Unreal/GitHub/TP_SpaceShooterVR/Content/Blueprints/SpaceShooterPawn.uasset'
[2014.08.27-00.56.44:864][655]Cmd: OBJ SAVEPACKAGE PACKAGE="/Game/Character/ModularTPP_AnimBlueprint" FILE="F:/Unreal/GitHub/TP_SpaceShooterVR/Content/Character/ModularTPP_AnimBlueprint.uasset" SILENT=true
[2014.08.27-00.56.45:319][655]LogSavePackage: Save=395.774170ms
[2014.08.27-00.56.45:319][655]LogSavePackage: Moving 'F:/Unreal/GitHub/TP_SpaceShooterVR/Saved/ModularTPP_AnimBlueprintA6A6B9CF44B17641AC98D698EECE4AC8.tmp' to 'F:/Unreal/GitHub/TP_SpaceShooterVR/Content/Character/ModularTPP_AnimBlueprint.uasset'
[2014.08.27-00.56.45:362][655]Cmd: OBJ SAVEPACKAGE PACKAGE="/Game/DefaultAsteroidField" FILE="F:/Unreal/GitHub/TP_SpaceShooterVR/Saved/Autosaves/Game/UEDPCDefaultAsteroidField.umap" SILENT=true AUTOSAVING=true KEEPDIRTY=true
[2014.08.27-00.56.45:457][655]LogSavePackage: Save=35.117985ms
[2014.08.27-00.56.45:457][655]LogSavePackage: Moving 'F:/Unreal/GitHub/TP_SpaceShooterVR/Saved/UEDPCDefaultAsteroidField1F798B2E4AD199B7895CA190EA44D785.tmp' to 'F:/Unreal/GitHub/TP_SpaceShooterVR/Saved/Autosaves/Game/UEDPCDefaultAsteroidField.umap'
[2014.08.27-00.57.46:287][254]Cmd: OBJ SAVEPACKAGE PACKAGE="/Game/Character/ModularTPP_AnimBlueprint" FILE="F:/Unreal/GitHub/TP_SpaceShooterVR/Content/Character/ModularTPP_AnimBlueprint.uasset" SILENT=true
[2014.08.27-00.57.46:741][254]LogSavePackage: Save=392.026733ms
[2014.08.27-00.57.46:741][254]LogSavePackage: Moving 'F:/Unreal/GitHub/TP_SpaceShooterVR/Saved/ModularTPP_AnimBlueprintCA17B18B4F263C0C57001AA2182FC588.tmp' to 'F:/Unreal/GitHub/TP_SpaceShooterVR/Content/Character/ModularTPP_AnimBlueprint.uasset'
[2014.08.27-00.57.46:785][254]Cmd: OBJ SAVEPACKAGE PACKAGE="/Game/DefaultAsteroidField" FILE="F:/Unreal/GitHub/TP_SpaceShooterVR/Saved/Autosaves/Game/UEDPCDefaultAsteroidField.umap" SILENT=true AUTOSAVING=true KEEPDIRTY=true
[2014.08.27-00.57.46:878][254]LogSavePackage: Save=35.688942ms
[2014.08.27-00.57.46:878][254]LogSavePackage: Moving 'F:/Unreal/GitHub/TP_SpaceShooterVR/Saved/UEDPCDefaultAsteroidField38B422F1464557077FFB63B1FB331751.tmp' to 'F:/Unreal/GitHub/TP_SpaceShooterVR/Saved/Autosaves/Game/UEDPCDefaultAsteroidField.umap'
[2014.08.27-00.58.09:316][226]LogSlate:Warning: GetFontFace failed to load or process 'Roboto-Regular'
[2014.08.27-00.58.27:900][999]BlueprintLog: New page: Compile ModularTPP_AnimBlueprint
[2014.08.27-00.58.28:062][999]BlueprintEditorCompileResults: Info [0415.04] Compile of ModularTPP_AnimBlueprint successful! [in 11 ms]
[2014.08.27-00.58.30:622][ 53]Cmd: OBJ SAVEPACKAGE PACKAGE="/Game/Character/ModularTPP_AnimBlueprint" FILE="F:/Unreal/GitHub/TP_SpaceShooterVR/Content/Character/ModularTPP_AnimBlueprint.uasset" SILENT=true
[2014.08.27-00.58.31:071][ 53]LogSavePackage: Save=387.227448ms
[2014.08.27-00.58.31:071][ 53]LogSavePackage: Moving 'F:/Unreal/GitHub/TP_SpaceShooterVR/Saved/ModularTPP_AnimBlueprintADEFC3A049E6C1DEC2A2EB91668A327C.tmp' to 'F:/Unreal/GitHub/TP_SpaceShooterVR/Content/Character/ModularTPP_AnimBlueprint.uasset'
[2014.08.27-00.58.31:117][ 53]Cmd: OBJ SAVEPACKAGE PACKAGE="/Game/DefaultAsteroidField" FILE="F:/Unreal/GitHub/TP_SpaceShooterVR/Saved/Autosaves/Game/UEDPCDefaultAsteroidField.umap" SILENT=true AUTOSAVING=true KEEPDIRTY=true
[2014.08.27-00.58.31:225][ 53]LogSavePackage: Save=38.456619ms
[2014.08.27-00.58.31:225][ 53]LogSavePackage: Moving 'F:/Unreal/GitHub/TP_SpaceShooterVR/Saved/UEDPCDefaultAsteroidField42397EF744D5FC22E9B127A1362112AA.tmp' to 'F:/Unreal/GitHub/TP_SpaceShooterVR/Saved/Autosaves/Game/UEDPCDefaultAsteroidField.umap'
[2014.08.27-00.58.47:408][648]BlueprintLog: New page: Compile ModularTPP_AnimBlueprint
[2014.08.27-00.58.47:557][648]BlueprintEditorCompileResults: Info [0434.55] Compile of ModularTPP_AnimBlueprint successful! [in 10 ms]
[2014.08.27-00.58.49:888][694]Cmd: OBJ SAVEPACKAGE PACKAGE="/Game/Character/ModularTPP_AnimBlueprint" FILE="F:/Unreal/GitHub/TP_SpaceShooterVR/Content/Character/ModularTPP_AnimBlueprint.uasset" SILENT=true
[2014.08.27-00.58.50:343][694]LogSavePackage: Save=377.698334ms
[2014.08.27-00.58.50:343][694]LogSavePackage: Moving 'F:/Unreal/GitHub/TP_SpaceShooterVR/Saved/ModularTPP_AnimBlueprint4053EC5C42E46CE6FB05909B6309DDB4.tmp' to 'F:/Unreal/GitHub/TP_SpaceShooterVR/Content/Character/ModularTPP_AnimBlueprint.uasset'
[2014.08.27-00.58.50:395][694]Cmd: OBJ SAVEPACKAGE PACKAGE="/Game/DefaultAsteroidField" FILE="F:/Unreal/GitHub/TP_SpaceShooterVR/Saved/Autosaves/Game/UEDPCDefaultAsteroidField.umap" SILENT=true AUTOSAVING=true KEEPDIRTY=true
[2014.08.27-00.58.50:498][694]LogSavePackage: Save=39.474194ms
[2014.08.27-00.58.50:498][694]LogSavePackage: Moving 'F:/Unreal/GitHub/TP_SpaceShooterVR/Saved/UEDPCDefaultAsteroidField17D5659C4B6D3E8DBDC7F5BEA6150B7A.tmp' to 'F:/Unreal/GitHub/TP_SpaceShooterVR/Saved/Autosaves/Game/UEDPCDefaultAsteroidField.umap'
[2014.08.27-01.01.10:330][526]Cmd: OBJ SAVEPACKAGE PACKAGE="/Game/Character/ModularTPP_AnimBlueprint" FILE="F:/Unreal/GitHub/TP_SpaceShooterVR/Content/Character/ModularTPP_AnimBlueprint.uasset" SILENT=true
[2014.08.27-01.01.10:764][526]LogSavePackage: Save=371.590240ms
[2014.08.27-01.01.10:764][526]LogSavePackage: Moving 'F:/Unreal/GitHub/TP_SpaceShooterVR/Saved/ModularTPP_AnimBlueprint5D2A8FBA422DEBDBF01D24967E97B119.tmp' to 'F:/Unreal/GitHub/TP_SpaceShooterVR/Content/Character/ModularTPP_AnimBlueprint.uasset'
[2014.08.27-01.01.12:119][596]BlueprintLog: New page: Compile ModularTPP_AnimBlueprint
[2014.08.27-01.01.12:272][596]BlueprintEditorCompileResults: Info [0579.27] Compile of ModularTPP_AnimBlueprint successful! [in 10 ms]
[2014.08.27-01.01.13:293][644]Cmd: OBJ SAVEPACKAGE PACKAGE="/Game/Character/ModularTPP_AnimBlueprint" FILE="F:/Unreal/GitHub/TP_SpaceShooterVR/Content/Character/ModularTPP_AnimBlueprint.uasset" SILENT=true
[2014.08.27-01.01.13:742][644]LogSavePackage: Save=388.259979ms
[2014.08.27-01.01.13:742][644]LogSavePackage: Moving 'F:/Unreal/GitHub/TP_SpaceShooterVR/Saved/ModularTPP_AnimBlueprint89F5BA9044B1EFF6D3E72A82700D4D43.tmp' to 'F:/Unreal/GitHub/TP_SpaceShooterVR/Content/Character/ModularTPP_AnimBlueprint.uasset'
[2014.08.27-01.01.21:580][ 51]Cmd: OBJ SAVEPACKAGE PACKAGE="/Game/Character/ModularTPP_AnimBlueprint" FILE="F:/Unreal/GitHub/TP_SpaceShooterVR/Content/Character/ModularTPP_AnimBlueprint.uasset" SILENT=true
[2014.08.27-01.01.22:029][ 51]LogSavePackage: Save=388.284302ms
[2014.08.27-01.01.22:029][ 51]LogSavePackage: Moving 'F:/Unreal/GitHub/TP_SpaceShooterVR/Saved/ModularTPP_AnimBlueprintD9024C374529A01F8EC3C0A9DCC4CA03.tmp' to 'F:/Unreal/GitHub/TP_SpaceShooterVR/Content/Character/ModularTPP_AnimBlueprint.uasset'
[2014.08.27-01.01.22:547][ 80]BlueprintLog: New page: Compile ModularTPP_AnimBlueprint
[2014.08.27-01.01.22:676][ 80]BlueprintEditorCompileResults: Info [0589.68] Compile of ModularTPP_AnimBlueprint successful! [in 11 ms]
[2014.08.27-01.02.24:097][ 81]BlueprintLog: New page: Compile SpaceShooterPawn
[2014.08.27-01.02.24:332][ 81]BlueprintEditorCompileResults: Info [0651.31] Compile of SpaceShooterPawn successful! [in 37 ms]
[2014.08.27-01.02.27:630][171]Cmd: OBJ SAVEPACKAGE PACKAGE="/Game/Blueprints/Asteroids" FILE="F:/Unreal/GitHub/TP_SpaceShooterVR/Content/Blueprints/Asteroids.uasset" SILENT=true
[2014.08.27-01.02.27:750][171]LogSavePackage: Save=55.438061ms
[2014.08.27-01.02.27:750][171]LogSavePackage: Moving 'F:/Unreal/GitHub/TP_SpaceShooterVR/Saved/Asteroids4D4F0A5548294306C0250E967E3C0CB2.tmp' to 'F:/Unreal/GitHub/TP_SpaceShooterVR/Content/Blueprints/Asteroids.uasset'
[2014.08.27-01.02.27:789][171]Cmd: OBJ SAVEPACKAGE PACKAGE="/Game/Blueprints/SpaceShooterPawn" FILE="F:/Unreal/GitHub/TP_SpaceShooterVR/Content/Blueprints/SpaceShooterPawn.uasset" SILENT=true
[2014.08.27-01.02.28:120][171]LogSavePackage: Save=261.444031ms
[2014.08.27-01.02.28:120][171]LogSavePackage: Moving 'F:/Unreal/GitHub/TP_SpaceShooterVR/Saved/SpaceShooterPawn65C03AE74D619A635997D6890B97618D.tmp' to 'F:/Unreal/GitHub/TP_SpaceShooterVR/Content/Blueprints/SpaceShooterPawn.uasset'
[2014.08.27-01.02.28:137][171]Cmd: OBJ SAVEPACKAGE PACKAGE="/Game/Blueprints/VRCameraManager" FILE="F:/Unreal/GitHub/TP_SpaceShooterVR/Content/Blueprints/VRCameraManager.uasset" SILENT=true
[2014.08.27-01.02.28:230][171]LogSavePackage: Save=32.309837ms
[2014.08.27-01.02.28:230][171]LogSavePackage: Moving 'F:/Unreal/GitHub/TP_SpaceShooterVR/Saved/VRCameraManager7A6680E646B4C5D09878B0B249B50CE3.tmp' to 'F:/Unreal/GitHub/TP_SpaceShooterVR/Content/Blueprints/VRCameraManager.uasset'
[2014.08.27-01.02.28:239][171]Cmd: OBJ SAVEPACKAGE PACKAGE="/Game/Blueprints/VRSpaceShooterController" FILE="F:/Unreal/GitHub/TP_SpaceShooterVR/Content/Blueprints/VRSpaceShooterController.uasset" SILENT=true
[2014.08.27-01.02.28:461][171]LogSavePackage: Save=159.395279ms
[2014.08.27-01.02.28:461][171]LogSavePackage: Moving 'F:/Unreal/GitHub/TP_SpaceShooterVR/Saved/VRSpaceShooterControllerD22213BD4D4D576EF378B8B69E92C126.tmp' to 'F:/Unreal/GitHub/TP_SpaceShooterVR/Content/Blueprints/VRSpaceShooterController.uasset'
[2014.08.27-01.02.28:488][171]Cmd: OBJ SAVEPACKAGE PACKAGE="/Game/Character/ModularTPP_AnimBlueprint" FILE="F:/Unreal/GitHub/TP_SpaceShooterVR/Content/Character/ModularTPP_AnimBlueprint.uasset" SILENT=true
[2014.08.27-01.02.28:952][171]LogSavePackage: Save=404.453156ms
[2014.08.27-01.02.28:952][171]LogSavePackage: Moving 'F:/Unreal/GitHub/TP_SpaceShooterVR/Saved/ModularTPP_AnimBlueprint3CFA75D9432B6BB9EC65E38AFB20564B.tmp' to 'F:/Unreal/GitHub/TP_SpaceShooterVR/Content/Character/ModularTPP_AnimBlueprint.uasset'
[2014.08.27-01.02.29:012][171]Cmd: OBJ SAVEPACKAGE PACKAGE="/Game/DefaultAsteroidField" FILE="F:/Unreal/GitHub/TP_SpaceShooterVR/Saved/Autosaves/Game/UEDPCDefaultAsteroidField.umap" SILENT=true AUTOSAVING=true KEEPDIRTY=true
[2014.08.27-01.02.29:135][171]LogSavePackage: Save=53.561268ms
[2014.08.27-01.02.29:135][171]LogSavePackage: Moving 'F:/Unreal/GitHub/TP_SpaceShooterVR/Saved/UEDPCDefaultAsteroidFieldDF267FE44EF33FC1EE6DFD91B130557C.tmp' to 'F:/Unreal/GitHub/TP_SpaceShooterVR/Saved/Autosaves/Game/UEDPCDefaultAsteroidField.umap'
[2014.08.27-01.03.20:923][781]LogSlate:Warning: GetFontFace failed to load or process 'Roboto-Regular'
[2014.08.27-01.03.20:923][781]LogSlate:Warning: GetFontFace failed to load or process 'Roboto-Regular'
[2014.08.27-01.03.20:923][781]LogSlate:Warning: GetFontFace failed to load or process 'Roboto-Regular'
[2014.08.27-01.03.20:924][781]LogSlate:Warning: GetFontFace failed to load or process 'Roboto-Regular'
[2014.08.27-01.03.20:924][781]LogSlate:Warning: GetFontFace failed to load or process 'Roboto-Regular'
[2014.08.27-01.03.33:221][382]LogSlate:Warning: GetFontFace failed to load or process 'Roboto-Regular'
[2014.08.27-01.03.33:221][382]LogSlate:Warning: GetFontFace failed to load or process 'Roboto-Regular'
[2014.08.27-01.03.33:221][382]LogSlate:Warning: GetFontFace failed to load or process 'Roboto-Regular'
[2014.08.27-01.03.44:066][923]LogSlate:Warning: GetFontFace failed to load or process 'Roboto-Regular'
[2014.08.27-01.03.58:627][603]Cmd: OBJ SAVEPACKAGE PACKAGE="/Game/Character/ModularTPP_AnimBlueprint" FILE="F:/Unreal/GitHub/TP_SpaceShooterVR/Content/Character/ModularTPP_AnimBlueprint.uasset" SILENT=true
[2014.08.27-01.03.59:073][603]LogSavePackage: Save=386.402252ms
[2014.08.27-01.03.59:073][603]LogSavePackage: Moving 'F:/Unreal/GitHub/TP_SpaceShooterVR/Saved/ModularTPP_AnimBlueprintA110A0F54B6154528A98BCA488AD7B18.tmp' to 'F:/Unreal/GitHub/TP_SpaceShooterVR/Content/Character/ModularTPP_AnimBlueprint.uasset'
[2014.08.27-01.04.02:443][775]Cmd: OBJ SAVEPACKAGE PACKAGE="/Game/DefaultAsteroidField" FILE="F:/Unreal/GitHub/TP_SpaceShooterVR/Saved/Autosaves/Game/UEDPCDefaultAsteroidField.umap" SILENT=true AUTOSAVING=true KEEPDIRTY=true
[2014.08.27-01.04.02:561][775]LogSavePackage: Save=51.767761ms
[2014.08.27-01.04.02:561][775]LogSavePackage: Moving 'F:/Unreal/GitHub/TP_SpaceShooterVR/Saved/UEDPCDefaultAsteroidField47E7C88244A6DA059EA8938753FFAAE5.tmp' to 'F:/Unreal/GitHub/TP_SpaceShooterVR/Saved/Autosaves/Game/UEDPCDefaultAsteroidField.umap'
[2014.08.27-01.07.53:028][734]Cmd: OBJ SAVEPACKAGE PACKAGE="/Game/Blueprints/SpaceShooterPawn" FILE="F:/Unreal/GitHub/TP_SpaceShooterVR/Content/Blueprints/SpaceShooterPawn.uasset" SILENT=true
[2014.08.27-01.07.53:320][734]LogSavePackage: Save=234.510025ms
[2014.08.27-01.07.53:320][734]LogSavePackage: Moving 'F:/Unreal/GitHub/TP_SpaceShooterVR/Saved/SpaceShooterPawn4F1A3F4643DE2EAEDB9B219A4F3C876C.tmp' to 'F:/Unreal/GitHub/TP_SpaceShooterVR/Content/Blueprints/SpaceShooterPawn.uasset'
[2014.08.27-01.07.53:661][735]Cmd: QUIT_EDITOR
[2014.08.27-01.07.53:762][735]LogWindowsTextInputMethodSystem:Error: Terminating failed while unadvising the language notification sink from the TSF source.
[2014.08.27-01.07.53:763][735]LogExit: Preparing to exit.
[2014.08.27-01.07.54:946][735]LogExit: Editor shut down
[2014.08.27-01.07.54:946][735]LogExit: Transaction tracking system shut down
[2014.08.27-01.07.54:948][735]LogParticles: Destroying 0 GPU particle simulations for FXSystem 0x0000001832C16CA0
[2014.08.27-01.07.54:948][735]LogParticles: Destroying 0 GPU particle simulations for FXSystem 0x0000001838B24C20
[2014.08.27-01.07.54:948][735]LogParticles: Destroying 0 GPU particle simulations for FXSystem 0x0000001838B242C0
[2014.08.27-01.07.54:948][735]LogParticles: Destroying 0 GPU particle simulations for FXSystem 0x000000183BE87420
[2014.08.27-01.07.54:948][735]LogParticles: Destroying 0 GPU particle simulations for FXSystem 0x000000183BD1FC40
[2014.08.27-01.07.54:971][735]LogParticles: Destroying 0 GPU particle simulations for FXSystem 0x0000001825D23380
[2014.08.27-01.07.54:971][735]LogParticles: Destroying 0 GPU particle simulations for FXSystem 0x000000183FB5B740
[2014.08.27-01.07.54:971][735]LogParticles: Destroying 0 GPU particle simulations for FXSystem 0x00000018257CCD60
[2014.08.27-01.07.54:971][735]LogParticles: Destroying 0 GPU particle simulations for FXSystem 0x000000184D6CB740
[2014.08.27-01.07.54:971][735]LogExit: Object subsystem successfully closed.
[2014.08.27-01.07.55:010][735]LogModuleManager: Shutting down and abandoning module ExternalImagePicker (162)
[2014.08.27-01.07.55:010][735]LogModuleManager: Shutting down and abandoning module AndroidDeviceDetection (161)
[2014.08.27-01.07.55:010][735]LogModuleManager: Shutting down and abandoning module HTTP (160)
[2014.08.27-01.07.55:010][735]LogModuleManager: Shutting down and abandoning module CrashTracker (159)
[2014.08.27-01.07.55:010][735]LogModuleManager: Shutting down and abandoning module SuperSearch (158)
[2014.08.27-01.07.55:010][735]LogModuleManager: Shutting down and abandoning module SceneOutliner (157)
[2014.08.27-01.07.55:010][735]LogModuleManager: Shutting down and abandoning module EditorWidgets (156)
[2014.08.27-01.07.55:010][735]LogModuleManager: Shutting down and abandoning module CollectionManager (155)
[2014.08.27-01.07.55:010][735]LogModuleManager: Shutting down and abandoning module StatsViewer (154)
[2014.08.27-01.07.55:010][735]LogModuleManager: Shutting down and abandoning module FoliageEdit (153)
[2014.08.27-01.07.55:010][735]LogModuleManager: Shutting down and abandoning module LandscapeEditor (152)
[2014.08.27-01.07.55:010][735]LogModuleManager: Shutting down and abandoning module MeshPaint (151)
[2014.08.27-01.07.55:010][735]LogModuleManager: Shutting down and abandoning module ActorPickerMode (150)
[2014.08.27-01.07.55:010][735]LogModuleManager: Shutting down and abandoning module GeometryMode (149)
[2014.08.27-01.07.55:010][735]LogModuleManager: Shutting down and abandoning module TextureAlignMode (148)
[2014.08.27-01.07.55:010][735]LogModuleManager: Shutting down and abandoning module BspMode (147)
[2014.08.27-01.07.55:010][735]LogModuleManager: Shutting down and abandoning module PlacementMode (146)
[2014.08.27-01.07.55:010][735]LogModuleManager: Shutting down and abandoning module DesktopPlatform (145)
[2014.08.27-01.07.55:010][735]LogModuleManager: Shutting down and abandoning module AutomationWorker (144)
[2014.08.27-01.07.55:010][735]LogModuleManager: Shutting down and abandoning module EditorLiveStreaming (143)
[2014.08.27-01.07.55:010][735]LogModuleManager: Shutting down and abandoning module BehaviorTreeEditor (142)
[2014.08.27-01.07.55:010][735]LogModuleManager: Shutting down and abandoning module DeviceProfileEditor (141)
[2014.08.27-01.07.55:010][735]LogModuleManager: Shutting down and abandoning module UndoHistory (140)
[2014.08.27-01.07.55:010][735]LogModuleManager: Shutting down and abandoning module GameplayTagsEditor (139)
[2014.08.27-01.07.55:010][735]LogModuleManager: Shutting down and abandoning module UserFeedback (138)
[2014.08.27-01.07.55:010][735]LogModuleManager: Shutting down and abandoning module XmlParser (137)
[2014.08.27-01.07.55:010][735]LogModuleManager: Shutting down and abandoning module Blutility (136)
[2014.08.27-01.07.55:010][735]LogModuleManager: Shutting down and abandoning module IOSPlatformEditor (135)
[2014.08.27-01.07.55:010][735]LogModuleManager: Shutting down and abandoning module IOSRuntimeSettings (134)
[2014.08.27-01.07.55:010][735]LogModuleManager: Shutting down and abandoning module AndroidPlatformEditor (133)
[2014.08.27-01.07.55:010][735]LogModuleManager: Shutting down and abandoning module AndroidRuntimeSettings (132)
[2014.08.27-01.07.55:010][735]LogModuleManager: Shutting down and abandoning module ProjectTargetPlatformEditor (131)
[2014.08.27-01.07.55:011][735]LogModuleManager: Shutting down and abandoning module ProjectSettingsViewer (130)
[2014.08.27-01.07.55:011][735]LogModuleManager: Shutting down and abandoning module InputBindingEditor (129)
[2014.08.27-01.07.55:011][735]LogModuleManager: Shutting down and abandoning module EditorSettingsViewer (128)
[2014.08.27-01.07.55:011][735]LogModuleManager: Shutting down and abandoning module SettingsEditor (127)
[2014.08.27-01.07.55:011][735]LogModuleManager: Shutting down and abandoning module SessionLauncher (126)
[2014.08.27-01.07.55:011][735]LogModuleManager: Shutting down and abandoning module SessionFrontend (125)
[2014.08.27-01.07.55:011][735]LogModuleManager: Shutting down and abandoning module ProfilerClient (124)
[2014.08.27-01.07.55:011][735]LogModuleManager: Shutting down and abandoning module TargetDeviceServices (123)
[2014.08.27-01.07.55:011][735]LogModuleManager: Shutting down and abandoning module DeviceManager (122)
[2014.08.27-01.07.55:011][735]LogModuleManager: Shutting down and abandoning module AutomationController (121)
[2014.08.27-01.07.55:011][735]LogModuleManager: Shutting down and abandoning module AutomationWindow (120)
[2014.08.27-01.07.55:011][735]LogModuleManager: Shutting down and abandoning module Layers (119)
[2014.08.27-01.07.55:011][735]LogModuleManager: Shutting down and abandoning module ComponentVisualizers (118)
[2014.08.27-01.07.55:011][735]LogModuleManager: Shutting down and abandoning module DetailCustomizations (117)
[2014.08.27-01.07.55:011][735]LogModuleManager: Shutting down and abandoning module PackagesDialog (116)
[2014.08.27-01.07.55:011][735]LogModuleManager: Shutting down and abandoning module DirectoryWatcher (115)
[2014.08.27-01.07.55:011][735]LogModuleManager: Shutting down and abandoning module AssetRegistry (114)
[2014.08.27-01.07.55:025][735]LogModuleManager: Shutting down and abandoning module Persona (113)
[2014.08.27-01.07.55:025][735]LogModuleManager: Shutting down and abandoning module GraphEditor (112)
[2014.08.27-01.07.55:025][735]LogModuleManager: Shutting down and abandoning module ClassViewer (111)
[2014.08.27-01.07.55:025][735]LogModuleManager: Shutting down and abandoning module Toolbox (110)
[2014.08.27-01.07.55:025][735]LogModuleManager: Shutting down and abandoning module ModuleUI (109)
[2014.08.27-01.07.55:025][735]LogModuleManager: Shutting down and abandoning module Sequencer (108)
[2014.08.27-01.07.55:025][735]LogModuleManager: Shutting down and abandoning module MovieSceneTools (107)
[2014.08.27-01.07.55:025][735]LogModuleManager: Shutting down and abandoning module OutputLog (106)
[2014.08.27-01.07.55:025][735]LogModuleManager: Shutting down and abandoning module GammaUI (105)
[2014.08.27-01.07.55:025][735]LogModuleManager: Shutting down and abandoning module Documentation (104)
[2014.08.27-01.07.55:025][735]LogModuleManager: Shutting down and abandoning module GameLiveStreaming (103)
[2014.08.27-01.07.55:025][735]LogModuleManager: Shutting down and abandoning module StreamingPauseRendering (102)
[2014.08.27-01.07.55:025][735]LogModuleManager: Shutting down and abandoning module AnalyticsET (101)
[2014.08.27-01.07.55:025][735]LogModuleManager: Shutting down and abandoning module Analytics (100)
[2014.08.27-01.07.55:025][735]LogModuleManager: Shutting down and abandoning module GameplayDebugger (99)
[2014.08.27-01.07.55:025][735]LogModuleManager: Shutting down and abandoning module AIModule (98)
[2014.08.27-01.07.55:025][735]LogModuleManager: Shutting down and abandoning module ProfilerService (97)
[2014.08.27-01.07.55:257][735]LogModuleManager: Shutting down and abandoning module TaskGraph (96)
[2014.08.27-01.07.55:257][735]LogModuleManager: Shutting down and abandoning module SlateRemote (95)
[2014.08.27-01.07.55:257][735]LogModuleManager: Shutting down and abandoning module ScriptEditorPlugin (94)
[2014.08.27-01.07.55:257][735]LogModuleManager: Shutting down and abandoning module CustomMeshComponent (93)
[2014.08.27-01.07.55:257][735]LogModuleManager: Shutting down and abandoning module CableComponent (92)
[2014.08.27-01.07.55:257][735]LogModuleManager: Shutting down and abandoning module MessagingDebugger (91)
[2014.08.27-01.07.55:257][735]LogModuleManager: Shutting down and abandoning module ViewportSnapping (90)
[2014.08.27-01.07.55:257][735]LogModuleManager: Shutting down and abandoning module SmartSnapping (89)
[2014.08.27-01.07.55:257][735]LogModuleManager: Shutting down and abandoning module PaperTiledImporter (88)
[2014.08.27-01.07.55:257][735]LogModuleManager: Shutting down and abandoning module PaperJsonImporter (87)
[2014.08.27-01.07.55:257][735]LogModuleManager: Shutting down and abandoning module GameProjectGeneration (86)
[2014.08.27-01.07.55:257][735]LogModuleManager: Shutting down and abandoning module Matinee (85)
[2014.08.27-01.07.55:257][735]LogModuleManager: Shutting down and abandoning module Kismet (84)
[2014.08.27-01.07.55:257][735]LogModuleManager: Shutting down and abandoning module SlateReflector (83)
[2014.08.27-01.07.55:257][735]LogModuleManager: Shutting down and abandoning module LevelEditor (82)
[2014.08.27-01.07.55:258][735]LogModuleManager: Shutting down and abandoning module IntroTutorials (81)
[2014.08.27-01.07.55:258][735]LogModuleManager: Shutting down and abandoning module ContentBrowser (80)
[2014.08.27-01.07.55:258][735]LogModuleManager: Shutting down and abandoning module PropertyEditor (79)
[2014.08.27-01.07.55:258][735]LogModuleManager: Shutting down and abandoning module AssetTools (78)
[2014.08.27-01.07.55:258][735]LogModuleManager: Shutting down and abandoning module Paper2DEditor (77)
[2014.08.27-01.07.55:258][735]LogModuleManager: Shutting down and abandoning module SpeedTreeImporter (76)
[2014.08.27-01.07.55:258][735]LogModuleManager: Shutting down and abandoning module PluginsEditor (75)
[2014.08.27-01.07.55:258][735]LogModuleManager: Shutting down and abandoning module MainFrame (74)
[2014.08.27-01.07.55:258][735]LogModuleManager: Shutting down and abandoning module EpicSurvey (73)
[2014.08.27-01.07.55:258][735]LogModuleManager: Shutting down and abandoning module VisualStudioSourceCodeAccess (72)
[2014.08.27-01.07.55:258][735]LogModuleManager: Shutting down and abandoning module UObjectPlugin (71)
[2014.08.27-01.07.55:258][735]LogModuleManager: Shutting down and abandoning module SubversionSourceControl (70)
[2014.08.27-01.07.55:258][735]LogModuleManager: Shutting down and abandoning module SourceControl (69)
[2014.08.27-01.07.55:258][735]LogModuleManager: Shutting down and abandoning module PerforceSourceControl (68)
[2014.08.27-01.07.55:258][735]LogModuleManager: Shutting down and abandoning module BlankPlugin (67)
[2014.08.27-01.07.55:258][735]LogModuleManager: Shutting down and abandoning module ScriptPlugin (66)
[2014.08.27-01.07.55:258][735]LogModuleManager: Shutting down and abandoning module UdpMessaging (65)
[2014.08.27-01.07.55:360][735]LogModuleManager: Shutting down and abandoning module Paper2D (64)
[2014.08.27-01.07.55:360][735]LogModuleManager: Shutting down and abandoning module WindowsMoviePlayer (63)
[2014.08.27-01.07.55:362][735]LogModuleManager: Shutting down and abandoning module ImageWrapper (62)
[2014.08.27-01.07.55:362][735]LogModuleManager: Shutting down and abandoning module OnlineBlueprintSupport (61)
[2014.08.27-01.07.55:362][735]LogModuleManager: Shutting down and abandoning module FunctionalTesting (60)
[2014.08.27-01.07.55:362][735]LogModuleManager: Shutting down and abandoning module CollisionAnalyzer (59)
[2014.08.27-01.07.55:362][735]LogModuleManager: Shutting down and abandoning module WorkspaceMenuStructure (58)
[2014.08.27-01.07.55:362][735]LogModuleManager: Shutting down and abandoning module MessageLog (57)
[2014.08.27-01.07.55:362][735]LogModuleManager: Shutting down and abandoning module UMGEditor (56)
[2014.08.27-01.07.55:362][735]LogModuleManager: Shutting down and abandoning module UMG (55)
[2014.08.27-01.07.55:362][735]LogModuleManager: Shutting down and abandoning module Slate (54)
[2014.08.27-01.07.55:362][735]LogModuleManager: Shutting down and abandoning module EditorStyle (53)
[2014.08.27-01.07.55:364][735]LogModuleManager: Shutting down and abandoning module SessionServices (52)
[2014.08.27-01.07.55:364][735]LogModuleManager: Shutting down and abandoning module SourceCodeAccess (51)
[2014.08.27-01.07.55:364][735]LogModuleManager: Shutting down and abandoning module HeadMountedDisplay (50)
[2014.08.27-01.07.55:364][735]LogModuleManager: Shutting down and abandoning module XAudio2 (49)
[2014.08.27-01.07.55:364][735]LogModuleManager: Shutting down and abandoning module Networking (47)
[2014.08.27-01.07.55:364][735]LogModuleManager: Shutting down and abandoning module Core (46)
[2014.08.27-01.07.55:364][735]LogModuleManager: Shutting down and abandoning module KismetCompiler (45)
[2014.08.27-01.07.55:364][735]LogModuleManager: Shutting down and abandoning module PhysXFormats (44)
[2014.08.27-01.07.55:364][735]LogModuleManager: Shutting down and abandoning module MeshUtilities (43)
[2014.08.27-01.07.55:364][735]LogModuleManager: Shutting down and abandoning module DerivedDataCache (42)
[2014.08.27-01.07.55:435][735]LogDerivedDataCache: Shutdown
[2014.08.27-01.07.55:435][735]LogModuleManager: Shutting down and abandoning module ShaderFormatOpenGL (41)
[2014.08.27-01.07.55:435][735]LogModuleManager: Shutting down and abandoning module ShaderFormatD3D (40)
[2014.08.27-01.07.55:435][735]LogModuleManager: Shutting down and abandoning module MetalShaderFormat (39)
[2014.08.27-01.07.55:435][735]LogModuleManager: Shutting down and abandoning module TextureFormatUncompressed (38)
[2014.08.27-01.07.55:435][735]LogModuleManager: Shutting down and abandoning module TextureFormatPVR (37)
[2014.08.27-01.07.55:435][735]LogModuleManager: Shutting down and abandoning module TextureFormatDXT (36)
[2014.08.27-01.07.55:435][735]LogModuleManager: Shutting down and abandoning module TextureFormatAndroid (35)
[2014.08.27-01.07.55:435][735]LogModuleManager: Shutting down and abandoning module AudioFormatOpus (34)
[2014.08.27-01.07.55:435][735]LogModuleManager: Shutting down and abandoning module AudioFormatOgg (33)
[2014.08.27-01.07.55:435][735]LogModuleManager: Shutting down and abandoning module AudioFormatADPCM (32)
[2014.08.27-01.07.55:435][735]LogModuleManager: Shutting down and abandoning module Messaging (31)
[2014.08.27-01.07.55:435][735]LogModuleManager: Shutting down and abandoning module IOSTargetPlatform (30)
[2014.08.27-01.07.55:435][735]LogModuleManager: Shutting down and abandoning module Android_PVRTCTargetPlatform (29)
[2014.08.27-01.07.55:435][735]LogModuleManager: Shutting down and abandoning module Android_ETC2TargetPlatform (28)
[2014.08.27-01.07.55:435][735]LogModuleManager: Shutting down and abandoning module Android_ETC1TargetPlatform (27)
[2014.08.27-01.07.55:435][735]LogModuleManager: Shutting down and abandoning module Android_DXTTargetPlatform (26)
[2014.08.27-01.07.55:435][735]LogModuleManager: Shutting down and abandoning module Android_ATCTargetPlatform (25)
[2014.08.27-01.07.55:435][735]LogModuleManager: Shutting down and abandoning module AndroidTargetPlatform (24)
[2014.08.27-01.07.55:435][735]LogModuleManager: Shutting down and abandoning module WindowsTargetPlatform (23)
[2014.08.27-01.07.55:435][735]LogModuleManager: Shutting down and abandoning module WindowsServerTargetPlatform (22)
[2014.08.27-01.07.55:435][735]LogModuleManager: Shutting down and abandoning module WindowsNoEditorTargetPlatform (21)
[2014.08.27-01.07.55:435][735]LogModuleManager: Shutting down and abandoning module WindowsClientTargetPlatform (20)
[2014.08.27-01.07.55:435][735]LogModuleManager: Shutting down and abandoning module TargetPlatform (19)
[2014.08.27-01.07.55:435][735]LogModuleManager: Shutting down and abandoning module InputCore (18)
[2014.08.27-01.07.55:435][735]LogModuleManager: Shutting down and abandoning module Settings (17)
[2014.08.27-01.07.55:435][735]LogModuleManager: Shutting down and abandoning module ExampleDeviceProfileSelector (14)
[2014.08.27-01.07.55:435][735]LogModuleManager: Shutting down and abandoning module OculusRift (13)
[2014.08.27-01.07.55:435][735]LogModuleManager: Shutting down and abandoning module TextureCompressor (12)
[2014.08.27-01.07.55:435][735]LogModuleManager: Shutting down and abandoning module ShaderCore (11)
[2014.08.27-01.07.55:435][735]LogModuleManager: Shutting down and abandoning module OpenGLDrv (10)
[2014.08.27-01.07.55:435][735]LogModuleManager: Shutting down and abandoning module D3D11RHI (9)
[2014.08.27-01.07.55:435][735]LogModuleManager: Shutting down and abandoning module SlateRHIRenderer (8)
[2014.08.27-01.07.55:435][735]LogModuleManager: Shutting down and abandoning module Renderer (7)
[2014.08.27-01.07.55:435][735]LogModuleManager: Shutting down and abandoning module Engine (6)
[2014.08.27-01.07.55:435][735]LogModuleManager: Shutting down and abandoning module CoreUObject (5)
[2014.08.27-01.07.55:435][735]LogModuleManager: Shutting down and abandoning module NetworkFile (4)
[2014.08.27-01.07.55:435][735]LogModuleManager: Shutting down and abandoning module StreamingFile (3)
[2014.08.27-01.07.55:435][735]LogModuleManager: Shutting down and abandoning module SandboxFile (2)
[2014.08.27-01.07.55:435][735]LogModuleManager: Shutting down and abandoning module PakFile (1)
[2014.08.27-01.07.55:436][735]LogExit: Exiting.
[2014.08.27-01.07.55:441][735]Log file closed, 08/27/14 11:07:55
