Log file open, 07/08/14 23:24:18
LogInit:Display: Running engine for game: TP_VRSpaceShooter
LogInit: Version: 4.2.1-2101290+++depot+UE4-Releases+4.2
LogInit: Compiled (64-bit): Jun 10 2014 22:21:56
LogInit: Build Configuration: Development
LogInit: Branch Name: ++depot+UE4-Releases+4.2
LogInit: Command line:  
LogInit: Base directory: C:/Program Files/Unreal Engine/4.2/Engine/Binaries/Win64/
LogInit: Rocket: 1
[2014.07.08-13.24.18:675][  0]LogTaskGraph: Started task graph with 3 named threads and 4 total threads.
[2014.07.08-13.24.18:702][  0]LogOnline:Warning: No default platform service specified for OnlineSubsystem
[2014.07.08-13.24.18:709][  0]LogInit: Presizing for 0 objects not considered by GC, pre-allocating 0 bytes.
[2014.07.08-13.24.18:713][  0]LogInit: Object subsystem initialized
[2014.07.08-13.24.18:715][  0]LogInit: Selected Device Profile: [Windows]
[2014.07.08-13.24.18:715][  0]LogInit: Applying CVar settings loaded from the selected device profile: [Windows]
[2014.07.08-13.24.18:718][  0]LogInit: Computer: HOME
[2014.07.08-13.24.18:718][  0]LogInit: User: McCaffrey
[2014.07.08-13.24.18:719][  0]LogInit: CPU Page size=4096, Cores=4
[2014.07.08-13.24.18:720][  0]LogInit: High frequency timer resolution =3.410077 MHz
[2014.07.08-13.24.18:720][  0]LogMemory: Memory total: Physical=15.9GB (16GB approx) Virtual=131072.0GB
[2014.07.08-13.24.18:720][  0]LogMemory: Platform Memory Stats for Windows
[2014.07.08-13.24.18:720][  0]LogMemory: Process Physical Memory: 53.24 MB used, 53.24 MB peak
[2014.07.08-13.24.18:720][  0]LogMemory: Process Virtual Memory: 29.61 MB used, 29.61 MB peak
[2014.07.08-13.24.18:720][  0]LogMemory: Physical Memory: 4114.71 MB used, 16258.44 MB total
[2014.07.08-13.24.18:720][  0]LogMemory: Virtual Memory: 246.56 MB used, 134217728.00 MB total
[2014.07.08-13.24.18:744][  0]LogD3D11RHI: Found D3D11 adapter 0: NVIDIA GeForce GTX 770 (Feature Level 11_0)
[2014.07.08-13.24.18:744][  0]LogD3D11RHI: Adapter has 1985MB of dedicated video memory, 0MB of dedicated system memory, and 2048MB of shared system memory, 2 output[s]
[2014.07.08-13.24.18:749][  0]LogD3D11RHI: Found D3D11 adapter 1: Intel(R) HD Graphics 4600 (Feature Level 11_0)
[2014.07.08-13.24.18:749][  0]LogD3D11RHI: Adapter has 32MB of dedicated video memory, 0MB of dedicated system memory, and 1760MB of shared system memory, 0 output[s]
[2014.07.08-13.24.18:750][  0]LogD3D11RHI: Found D3D11 adapter 2: Microsoft Basic Render Driver (Feature Level 11_0)
[2014.07.08-13.24.18:750][  0]LogD3D11RHI: Adapter has 0MB of dedicated video memory, 0MB of dedicated system memory, and 256MB of shared system memory, 0 output[s]
[2014.07.08-13.24.18:750][  0]LogD3D11RHI: Chosen D3D11 Adapter Id = 0
[2014.07.08-13.24.18:754][  0]LogRHI: Texture pool is 1361 MB (70% of 1945 MB)
[2014.07.08-13.24.18:762][  0]LogD3D11RHI: Async texture creation enabled
[2014.07.08-13.24.18:847][  0]LogContentStreaming: Texture pool size is 0.000000MB
[2014.07.08-13.24.19:509][  0]LogTargetPlatformManager:Display: Building Assets For Windows
[2014.07.08-13.24.19:599][  0]LogTargetPlatformManager:Display: Building Assets For Windows
[2014.07.08-13.24.19:629][  0]LogDerivedDataCache:Display: Max Cache Size: 512 MB
[2014.07.08-13.24.19:662][  0]LogDerivedDataCache: Loaded boot cache 0.03s 39MB C:/Users/McCaffrey/AppData/Local/UnrealEngine/4.2/DerivedDataCache/Boot.ddc.
[2014.07.08-13.24.19:662][  0]LogDerivedDataCache:Display: Loaded Boot cache: C:/Users/McCaffrey/AppData/Local/UnrealEngine/4.2/DerivedDataCache/Boot.ddc
[2014.07.08-13.24.19:662][  0]LogDerivedDataCache: FDerivedDataBackendGraph:  Pak pak cache file ../../../Templates/TP_VRSpaceShooter/DerivedDataCache/DDC.ddp not found, will not use a pak cache.
[2014.07.08-13.24.19:662][  0]LogDerivedDataCache: Unable to find inner node Pak for hierarchical cache Hierarchy.
[2014.07.08-13.24.19:671][  0]LogDerivedDataCache:Display: Pak cache opened for reading ../../../Engine/DerivedDataCache/DDC.ddp.
[2014.07.08-13.24.19:683][  0]LogDerivedDataCache: Using Local data cache path C:/Users/McCaffrey/AppData/Local/UnrealEngine/4.2/DerivedDataCache: Writable
[2014.07.08-13.24.19:828][  0]LogMeshUtilities: No automatic mesh reduction module available
[2014.07.08-13.24.19:828][  0]LogMeshUtilities: No automatic mesh merging module available
[2014.07.08-13.24.20:113][  0]LogInit: WinSock: version 1.1 (2.2), MaxSocks=32767, MaxUdp=65467
[2014.07.08-13.24.20:408][  0]LogStreaming:Warning: Failed to read file '../../../Engine/Content/Editor/Slate/Icons/ActorIcons/GroupActor_16x.png' error.
[2014.07.08-13.24.20:408][  0]LogSlate: Could not find file for Slate resource: ../../../Engine/Content/Editor/Slate/Icons/ActorIcons/GroupActor_16x.png
[2014.07.08-13.24.20:412][  0]LogStreaming:Warning: Failed to read file '../../../Engine/Content/Editor/Slate/Icons/ActorIcons/DecalActor_16x.png' error.
[2014.07.08-13.24.20:412][  0]LogSlate: Could not find file for Slate resource: ../../../Engine/Content/Editor/Slate/Icons/ActorIcons/DecalActor_16x.png
[2014.07.08-13.24.20:637][  0]UdpMessaging: Initializing bridge on interface 0.0.0.0:0 to multicast group 230.0.0.1:6666.
[2014.07.08-13.24.20:744][  0]SourceControl: Info Source control is disabled
[2014.07.08-13.24.20:744][  0]SourceControl: Info Source control is disabled
[2014.07.08-13.24.20:752][  0]SourceControl: Info Source control is disabled
[2014.07.08-13.24.20:823][  0]BlueprintLog: New page: Editor Load
[2014.07.08-13.24.20:852][  0]LogObj: 19137 objects as part of root set at end of initial load.
[2014.07.08-13.24.20:852][  0]LogUObjectAllocator: 3804784 out of 0 bytes used by permanent object pool.
[2014.07.08-13.24.21:137][  0]LogEngine: Initializing Engine...
[2014.07.08-13.24.21:215][  0]LogInit: XAudio2 using 'Speakers (Realtek High Definition Audio)' : 2 channels at 48 kHz using 32 bits per sample (channel mask 0x3)
[2014.07.08-13.24.21:234][  0]LogInit: FAudioDevice initialized.
[2014.07.08-13.24.21:253][  0]LogDerivedDataCache: Saved boot cache 0.02s 39MB C:/Users/McCaffrey/AppData/Local/UnrealEngine/4.2/DerivedDataCache/Boot.ddc.
[2014.07.08-13.24.21:255][  0]LogInit: Texture streaming: Enabled
[2014.07.08-13.24.21:279][  0]LogInit: Transaction tracking system initialized
[2014.07.08-13.24.21:374][  0]LogAssetRegistry: FAssetRegistry took 0.0106 seconds to start up
[2014.07.08-13.24.21:512][  0]LogModuleManager:Warning: ModuleManager: Unable to load module '' because the file was not found.
[2014.07.08-13.24.21:520][  0]LogModuleManager:Warning: ModuleManager: Unable to load module '' because the file was not found.
[2014.07.08-13.24.21:561][  0]LogConsoleResponse:Display: 
[2014.07.08-13.24.21:738][  0]SourceControl: Info Source control is disabled
[2014.07.08-13.24.21:738][  0]Cmd: MAP LOAD FILE="../../../Templates/TP_VRSpaceShooter/Content/DefaultAsteroidField.umap" TEMPLATE=0 SHOWPROGRESS=1 WORLDCOMPOSITION=0
[2014.07.08-13.24.21:740][  0]LightingResults: New page: Lighting Build
[2014.07.08-13.24.21:747][  0]MapCheck: New page: Map Check
[2014.07.08-13.24.21:747][  0]LightingResults: New page: Lighting Build
[2014.07.08-13.24.21:755][  0]LogParticles: Destroying 0 GPU particle simulations for FXSystem 0x000000B8285C9580
[2014.07.08-13.24.22:591][  0]LogLinker:Warning: Asset '../../../Templates/TP_VRSpaceShooter/Content/Props/MaterialSphere.uasset' has been saved with empty engine version. The asset will be loaded but may be incompatible.
[2014.07.08-13.24.22:741][  0]LogEditorServer: Finished looking for orphan Actors (0.000 secs)
[2014.07.08-13.24.22:741][  0]Cmd: MAP CHECKDEP
[2014.07.08-13.24.22:741][  0]MapCheck: New page: DefaultAsteroidField - 09/07/2014 9:24:22 am
[2014.07.08-13.24.22:805][  0]MapCheck: Info ========== Map Check: 0 Error(s), 0 Warning(s), [63.183ms] ==========
[2014.07.08-13.24.22:805][  0]LogFileHelpers: Loading map 'DefaultAsteroidField' took 1.067
[2014.07.08-13.24.22:910][  0]LogCollectionManager: Loaded 0 collections in 0.000701 seconds
[2014.07.08-13.24.23:019][  0]LogCrashTracker: Crashtracker disabled due to settings.
[2014.07.08-13.24.23:019][  0]Cmd: MODE PLACEMENT
[2014.07.08-13.24.23:056][  0]LogLoad: Full Startup: 4.99 seconds (BP compile: 0.43 seconds)
[2014.07.08-13.24.23:071][  0]LogContentBrowser:Verbose: The content browser source was changed by the sources view to '/Game/Meshes'
[2014.07.08-13.24.23:134][  0]LogRenderer:Warning: Reallocating scene render targets to support 32x32.
[2014.07.08-13.24.23:193][  0]LogRenderer:Warning: Reallocating scene render targets to support 1608x1256.
[2014.07.08-13.24.23:297][  1]LogAssetRegistry: Asset discovery search completed in 1.9340 seconds
[2014.07.08-13.24.23:577][ 22]LogEpicSurvey:Warning: EnumerateFiles request failed. Invalid response. code=403 error=<?xml version="1.0" encoding="UTF-8"?>
<Error><Code>AccessDenied</Code><Message>Access Denied</Message><RequestId>8F910B559903677C</RequestId><HostId>lAMdBYSv04mt2iqkhtbkyeczravc091HKSKN3ORZhhBNNqZTj/KbML5e9YixPzna</HostId></Error>
[2014.07.08-13.24.23:588][ 23]LogEpicStorage:Warning: EnumerateFiles request failed. Invalid response. code=403 error=<?xml version="1.0" encoding="UTF-8"?>
<Error><Code>AccessDenied</Code><Message>Access Denied</Message><RequestId>1F30B9AED627F3F2</RequestId><HostId>wvUShSHR7+3/Io7AY1UDCNdTzjAIsYGaadOdCDLCqmX7H2IBcHyA6ULGKPGc3neG</HostId></Error>
[2014.07.08-13.24.23:644][ 28]LogEpicSurvey:Warning: EnumerateFiles request failed. Invalid response. code=403 error=<?xml version="1.0" encoding="UTF-8"?>
<Error><Code>AccessDenied</Code><Message>Access Denied</Message><RequestId>306C69DCE81E3C9C</RequestId><HostId>WtJ/TYSA7W5vpsjfI+PiJghN6XYTfqsylx/dg+s4VdlUkLc+XJ9FShYYQPpm2CiG</HostId></Error>
[2014.07.08-13.24.23:657][ 29]LogEpicStorage:Warning: EnumerateFiles request failed. Invalid response. code=403 error=<?xml version="1.0" encoding="UTF-8"?>
<Error><Code>AccessDenied</Code><Message>Access Denied</Message><RequestId>0932C50364C38E0A</RequestId><HostId>zv6aNadExl2yFG0+gUE6ZqXkhoF3HLIeWQL4yxwv4ajow+4AH0luOgEVDvXSmYGP</HostId></Error>
[2014.07.08-13.24.23:716][ 34]LogEpicSurvey:Warning: EnumerateFiles request failed. Invalid response. code=403 error=<?xml version="1.0" encoding="UTF-8"?>
<Error><Code>AccessDenied</Code><Message>Access Denied</Message><RequestId>F1D00A2FC121B0D7</RequestId><HostId>Fc/j1LkhVKQOqA3BF5nwFW7IDuGq8oAdvPYdIC7XXd31r4/k1n+n+qQ/6xEptKjF</HostId></Error>
[2014.07.08-13.24.23:862][ 46]LogEpicStorage:Warning: ReadFile request failed. File request already pending for filename=http://cdn.unrealengine.com/newsfeed/blueprint_icon_b.png
[2014.07.08-13.24.23:864][ 46]LogEpicStorage:Warning: ReadFile request failed. File request already pending for filename=http://cdn.unrealengine.com/newsfeed/blueprint_icon_b.png
[2014.07.08-13.24.30:261][678]LogPlayLevel: PIE:  No blueprints needed recompiling
[2014.07.08-13.24.30:261][678]PIE: New page: PIE session: DefaultAsteroidField (09/07/2014 9:24:30 am)
[2014.07.08-13.24.30:264][678]LogPlayLevel: PIE: StaticDuplicateObject took: (0.002742s)
[2014.07.08-13.24.30:264][678]LogPlayLevel: PIE: World Init took: (0.000328s)
[2014.07.08-13.24.30:264][678]LogPlayLevel: PIE: Created PIE world by copying editor world from /Game/DefaultAsteroidField.DefaultAsteroidField to /Game/UEDPIE_0_DefaultAsteroidField.DefaultAsteroidField (0.003238s)
[2014.07.08-13.24.30:264][678]LogWorld: Game class is 'SpaceShooterGameMode_C'
[2014.07.08-13.24.30:344][678]LogWorld: Bringing World /Game/UEDPIE_0_DefaultAsteroidField.DefaultAsteroidField up for play (max tick rate 0) at 2014.07.08-23.24.30
[2014.07.08-13.24.30:344][678]LogWorld: Bringing up level for play took: 0.039481
[2014.07.08-13.24.30:344][678]LogPlayerController: Spawned spectator SpectatorPawn_0 [server:1]
[2014.07.08-13.24.30:344][678]LogGameMode: RestartPlayer 256
[2014.07.08-13.24.30:347][678]LogPlayerController: ClientRestart_Implementation SpaceShooterPawn_C_0
[2014.07.08-13.24.30:347][678]LogPlayerController: ServerAcknowledgePossession_Implementation SpaceShooterPawn_C_0
[2014.07.08-13.24.30:350][678]Cmd: oculusdev on 
[2014.07.08-13.24.30:350][678]Command not recognized: oculusdev on 
[2014.07.08-13.24.30:350][678]Cmd: hmdwarp 1=1 
[2014.07.08-13.24.30:350][678]Command not recognized:  hmdwarp 1=1 
[2014.07.08-13.24.30:350][678]Cmd: hmdwarp s=1.3 
[2014.07.08-13.24.30:350][678]Command not recognized:  hmdwarp s=1.3 
[2014.07.08-13.24.30:350][678]Cmd: hmd sp 130.0
[2014.07.08-13.24.30:350][678]Command not recognized:  hmd sp 130.0
[2014.07.08-13.24.30:350][678]PIE: Info Play in editor start time for /Game/UEDPIE_0_DefaultAsteroidField 0.142
[2014.07.08-13.24.30:412][679]LogRenderer:Warning: Reallocating scene render targets to support 1608x1264.
[2014.07.08-13.24.44:021][ 53]LogParticles: Destroying 0 GPU particle simulations for FXSystem 0x000000B837099300
[2014.07.08-13.24.45:363][186]Cmd: QUIT_EDITOR
[2014.07.08-13.24.45:404][186]LogWindowsTextInputMethodSystem:Error: Terminating failed while unadvising the language notification sink from the TSF source.
[2014.07.08-13.24.45:406][186]LogExit: Preparing to exit.
[2014.07.08-13.24.45:725][186]LogExit: Editor shut down
[2014.07.08-13.24.45:725][186]LogExit: Transaction tracking system shut down
[2014.07.08-13.24.45:726][186]LogParticles: Destroying 0 GPU particle simulations for FXSystem 0x000000B825862B60
[2014.07.08-13.24.45:727][186]LogParticles: Destroying 0 GPU particle simulations for FXSystem 0x000000B832E6BC40
[2014.07.08-13.24.45:727][186]LogParticles: Destroying 0 GPU particle simulations for FXSystem 0x000000B83722BD80
[2014.07.08-13.24.45:743][186]LogParticles: Destroying 0 GPU particle simulations for FXSystem 0x000000B837A33E20
[2014.07.08-13.24.45:743][186]LogExit: Object subsystem successfully closed.
[2014.07.08-13.24.45:778][186]LogModuleManager: Shutting down and abandoning module AndroidDeviceDetection (163)
[2014.07.08-13.24.45:778][186]LogModuleManager: Shutting down and abandoning module CrashTracker (162)
[2014.07.08-13.24.45:778][186]LogModuleManager: Shutting down and abandoning module HTTP (161)
[2014.07.08-13.24.45:778][186]LogModuleManager: Shutting down and abandoning module NewsFeed (160)
[2014.07.08-13.24.45:778][186]LogModuleManager: Shutting down and abandoning module SceneOutliner (159)
[2014.07.08-13.24.45:778][186]LogModuleManager: Shutting down and abandoning module EditorWidgets (158)
[2014.07.08-13.24.45:778][186]LogModuleManager: Shutting down and abandoning module CollectionManager (157)
[2014.07.08-13.24.45:778][186]LogModuleManager: Shutting down and abandoning module StatsViewer (156)
[2014.07.08-13.24.45:778][186]LogModuleManager: Shutting down and abandoning module FoliageEdit (155)
[2014.07.08-13.24.45:778][186]LogModuleManager: Shutting down and abandoning module LandscapeEditor (154)
[2014.07.08-13.24.45:781][186]LogModuleManager: Shutting down and abandoning module MeshPaint (153)
[2014.07.08-13.24.45:781][186]LogModuleManager: Shutting down and abandoning module ActorPickerMode (152)
[2014.07.08-13.24.45:781][186]LogModuleManager: Shutting down and abandoning module GeometryMode (151)
[2014.07.08-13.24.45:781][186]LogModuleManager: Shutting down and abandoning module TextureAlignMode (150)
[2014.07.08-13.24.45:781][186]LogModuleManager: Shutting down and abandoning module BspMode (149)
[2014.07.08-13.24.45:781][186]LogModuleManager: Shutting down and abandoning module PlacementMode (148)
[2014.07.08-13.24.45:781][186]LogModuleManager: Shutting down and abandoning module AutomationWorker (147)
[2014.07.08-13.24.45:781][186]LogModuleManager: Shutting down and abandoning module ViewportSnapping (146)
[2014.07.08-13.24.45:781][186]LogModuleManager: Shutting down and abandoning module DeviceProfileEditor (145)
[2014.07.08-13.24.45:781][186]LogModuleManager: Shutting down and abandoning module UndoHistory (144)
[2014.07.08-13.24.45:781][186]LogModuleManager: Shutting down and abandoning module GameplayTagsEditor (143)
[2014.07.08-13.24.45:781][186]LogModuleManager: Shutting down and abandoning module UserFeedback (142)
[2014.07.08-13.24.45:781][186]LogModuleManager: Shutting down and abandoning module XmlParser (141)
[2014.07.08-13.24.45:781][186]LogModuleManager: Shutting down and abandoning module Blutility (140)
[2014.07.08-13.24.45:781][186]LogModuleManager: Shutting down and abandoning module AndroidPlatformEditor (137)
[2014.07.08-13.24.45:781][186]LogModuleManager: Shutting down and abandoning module AndroidRuntimeSettings (136)
[2014.07.08-13.24.45:781][186]LogModuleManager: Shutting down and abandoning module ProjectSettingsViewer (135)
[2014.07.08-13.24.45:781][186]LogModuleManager: Shutting down and abandoning module InputBindingEditor (134)
[2014.07.08-13.24.45:781][186]LogModuleManager: Shutting down and abandoning module EditorSettingsViewer (133)
[2014.07.08-13.24.45:781][186]LogModuleManager: Shutting down and abandoning module SettingsEditor (132)
[2014.07.08-13.24.45:781][186]LogModuleManager: Shutting down and abandoning module SessionLauncher (131)
[2014.07.08-13.24.45:781][186]LogModuleManager: Shutting down and abandoning module SessionFrontend (130)
[2014.07.08-13.24.45:781][186]LogModuleManager: Shutting down and abandoning module ProfilerClient (129)
[2014.07.08-13.24.45:781][186]LogModuleManager: Shutting down and abandoning module TargetDeviceServices (128)
[2014.07.08-13.24.45:782][186]LogModuleManager: Shutting down and abandoning module DeviceManager (127)
[2014.07.08-13.24.45:782][186]LogModuleManager: Shutting down and abandoning module AutomationController (126)
[2014.07.08-13.24.45:782][186]LogModuleManager: Shutting down and abandoning module AutomationWindow (125)
[2014.07.08-13.24.45:782][186]LogModuleManager: Shutting down and abandoning module Layers (124)
[2014.07.08-13.24.45:782][186]LogModuleManager: Shutting down and abandoning module ComponentVisualizers (123)
[2014.07.08-13.24.45:782][186]LogModuleManager: Shutting down and abandoning module DetailCustomizations (122)
[2014.07.08-13.24.45:782][186]LogModuleManager: Shutting down and abandoning module PackagesDialog (121)
[2014.07.08-13.24.45:782][186]LogModuleManager: Shutting down and abandoning module PropertyEditor (120)
[2014.07.08-13.24.45:782][186]LogModuleManager: Shutting down and abandoning module DirectoryWatcher (119)
[2014.07.08-13.24.45:782][186]LogModuleManager: Shutting down and abandoning module AssetRegistry (118)
[2014.07.08-13.24.45:856][186]LogModuleManager: Shutting down and abandoning module Persona (117)
[2014.07.08-13.24.45:856][186]LogModuleManager: Shutting down and abandoning module GraphEditor (116)
[2014.07.08-13.24.45:856][186]LogModuleManager: Shutting down and abandoning module ContentBrowser (115)
[2014.07.08-13.24.45:856][186]LogModuleManager: Shutting down and abandoning module ClassViewer (114)
[2014.07.08-13.24.45:856][186]LogModuleManager: Shutting down and abandoning module Toolbox (113)
[2014.07.08-13.24.45:856][186]LogModuleManager: Shutting down and abandoning module ModuleUI (112)
[2014.07.08-13.24.45:856][186]LogModuleManager: Shutting down and abandoning module Sequencer (111)
[2014.07.08-13.24.45:856][186]LogModuleManager: Shutting down and abandoning module AssetTools (110)
[2014.07.08-13.24.45:856][186]LogModuleManager: Shutting down and abandoning module MovieSceneTools (109)
[2014.07.08-13.24.45:856][186]LogModuleManager: Shutting down and abandoning module OutputLog (108)
[2014.07.08-13.24.45:856][186]LogModuleManager: Shutting down and abandoning module GammaUI (107)
[2014.07.08-13.24.45:856][186]LogModuleManager: Shutting down and abandoning module Documentation (106)
[2014.07.08-13.24.45:856][186]LogModuleManager: Shutting down and abandoning module StreamingPauseRendering (105)
[2014.07.08-13.24.45:856][186]LogModuleManager: Shutting down and abandoning module AnalyticsET (104)
[2014.07.08-13.24.45:856][186]LogModuleManager: Shutting down and abandoning module Analytics (103)
[2014.07.08-13.24.45:856][186]LogModuleManager: Shutting down and abandoning module ProfilerService (102)
[2014.07.08-13.24.45:898][186]LogModuleManager: Shutting down and abandoning module TaskGraph (101)
[2014.07.08-13.24.45:898][186]LogModuleManager: Shutting down and abandoning module GameProjectGeneration (100)
[2014.07.08-13.24.45:898][186]LogModuleManager: Shutting down and abandoning module Matinee (99)
[2014.07.08-13.24.45:898][186]LogModuleManager: Shutting down and abandoning module Kismet (98)
[2014.07.08-13.24.45:898][186]LogModuleManager: Shutting down and abandoning module SlateReflector (97)
[2014.07.08-13.24.45:898][186]LogModuleManager: Shutting down and abandoning module LevelEditor (96)
[2014.07.08-13.24.45:899][186]LogModuleManager: Shutting down and abandoning module MainFrame (95)
[2014.07.08-13.24.45:899][186]LogModuleManager: Shutting down and abandoning module SourceControl (94)
[2014.07.08-13.24.45:899][186]LogModuleManager: Shutting down and abandoning module ImageWrapper (93)
[2014.07.08-13.24.45:899][186]LogModuleManager: Shutting down and abandoning module OnlineBlueprintSupport (92)
[2014.07.08-13.24.45:899][186]LogModuleManager: Shutting down and abandoning module FunctionalTesting (91)
[2014.07.08-13.24.45:899][186]LogModuleManager: Shutting down and abandoning module CollisionAnalyzer (90)
[2014.07.08-13.24.45:899][186]LogModuleManager: Shutting down and abandoning module WorkspaceMenuStructure (89)
[2014.07.08-13.24.45:899][186]LogModuleManager: Shutting down and abandoning module MessageLog (88)
[2014.07.08-13.24.45:899][186]LogModuleManager: Shutting down and abandoning module Slate (87)
[2014.07.08-13.24.45:899][186]LogModuleManager: Shutting down and abandoning module EditorStyle (86)
[2014.07.08-13.24.45:900][186]LogModuleManager: Shutting down and abandoning module SessionServices (85)
[2014.07.08-13.24.45:900][186]LogModuleManager: Shutting down and abandoning module Messaging (84)
[2014.07.08-13.24.45:900][186]LogModuleManager: Shutting down and abandoning module SourceCodeAccess (83)
[2014.07.08-13.24.45:900][186]LogModuleManager: Shutting down and abandoning module HeadMountedDisplay (82)
[2014.07.08-13.24.45:900][186]LogModuleManager: Shutting down and abandoning module XAudio2 (81)
[2014.07.08-13.24.45:900][186]LogModuleManager: Shutting down and abandoning module Networking (79)
[2014.07.08-13.24.45:900][186]LogModuleManager: Shutting down and abandoning module Core (78)
[2014.07.08-13.24.45:900][186]LogModuleManager: Shutting down and abandoning module KismetCompiler (77)
[2014.07.08-13.24.45:900][186]LogModuleManager: Shutting down and abandoning module PhysXFormats (76)
[2014.07.08-13.24.45:900][186]LogModuleManager: Shutting down and abandoning module SimplygonMeshReduction (75)
[2014.07.08-13.24.45:900][186]LogModuleManager: Shutting down and abandoning module MeshUtilities (74)
[2014.07.08-13.24.45:900][186]LogModuleManager: Shutting down and abandoning module DerivedDataCache (73)
[2014.07.08-13.24.46:195][186]LogDerivedDataCache: Shutdown
[2014.07.08-13.24.46:195][186]LogModuleManager: Shutting down and abandoning module ShaderFormatOpenGL (72)
[2014.07.08-13.24.46:195][186]LogModuleManager: Shutting down and abandoning module ShaderFormatD3D (71)
[2014.07.08-13.24.46:195][186]LogModuleManager: Shutting down and abandoning module TextureFormatUncompressed (70)
[2014.07.08-13.24.46:195][186]LogModuleManager: Shutting down and abandoning module TextureFormatPVR (69)
[2014.07.08-13.24.46:195][186]LogModuleManager: Shutting down and abandoning module TextureFormatDXT (68)
[2014.07.08-13.24.46:195][186]LogModuleManager: Shutting down and abandoning module TextureFormatAndroid (67)
[2014.07.08-13.24.46:195][186]LogModuleManager: Shutting down and abandoning module AudioFormatOpus (66)
[2014.07.08-13.24.46:195][186]LogModuleManager: Shutting down and abandoning module AudioFormatOgg (65)
[2014.07.08-13.24.46:195][186]LogModuleManager: Shutting down and abandoning module AudioFormatADPCM (64)
[2014.07.08-13.24.46:195][186]LogModuleManager: Shutting down and abandoning module Android_PVRTCTargetPlatform (63)
[2014.07.08-13.24.46:195][186]LogModuleManager: Shutting down and abandoning module Android_ETC2TargetPlatform (62)
[2014.07.08-13.24.46:195][186]LogModuleManager: Shutting down and abandoning module Android_ETC1TargetPlatform (61)
[2014.07.08-13.24.46:195][186]LogModuleManager: Shutting down and abandoning module Android_DXTTargetPlatform (60)
[2014.07.08-13.24.46:195][186]LogModuleManager: Shutting down and abandoning module Android_ATCTargetPlatform (59)
[2014.07.08-13.24.46:195][186]LogModuleManager: Shutting down and abandoning module AndroidTargetPlatform (58)
[2014.07.08-13.24.46:195][186]LogModuleManager: Shutting down and abandoning module WindowsTargetPlatform (57)
[2014.07.08-13.24.46:195][186]LogModuleManager: Shutting down and abandoning module WindowsServerTargetPlatform (56)
[2014.07.08-13.24.46:195][186]LogModuleManager: Shutting down and abandoning module WindowsNoEditorTargetPlatform (55)
[2014.07.08-13.24.46:195][186]LogModuleManager: Shutting down and abandoning module WindowsClientTargetPlatform (54)
[2014.07.08-13.24.46:195][186]LogModuleManager: Shutting down and abandoning module TargetPlatform (53)
[2014.07.08-13.24.46:195][186]LogModuleManager: Shutting down and abandoning module InputCore (52)
[2014.07.08-13.24.46:195][186]LogModuleManager: Shutting down and abandoning module Settings (51)
[2014.07.08-13.24.46:195][186]LogModuleManager: Shutting down and abandoning module TextureCompressor (48)
[2014.07.08-13.24.46:196][186]LogModuleManager: Shutting down and abandoning module ShaderCore (47)
[2014.07.08-13.24.46:196][186]LogModuleManager: Shutting down and abandoning module OpenGLDrv (46)
[2014.07.08-13.24.46:196][186]LogModuleManager: Shutting down and abandoning module D3D11RHI (45)
[2014.07.08-13.24.46:196][186]LogModuleManager: Shutting down and abandoning module SlateRHIRenderer (44)
[2014.07.08-13.24.46:196][186]LogModuleManager: Shutting down and abandoning module Renderer (43)
[2014.07.08-13.24.46:196][186]LogModuleManager: Shutting down and abandoning module Engine (42)
[2014.07.08-13.24.46:196][186]LogModuleManager: Shutting down and abandoning module SlateRemote (41)
[2014.07.08-13.24.46:196][186]LogModuleManager: Shutting down and abandoning module ScriptPlugin (40)
[2014.07.08-13.24.46:196][186]LogModuleManager: Shutting down and abandoning module ScriptEditorPlugin (38)
[2014.07.08-13.24.46:196][186]LogModuleManager: Shutting down and abandoning module WindowsMoviePlayer (37)
[2014.07.08-13.24.46:199][186]LogModuleManager: Shutting down and abandoning module ExampleDeviceProfileSelector (32)
[2014.07.08-13.24.46:199][186]LogModuleManager: Shutting down and abandoning module CustomMeshComponent (31)
[2014.07.08-13.24.46:199][186]LogModuleManager: Shutting down and abandoning module CableComponent (30)
[2014.07.08-13.24.46:199][186]LogModuleManager: Shutting down and abandoning module OculusRift (26)
[2014.07.08-13.24.46:199][186]LogModuleManager: Shutting down and abandoning module UdpMessaging (25)
[2014.07.08-13.24.46:300][186]LogModuleManager: Shutting down and abandoning module MessagingDebugger (24)
[2014.07.08-13.24.46:300][186]LogModuleManager: Shutting down and abandoning module PluginsEditor (14)
[2014.07.08-13.24.46:300][186]LogModuleManager: Shutting down and abandoning module IntroTutorials (13)
[2014.07.08-13.24.46:300][186]LogModuleManager: Shutting down and abandoning module EpicSurvey (12)
[2014.07.08-13.24.46:300][186]LogModuleManager: Shutting down and abandoning module VisualStudioSourceCodeAccess (10)
[2014.07.08-13.24.46:300][186]LogModuleManager: Shutting down and abandoning module UObjectPlugin (9)
[2014.07.08-13.24.46:300][186]LogModuleManager: Shutting down and abandoning module SubversionSourceControl (8)
[2014.07.08-13.24.46:300][186]LogModuleManager: Shutting down and abandoning module PerforceSourceControl (7)
[2014.07.08-13.24.46:300][186]LogModuleManager: Shutting down and abandoning module BlankPlugin (6)
[2014.07.08-13.24.46:300][186]LogModuleManager: Shutting down and abandoning module CoreUObject (5)
[2014.07.08-13.24.46:300][186]LogModuleManager: Shutting down and abandoning module NetworkFile (4)
[2014.07.08-13.24.46:300][186]LogModuleManager: Shutting down and abandoning module StreamingFile (3)
[2014.07.08-13.24.46:300][186]LogModuleManager: Shutting down and abandoning module SandboxFile (2)
[2014.07.08-13.24.46:300][186]LogModuleManager: Shutting down and abandoning module PakFile (1)
[2014.07.08-13.24.46:301][186]LogExit: Exiting.
[2014.07.08-13.24.46:306][186]Log file closed, 07/08/14 23:24:46
