Log file open, 07/06/14 18:14:44
LogInit:Display: Running engine for game: TP_VRSpaceShooter
LogInit: Version: 4.2.1-2101290+++depot+UE4-Releases+4.2
LogInit: Compiled (64-bit): Jun 10 2014 22:21:56
LogInit: Build Configuration: Development
LogInit: Branch Name: ++depot+UE4-Releases+4.2
LogInit: Command line:  
LogInit: Base directory: C:/Program Files/Unreal Engine/4.2/Engine/Binaries/Win64/
LogInit: Rocket: 1
[2014.07.06-08.14.44:937][  0]LogTaskGraph: Started task graph with 3 named threads and 4 total threads.
[2014.07.06-08.14.44:965][  0]LogOnline:Warning: No default platform service specified for OnlineSubsystem
[2014.07.06-08.14.44:972][  0]LogInit: Presizing for 0 objects not considered by GC, pre-allocating 0 bytes.
[2014.07.06-08.14.44:977][  0]LogInit: Object subsystem initialized
[2014.07.06-08.14.44:978][  0]LogInit: Selected Device Profile: [Windows]
[2014.07.06-08.14.44:978][  0]LogInit: Applying CVar settings loaded from the selected device profile: [Windows]
[2014.07.06-08.14.44:983][  0]LogInit: Computer: HOME
[2014.07.06-08.14.44:983][  0]LogInit: User: McCaffrey
[2014.07.06-08.14.44:984][  0]LogInit: CPU Page size=4096, Cores=4
[2014.07.06-08.14.44:984][  0]LogInit: High frequency timer resolution =3.410072 MHz
[2014.07.06-08.14.44:984][  0]LogMemory: Memory total: Physical=15.9GB (16GB approx) Virtual=131072.0GB
[2014.07.06-08.14.44:984][  0]LogMemory: Platform Memory Stats for Windows
[2014.07.06-08.14.44:984][  0]LogMemory: Process Physical Memory: 53.22 MB used, 53.22 MB peak
[2014.07.06-08.14.44:984][  0]LogMemory: Process Virtual Memory: 29.59 MB used, 29.59 MB peak
[2014.07.06-08.14.44:984][  0]LogMemory: Physical Memory: 4663.69 MB used, 16261.78 MB total
[2014.07.06-08.14.44:984][  0]LogMemory: Virtual Memory: 246.56 MB used, 134217728.00 MB total
[2014.07.06-08.14.45:006][  0]LogD3D11RHI: Found D3D11 adapter 0: NVIDIA GeForce GTX 770 (Feature Level 11_0)
[2014.07.06-08.14.45:006][  0]LogD3D11RHI: Adapter has 1985MB of dedicated video memory, 0MB of dedicated system memory, and 2048MB of shared system memory, 2 output[s]
[2014.07.06-08.14.45:012][  0]LogD3D11RHI: Found D3D11 adapter 1: Intel(R) HD Graphics 4600 (Feature Level 11_0)
[2014.07.06-08.14.45:012][  0]LogD3D11RHI: Adapter has 32MB of dedicated video memory, 0MB of dedicated system memory, and 1760MB of shared system memory, 0 output[s]
[2014.07.06-08.14.45:013][  0]LogD3D11RHI: Found D3D11 adapter 2: Microsoft Basic Render Driver (Feature Level 11_0)
[2014.07.06-08.14.45:013][  0]LogD3D11RHI: Adapter has 0MB of dedicated video memory, 0MB of dedicated system memory, and 256MB of shared system memory, 0 output[s]
[2014.07.06-08.14.45:013][  0]LogD3D11RHI: Chosen D3D11 Adapter Id = 0
[2014.07.06-08.14.45:016][  0]LogRHI: Texture pool is 1361 MB (70% of 1945 MB)
[2014.07.06-08.14.45:024][  0]LogD3D11RHI: Async texture creation enabled
[2014.07.06-08.14.45:133][  0]LogContentStreaming: Texture pool size is 0.000000MB
[2014.07.06-08.14.45:802][  0]LogTargetPlatformManager:Display: Building Assets For Windows
[2014.07.06-08.14.45:895][  0]LogTargetPlatformManager:Display: Building Assets For Windows
[2014.07.06-08.14.45:925][  0]LogDerivedDataCache:Display: Max Cache Size: 512 MB
[2014.07.06-08.14.45:956][  0]LogDerivedDataCache: Loaded boot cache 0.03s 39MB C:/Users/McCaffrey/AppData/Local/UnrealEngine/4.2/DerivedDataCache/Boot.ddc.
[2014.07.06-08.14.45:956][  0]LogDerivedDataCache:Display: Loaded Boot cache: C:/Users/McCaffrey/AppData/Local/UnrealEngine/4.2/DerivedDataCache/Boot.ddc
[2014.07.06-08.14.45:956][  0]LogDerivedDataCache: FDerivedDataBackendGraph:  Pak pak cache file ../../../../../../Users/McCaffrey/Documents/Unreal Projects/TP_VRSpaceShooter/DerivedDataCache/DDC.ddp not found, will not use a pak cache.
[2014.07.06-08.14.45:956][  0]LogDerivedDataCache: Unable to find inner node Pak for hierarchical cache Hierarchy.
[2014.07.06-08.14.45:964][  0]LogDerivedDataCache:Display: Pak cache opened for reading ../../../Engine/DerivedDataCache/DDC.ddp.
[2014.07.06-08.14.45:976][  0]LogDerivedDataCache: Using Local data cache path C:/Users/McCaffrey/AppData/Local/UnrealEngine/4.2/DerivedDataCache: Writable
[2014.07.06-08.14.46:123][  0]LogMeshUtilities: No automatic mesh reduction module available
[2014.07.06-08.14.46:123][  0]LogMeshUtilities: No automatic mesh merging module available
[2014.07.06-08.14.46:412][  0]LogInit: WinSock: version 1.1 (2.2), MaxSocks=32767, MaxUdp=65467
[2014.07.06-08.14.46:718][  0]LogStreaming:Warning: Failed to read file '../../../Engine/Content/Editor/Slate/Icons/ActorIcons/GroupActor_16x.png' error.
[2014.07.06-08.14.46:718][  0]LogSlate: Could not find file for Slate resource: ../../../Engine/Content/Editor/Slate/Icons/ActorIcons/GroupActor_16x.png
[2014.07.06-08.14.46:721][  0]LogStreaming:Warning: Failed to read file '../../../Engine/Content/Editor/Slate/Icons/ActorIcons/DecalActor_16x.png' error.
[2014.07.06-08.14.46:721][  0]LogSlate: Could not find file for Slate resource: ../../../Engine/Content/Editor/Slate/Icons/ActorIcons/DecalActor_16x.png
[2014.07.06-08.14.46:954][  0]UdpMessaging: Initializing bridge on interface 0.0.0.0:0 to multicast group 230.0.0.1:6666.
[2014.07.06-08.14.47:038][  0]SourceControl: Info Source control is disabled
[2014.07.06-08.14.47:038][  0]SourceControl: Info Source control is disabled
[2014.07.06-08.14.47:043][  0]SourceControl: Info Source control is disabled
[2014.07.06-08.14.47:113][  0]BlueprintLog: New page: Editor Load
[2014.07.06-08.14.47:144][  0]LogObj: 19137 objects as part of root set at end of initial load.
[2014.07.06-08.14.47:144][  0]LogUObjectAllocator: 3804784 out of 0 bytes used by permanent object pool.
[2014.07.06-08.14.47:424][  0]LogEngine: Initializing Engine...
[2014.07.06-08.14.47:502][  0]LogInit: XAudio2 using 'Speakers (Realtek High Definition Audio)' : 2 channels at 48 kHz using 32 bits per sample (channel mask 0x3)
[2014.07.06-08.14.47:520][  0]LogInit: FAudioDevice initialized.
[2014.07.06-08.14.47:539][  0]LogDerivedDataCache: Saved boot cache 0.02s 39MB C:/Users/McCaffrey/AppData/Local/UnrealEngine/4.2/DerivedDataCache/Boot.ddc.
[2014.07.06-08.14.47:541][  0]LogInit: Texture streaming: Enabled
[2014.07.06-08.14.47:577][  0]LogInit: Transaction tracking system initialized
[2014.07.06-08.14.47:675][  0]LogAssetRegistry: FAssetRegistry took 0.0107 seconds to start up
[2014.07.06-08.14.47:813][  0]LogModuleManager:Warning: ModuleManager: Unable to load module '' because the file was not found.
[2014.07.06-08.14.47:818][  0]LogModuleManager:Warning: ModuleManager: Unable to load module '' because the file was not found.
[2014.07.06-08.14.47:860][  0]LogConsoleResponse:Display: 
[2014.07.06-08.14.48:053][  0]SourceControl: Info Source control is disabled
[2014.07.06-08.14.48:053][  0]Cmd: MAP LOAD FILE="../../../../../../Users/McCaffrey/Documents/Unreal Projects/TP_VRSpaceShooter/Content/DefaultAsteroidField.umap" TEMPLATE=0 SHOWPROGRESS=1 WORLDCOMPOSITION=0
[2014.07.06-08.14.48:053][  0]LightingResults: New page: Lighting Build
[2014.07.06-08.14.48:060][  0]MapCheck: New page: Map Check
[2014.07.06-08.14.48:060][  0]LightingResults: New page: Lighting Build
[2014.07.06-08.14.48:069][  0]LogParticles: Destroying 0 GPU particle simulations for FXSystem 0x000000FE693E1580
[2014.07.06-08.14.48:882][  0]LogLinker:Warning: Asset '../../../../../../Users/McCaffrey/Documents/Unreal Projects/TP_VRSpaceShooter/Content/Props/MaterialSphere.uasset' has been saved with empty engine version. The asset will be loaded but may be incompatible.
[2014.07.06-08.14.49:032][  0]LogEditorServer: Finished looking for orphan Actors (0.000 secs)
[2014.07.06-08.14.49:032][  0]Cmd: MAP CHECKDEP
[2014.07.06-08.14.49:032][  0]MapCheck: New page: DefaultAsteroidField - 07/07/2014 4:14:49 am
[2014.07.06-08.14.49:100][  0]MapCheck: Info ========== Map Check: 0 Error(s), 0 Warning(s), [67.582ms] ==========
[2014.07.06-08.14.49:100][  0]LogFileHelpers: Loading map 'DefaultAsteroidField' took 1.048
[2014.07.06-08.14.49:205][  0]LogCollectionManager: Loaded 0 collections in 0.000687 seconds
[2014.07.06-08.14.49:323][  0]LogCrashTracker: Crashtracker disabled due to settings.
[2014.07.06-08.14.49:323][  0]Cmd: MODE PLACEMENT
[2014.07.06-08.14.49:371][  0]LogLoad: Full Startup: 5.06 seconds (BP compile: 0.44 seconds)
[2014.07.06-08.14.49:389][  0]LogContentBrowser:Verbose: The content browser source was changed by the sources view to '/Game/Meshes'
[2014.07.06-08.14.49:459][  0]LogRenderer:Warning: Reallocating scene render targets to support 32x32.
[2014.07.06-08.14.49:536][  0]LogRenderer:Warning: Reallocating scene render targets to support 1608x1256.
[2014.07.06-08.14.49:740][  2]LogAssetRegistry: Asset discovery search completed in 2.0760 seconds
[2014.07.06-08.14.51:048][ 98]LogEpicSurvey:Warning: EnumerateFiles request failed. Invalid response. code=403 error=<?xml version="1.0" encoding="UTF-8"?>
<Error><Code>AccessDenied</Code><Message>Access Denied</Message><RequestId>6F73C8A1E16A14A1</RequestId><HostId>kbMw99x7ZV74AGkrJUz7IFLSthsLNHnbNg52CCBsjBI2NGHFWdlTax57Mz6XfvI4</HostId></Error>
[2014.07.06-08.14.53:914][383]LogEditorViewport: Clicking on Actor (LMB): StaticMeshActor (EnvironmentSphere)
[2014.07.06-08.14.54:425][441]LogEpicStorage:Warning: EnumerateFiles request failed. Invalid response. code=403 error=<?xml version="1.0" encoding="UTF-8"?>
<Error><Code>AccessDenied</Code><Message>Access Denied</Message><RequestId>22358C8C808FAD5B</RequestId><HostId>p48wOmLqECXGWLZwXCAxb229xQuuG0ZLeUj8cXR4tKZvWBLL2vZxw05Vi3IclFXs</HostId></Error>
[2014.07.06-08.14.57:958][837]MapCheck: New page: Map Check
[2014.07.06-08.14.57:983][837]Cmd: MAP REBUILD ALLVISIBLE
[2014.07.06-08.14.57:983][837]LogEditorServer: Rebuildmap Clear paths rebuilt
[2014.07.06-08.14.57:995][837]LogInstancedFoliage: Map Rebuilt - Update all BSP painted foliage!
[2014.07.06-08.14.58:015][837]LightingResults: New page: Lighting Build - 07/07/2014 4:14:58 am
[2014.07.06-08.15.03:461][837]LogStaticLightingSystem:Warning: No importance volume found, so the scene bounding box was used.  You can optimize your scene's quality and lighting build times by adding importance volumes.
[2014.07.06-08.15.03:464][837]LogStaticLightingSystem: Running Lightmass w/ ImmediateImport mode ENABLED
[2014.07.06-08.15.03:464][837]LogStaticLightingSystem: Running Lightmass w/ ImmediateProcess mode ENABLED
[2014.07.06-08.15.03:464][837]LogStaticLightingSystem: Running Lightmass w/ Sorting mode ENABLED
[2014.07.06-08.15.03:464][837]LogStaticLightingSystem: Running Lightmass w/ Mapping paddings ENABLED
[2014.07.06-08.15.03:464][837]LogStaticLightingSystem: Running Lightmass w/ Mapping debug paddings DISABLED
[2014.07.06-08.15.03:547][837]LogEditorBuildUtils: Build time 0:00:05
[2014.07.06-08.15.03:553][837]LogMaterial: Missing cached shader map for material FLightmassMaterialRenderer SpaceSphereMap_Mat, compiling.
[2014.07.06-08.15.03:556][837]LogMaterial: Missing cached shader map for material FLightmassMaterialRenderer SpaceSphereMap_Mat, compiling.
[2014.07.06-08.15.03:558][837]LogMaterial: Missing cached shader map for material FLightmassMaterialRenderer SpaceSphereMap_Mat, compiling.
[2014.07.06-08.15.10:335][467]Job is a success!
[2014.07.06-08.15.10:391][468]LogMaterial:Warning: Material /Game/Materials/SpaceSphereMap_Mat.SpaceSphereMap_Mat needed to have new flag set bUsedWithStaticLighting !
[2014.07.06-08.15.10:392][468]LogMaterial: Missing cached shader map for material SpaceSphereMap_Mat, compiling.
[2014.07.06-08.15.10:395][468]LogMaterial: 0.000065 seconds spent updating 1 materials, 1 interfaces, 0 instances, 0 with static permutations.
[2014.07.06-08.15.10:500][468]LogTexture:Display: Building textures: HQ_Lightmap0_1 (AutoDXT)
[2014.07.06-08.15.10:503][468]LogTexture:Display: Building textures: LQ_Lightmap_0_1 (DXT1)
[2014.07.06-08.15.10:509][468]LogTexture:Display: Building textures: ShadowMapTexture2D_0 (BGRA8)
[2014.07.06-08.15.10:545][468]Lightmass on HOME: 5.49 sec total, 4.68 sec importing, 0 ms setup, 392 ms photons, 381 ms processing, 0 ms extra exporting [1/1 mappings]. Threads: 3.12 sec total, 34 ms processing.
[2014.07.06-08.15.10:568][468]LogStaticLightingSystem:Warning: Illumination: 12.5 sec (113 ms encoding lightmaps)
[2014.07.06-08.15.10:568][468]LogStaticLightingSystem: Lightmap texture memory:  0.0 MB (0.0 MB streaming, 0.0 MB non-streaming), 2 textures
[2014.07.06-08.15.10:568][468]LogStaticLightingSystem: Shadowmap texture memory: 0.0 MB (0.0 MB streaming, 0.0 MB non-streaming), 1 textures
[2014.07.06-08.15.11:510][469]Cmd: MAP CHECK NOTIFYRESULTS
[2014.07.06-08.15.11:510][469]MapCheck: New page: DefaultAsteroidField - 07/07/2014 4:15:11 am
[2014.07.06-08.15.11:607][469]MapCheck: Info ========== Map Check: 0 Error(s), 0 Warning(s), [97.538ms] ==========
[2014.07.06-08.15.15:777][968]LogPlayLevel: PIE:  No blueprints needed recompiling
[2014.07.06-08.15.15:778][968]PIE: New page: PIE session: DefaultAsteroidField (07/07/2014 4:15:15 am)
[2014.07.06-08.15.15:780][968]LogPlayLevel: PIE: StaticDuplicateObject took: (0.002773s)
[2014.07.06-08.15.15:781][968]LogPlayLevel: PIE: World Init took: (0.000369s)
[2014.07.06-08.15.15:781][968]LogPlayLevel: PIE: Created PIE world by copying editor world from /Game/DefaultAsteroidField.DefaultAsteroidField to /Game/UEDPIE_0_DefaultAsteroidField.DefaultAsteroidField (0.003296s)
[2014.07.06-08.15.15:781][968]LogWorld: Game class is 'SpaceShooterGameMode_C'
[2014.07.06-08.15.15:860][968]LogWorld: Bringing World /Game/UEDPIE_0_DefaultAsteroidField.DefaultAsteroidField up for play (max tick rate 0) at 2014.07.06-18.15.15
[2014.07.06-08.15.15:861][968]LogWorld: Bringing up level for play took: 0.039225
[2014.07.06-08.15.15:861][968]LogPlayerController: Spawned spectator SpectatorPawn_0 [server:1]
[2014.07.06-08.15.15:861][968]LogGameMode: RestartPlayer 256
[2014.07.06-08.15.15:864][968]LogPlayerController: ClientRestart_Implementation SpaceShooterPawn_C_0
[2014.07.06-08.15.15:864][968]LogPlayerController: ServerAcknowledgePossession_Implementation SpaceShooterPawn_C_0
[2014.07.06-08.15.15:865][968]Cmd: oculusdev on 
[2014.07.06-08.15.15:866][968]Command not recognized: oculusdev on 
[2014.07.06-08.15.15:866][968]Cmd: hmdwarp 1=1 
[2014.07.06-08.15.15:866][968]Command not recognized:  hmdwarp 1=1 
[2014.07.06-08.15.15:866][968]Cmd: hmdwarp s=1.3 
[2014.07.06-08.15.15:866][968]Command not recognized:  hmdwarp s=1.3 
[2014.07.06-08.15.15:866][968]Cmd: hmd sp 130.0
[2014.07.06-08.15.15:866][968]Command not recognized:  hmd sp 130.0
[2014.07.06-08.15.15:866][968]PIE: Info Play in editor start time for /Game/UEDPIE_0_DefaultAsteroidField 0.629
[2014.07.06-08.15.15:930][969]LogRenderer:Warning: Reallocating scene render targets to support 1608x1264.
[2014.07.06-08.15.24:936][900]LogParticles: Destroying 0 GPU particle simulations for FXSystem 0x000000FE64A44B80
[2014.07.06-08.15.25:540][968]LogEpicSurvey:Warning: EnumerateFiles request failed. Invalid response. code=403 error=<?xml version="1.0" encoding="UTF-8"?>
<Error><Code>AccessDenied</Code><Message>Access Denied</Message><RequestId>49F086CB0A72FF43</RequestId><HostId>st56RTuHjaaqCT0/Hauk9WCO0NkVvnIx93As93waNnGdWN6RTz3iu/+cx8ipPKdi</HostId></Error>
[2014.07.06-08.15.26:162][ 25]LogSavePackage: Save=25.678930ms
[2014.07.06-08.15.26:162][ 25]LogSavePackage: Moving '../../../../../../Users/McCaffrey/Documents/Unreal Projects/TP_VRSpaceShooter/Saved/DefaultAsteroidFieldCBE43BA445EC8D799FEA99B79303F709.tmp' to '../../../../../../Users/McCaffrey/Documents/Unreal Projects/TP_VRSpaceShooter/Content/DefaultAsteroidField.umap'
[2014.07.06-08.15.26:177][ 25]LogFileHelpers: Saving map 'DefaultAsteroidField' took 0.129
[2014.07.06-08.15.26:379][ 25]LogSavePackage: Save=180.835190ms
[2014.07.06-08.15.26:379][ 25]LogSavePackage: Moving '../../../../../../Users/McCaffrey/Documents/Unreal Projects/TP_VRSpaceShooter/Saved/SpaceSphereMap_MatE8D3911644350E1CCA9A35BF8C1D1559.tmp' to '../../../../../../Users/McCaffrey/Documents/Unreal Projects/TP_VRSpaceShooter/Content/Materials/SpaceSphereMap_Mat.uasset'
[2014.07.06-08.15.30:008][409]Cmd: QUIT_EDITOR
[2014.07.06-08.15.30:083][409]LogWindowsTextInputMethodSystem:Error: Terminating failed while unadvising the language notification sink from the TSF source.
[2014.07.06-08.15.30:084][409]LogExit: Preparing to exit.
[2014.07.06-08.15.31:141][409]LogExit: Editor shut down
[2014.07.06-08.15.31:141][409]LogExit: Transaction tracking system shut down
[2014.07.06-08.15.31:143][409]LogParticles: Destroying 0 GPU particle simulations for FXSystem 0x000000FE6EE06C00
[2014.07.06-08.15.31:143][409]LogParticles: Destroying 0 GPU particle simulations for FXSystem 0x000000FE6F9940E0
[2014.07.06-08.15.31:143][409]LogParticles: Destroying 0 GPU particle simulations for FXSystem 0x000000FE75497F60
[2014.07.06-08.15.31:159][409]LogParticles: Destroying 0 GPU particle simulations for FXSystem 0x000000FE75D374C0
[2014.07.06-08.15.31:160][409]LogExit: Object subsystem successfully closed.
[2014.07.06-08.15.31:197][409]LogModuleManager: Shutting down and abandoning module AndroidDeviceDetection (164)
[2014.07.06-08.15.31:197][409]LogModuleManager: Shutting down and abandoning module CrashTracker (163)
[2014.07.06-08.15.31:197][409]LogModuleManager: Shutting down and abandoning module HTTP (162)
[2014.07.06-08.15.31:197][409]LogModuleManager: Shutting down and abandoning module NewsFeed (161)
[2014.07.06-08.15.31:197][409]LogModuleManager: Shutting down and abandoning module SceneOutliner (160)
[2014.07.06-08.15.31:197][409]LogModuleManager: Shutting down and abandoning module EditorWidgets (159)
[2014.07.06-08.15.31:197][409]LogModuleManager: Shutting down and abandoning module CollectionManager (158)
[2014.07.06-08.15.31:197][409]LogModuleManager: Shutting down and abandoning module StatsViewer (157)
[2014.07.06-08.15.31:197][409]LogModuleManager: Shutting down and abandoning module FoliageEdit (156)
[2014.07.06-08.15.31:197][409]LogModuleManager: Shutting down and abandoning module LandscapeEditor (155)
[2014.07.06-08.15.31:200][409]LogModuleManager: Shutting down and abandoning module MeshPaint (154)
[2014.07.06-08.15.31:200][409]LogModuleManager: Shutting down and abandoning module ActorPickerMode (153)
[2014.07.06-08.15.31:200][409]LogModuleManager: Shutting down and abandoning module GeometryMode (152)
[2014.07.06-08.15.31:200][409]LogModuleManager: Shutting down and abandoning module TextureAlignMode (151)
[2014.07.06-08.15.31:200][409]LogModuleManager: Shutting down and abandoning module BspMode (150)
[2014.07.06-08.15.31:200][409]LogModuleManager: Shutting down and abandoning module PlacementMode (149)
[2014.07.06-08.15.31:201][409]LogModuleManager: Shutting down and abandoning module AutomationWorker (148)
[2014.07.06-08.15.31:201][409]LogModuleManager: Shutting down and abandoning module ViewportSnapping (147)
[2014.07.06-08.15.31:201][409]LogModuleManager: Shutting down and abandoning module DeviceProfileEditor (146)
[2014.07.06-08.15.31:201][409]LogModuleManager: Shutting down and abandoning module UndoHistory (145)
[2014.07.06-08.15.31:201][409]LogModuleManager: Shutting down and abandoning module GameplayTagsEditor (144)
[2014.07.06-08.15.31:201][409]LogModuleManager: Shutting down and abandoning module UserFeedback (143)
[2014.07.06-08.15.31:201][409]LogModuleManager: Shutting down and abandoning module XmlParser (142)
[2014.07.06-08.15.31:201][409]LogModuleManager: Shutting down and abandoning module Blutility (141)
[2014.07.06-08.15.31:201][409]LogModuleManager: Shutting down and abandoning module AndroidPlatformEditor (138)
[2014.07.06-08.15.31:201][409]LogModuleManager: Shutting down and abandoning module AndroidRuntimeSettings (137)
[2014.07.06-08.15.31:201][409]LogModuleManager: Shutting down and abandoning module ProjectSettingsViewer (136)
[2014.07.06-08.15.31:201][409]LogModuleManager: Shutting down and abandoning module InputBindingEditor (135)
[2014.07.06-08.15.31:201][409]LogModuleManager: Shutting down and abandoning module EditorSettingsViewer (134)
[2014.07.06-08.15.31:201][409]LogModuleManager: Shutting down and abandoning module SettingsEditor (133)
[2014.07.06-08.15.31:201][409]LogModuleManager: Shutting down and abandoning module SessionLauncher (132)
[2014.07.06-08.15.31:201][409]LogModuleManager: Shutting down and abandoning module SessionFrontend (131)
[2014.07.06-08.15.31:201][409]LogModuleManager: Shutting down and abandoning module ProfilerClient (130)
[2014.07.06-08.15.31:201][409]LogModuleManager: Shutting down and abandoning module TargetDeviceServices (129)
[2014.07.06-08.15.31:201][409]LogModuleManager: Shutting down and abandoning module DeviceManager (128)
[2014.07.06-08.15.31:201][409]LogModuleManager: Shutting down and abandoning module AutomationController (127)
[2014.07.06-08.15.31:201][409]LogModuleManager: Shutting down and abandoning module AutomationWindow (126)
[2014.07.06-08.15.31:201][409]LogModuleManager: Shutting down and abandoning module Layers (125)
[2014.07.06-08.15.31:201][409]LogModuleManager: Shutting down and abandoning module ComponentVisualizers (124)
[2014.07.06-08.15.31:201][409]LogModuleManager: Shutting down and abandoning module DetailCustomizations (123)
[2014.07.06-08.15.31:201][409]LogModuleManager: Shutting down and abandoning module PackagesDialog (122)
[2014.07.06-08.15.31:201][409]LogModuleManager: Shutting down and abandoning module PropertyEditor (121)
[2014.07.06-08.15.31:201][409]LogModuleManager: Shutting down and abandoning module DirectoryWatcher (120)
[2014.07.06-08.15.31:201][409]LogModuleManager: Shutting down and abandoning module AssetRegistry (119)
[2014.07.06-08.15.31:293][409]LogModuleManager: Shutting down and abandoning module Persona (118)
[2014.07.06-08.15.31:293][409]LogModuleManager: Shutting down and abandoning module GraphEditor (117)
[2014.07.06-08.15.31:293][409]LogModuleManager: Shutting down and abandoning module ContentBrowser (116)
[2014.07.06-08.15.31:293][409]LogModuleManager: Shutting down and abandoning module ClassViewer (115)
[2014.07.06-08.15.31:293][409]LogModuleManager: Shutting down and abandoning module Toolbox (114)
[2014.07.06-08.15.31:293][409]LogModuleManager: Shutting down and abandoning module ModuleUI (113)
[2014.07.06-08.15.31:293][409]LogModuleManager: Shutting down and abandoning module Sequencer (112)
[2014.07.06-08.15.31:293][409]LogModuleManager: Shutting down and abandoning module AssetTools (111)
[2014.07.06-08.15.31:293][409]LogModuleManager: Shutting down and abandoning module MovieSceneTools (110)
[2014.07.06-08.15.31:293][409]LogModuleManager: Shutting down and abandoning module OutputLog (109)
[2014.07.06-08.15.31:293][409]LogModuleManager: Shutting down and abandoning module GammaUI (108)
[2014.07.06-08.15.31:293][409]LogModuleManager: Shutting down and abandoning module Documentation (107)
[2014.07.06-08.15.31:293][409]LogModuleManager: Shutting down and abandoning module DesktopPlatform (106)
[2014.07.06-08.15.31:293][409]LogModuleManager: Shutting down and abandoning module StreamingPauseRendering (105)
[2014.07.06-08.15.31:293][409]LogModuleManager: Shutting down and abandoning module AnalyticsET (104)
[2014.07.06-08.15.31:293][409]LogModuleManager: Shutting down and abandoning module Analytics (103)
[2014.07.06-08.15.31:293][409]LogModuleManager: Shutting down and abandoning module ProfilerService (102)
[2014.07.06-08.15.31:465][409]LogModuleManager: Shutting down and abandoning module TaskGraph (101)
[2014.07.06-08.15.31:465][409]LogModuleManager: Shutting down and abandoning module GameProjectGeneration (100)
[2014.07.06-08.15.31:465][409]LogModuleManager: Shutting down and abandoning module Matinee (99)
[2014.07.06-08.15.31:465][409]LogModuleManager: Shutting down and abandoning module Kismet (98)
[2014.07.06-08.15.31:465][409]LogModuleManager: Shutting down and abandoning module SlateReflector (97)
[2014.07.06-08.15.31:465][409]LogModuleManager: Shutting down and abandoning module LevelEditor (96)
[2014.07.06-08.15.31:465][409]LogModuleManager: Shutting down and abandoning module MainFrame (95)
[2014.07.06-08.15.31:466][409]LogModuleManager: Shutting down and abandoning module SourceControl (94)
[2014.07.06-08.15.31:466][409]LogModuleManager: Shutting down and abandoning module ImageWrapper (93)
[2014.07.06-08.15.31:466][409]LogModuleManager: Shutting down and abandoning module OnlineBlueprintSupport (92)
[2014.07.06-08.15.31:466][409]LogModuleManager: Shutting down and abandoning module FunctionalTesting (91)
[2014.07.06-08.15.31:466][409]LogModuleManager: Shutting down and abandoning module CollisionAnalyzer (90)
[2014.07.06-08.15.31:466][409]LogModuleManager: Shutting down and abandoning module WorkspaceMenuStructure (89)
[2014.07.06-08.15.31:466][409]LogModuleManager: Shutting down and abandoning module MessageLog (88)
[2014.07.06-08.15.31:466][409]LogModuleManager: Shutting down and abandoning module Slate (87)
[2014.07.06-08.15.31:466][409]LogModuleManager: Shutting down and abandoning module EditorStyle (86)
[2014.07.06-08.15.31:467][409]LogModuleManager: Shutting down and abandoning module SessionServices (85)
[2014.07.06-08.15.31:467][409]LogModuleManager: Shutting down and abandoning module Messaging (84)
[2014.07.06-08.15.31:467][409]LogModuleManager: Shutting down and abandoning module SourceCodeAccess (83)
[2014.07.06-08.15.31:467][409]LogModuleManager: Shutting down and abandoning module HeadMountedDisplay (82)
[2014.07.06-08.15.31:467][409]LogModuleManager: Shutting down and abandoning module XAudio2 (81)
[2014.07.06-08.15.31:467][409]LogModuleManager: Shutting down and abandoning module Networking (79)
[2014.07.06-08.15.31:467][409]LogModuleManager: Shutting down and abandoning module Core (78)
[2014.07.06-08.15.31:467][409]LogModuleManager: Shutting down and abandoning module KismetCompiler (77)
[2014.07.06-08.15.31:467][409]LogModuleManager: Shutting down and abandoning module PhysXFormats (76)
[2014.07.06-08.15.31:467][409]LogModuleManager: Shutting down and abandoning module SimplygonMeshReduction (75)
[2014.07.06-08.15.31:467][409]LogModuleManager: Shutting down and abandoning module MeshUtilities (74)
[2014.07.06-08.15.31:467][409]LogModuleManager: Shutting down and abandoning module DerivedDataCache (73)
[2014.07.06-08.15.31:509][409]LogDerivedDataCache: Shutdown
[2014.07.06-08.15.31:509][409]LogModuleManager: Shutting down and abandoning module ShaderFormatOpenGL (72)
[2014.07.06-08.15.31:509][409]LogModuleManager: Shutting down and abandoning module ShaderFormatD3D (71)
[2014.07.06-08.15.31:509][409]LogModuleManager: Shutting down and abandoning module TextureFormatUncompressed (70)
[2014.07.06-08.15.31:509][409]LogModuleManager: Shutting down and abandoning module TextureFormatPVR (69)
[2014.07.06-08.15.31:509][409]LogModuleManager: Shutting down and abandoning module TextureFormatDXT (68)
[2014.07.06-08.15.31:509][409]LogModuleManager: Shutting down and abandoning module TextureFormatAndroid (67)
[2014.07.06-08.15.31:509][409]LogModuleManager: Shutting down and abandoning module AudioFormatOpus (66)
[2014.07.06-08.15.31:509][409]LogModuleManager: Shutting down and abandoning module AudioFormatOgg (65)
[2014.07.06-08.15.31:509][409]LogModuleManager: Shutting down and abandoning module AudioFormatADPCM (64)
[2014.07.06-08.15.31:509][409]LogModuleManager: Shutting down and abandoning module Android_PVRTCTargetPlatform (63)
[2014.07.06-08.15.31:509][409]LogModuleManager: Shutting down and abandoning module Android_ETC2TargetPlatform (62)
[2014.07.06-08.15.31:509][409]LogModuleManager: Shutting down and abandoning module Android_ETC1TargetPlatform (61)
[2014.07.06-08.15.31:509][409]LogModuleManager: Shutting down and abandoning module Android_DXTTargetPlatform (60)
[2014.07.06-08.15.31:509][409]LogModuleManager: Shutting down and abandoning module Android_ATCTargetPlatform (59)
[2014.07.06-08.15.31:509][409]LogModuleManager: Shutting down and abandoning module AndroidTargetPlatform (58)
[2014.07.06-08.15.31:509][409]LogModuleManager: Shutting down and abandoning module WindowsTargetPlatform (57)
[2014.07.06-08.15.31:509][409]LogModuleManager: Shutting down and abandoning module WindowsServerTargetPlatform (56)
[2014.07.06-08.15.31:509][409]LogModuleManager: Shutting down and abandoning module WindowsNoEditorTargetPlatform (55)
[2014.07.06-08.15.31:510][409]LogModuleManager: Shutting down and abandoning module WindowsClientTargetPlatform (54)
[2014.07.06-08.15.31:510][409]LogModuleManager: Shutting down and abandoning module TargetPlatform (53)
[2014.07.06-08.15.31:510][409]LogModuleManager: Shutting down and abandoning module InputCore (52)
[2014.07.06-08.15.31:510][409]LogModuleManager: Shutting down and abandoning module Settings (51)
[2014.07.06-08.15.31:510][409]LogModuleManager: Shutting down and abandoning module TextureCompressor (48)
[2014.07.06-08.15.31:510][409]LogModuleManager: Shutting down and abandoning module ShaderCore (47)
[2014.07.06-08.15.31:510][409]LogModuleManager: Shutting down and abandoning module OpenGLDrv (46)
[2014.07.06-08.15.31:510][409]LogModuleManager: Shutting down and abandoning module D3D11RHI (45)
[2014.07.06-08.15.31:510][409]LogModuleManager: Shutting down and abandoning module SlateRHIRenderer (44)
[2014.07.06-08.15.31:510][409]LogModuleManager: Shutting down and abandoning module Renderer (43)
[2014.07.06-08.15.31:510][409]LogModuleManager: Shutting down and abandoning module Engine (42)
[2014.07.06-08.15.31:510][409]LogModuleManager: Shutting down and abandoning module SlateRemote (41)
[2014.07.06-08.15.31:510][409]LogModuleManager: Shutting down and abandoning module ScriptPlugin (40)
[2014.07.06-08.15.31:510][409]LogModuleManager: Shutting down and abandoning module ScriptEditorPlugin (38)
[2014.07.06-08.15.31:510][409]LogModuleManager: Shutting down and abandoning module WindowsMoviePlayer (37)
[2014.07.06-08.15.31:513][409]LogModuleManager: Shutting down and abandoning module ExampleDeviceProfileSelector (32)
[2014.07.06-08.15.31:513][409]LogModuleManager: Shutting down and abandoning module CustomMeshComponent (31)
[2014.07.06-08.15.31:513][409]LogModuleManager: Shutting down and abandoning module CableComponent (30)
[2014.07.06-08.15.31:513][409]LogModuleManager: Shutting down and abandoning module OculusRift (26)
[2014.07.06-08.15.31:513][409]LogModuleManager: Shutting down and abandoning module UdpMessaging (25)
[2014.07.06-08.15.31:615][409]LogModuleManager: Shutting down and abandoning module MessagingDebugger (24)
[2014.07.06-08.15.31:615][409]LogModuleManager: Shutting down and abandoning module PluginsEditor (14)
[2014.07.06-08.15.31:615][409]LogModuleManager: Shutting down and abandoning module IntroTutorials (13)
[2014.07.06-08.15.31:615][409]LogModuleManager: Shutting down and abandoning module EpicSurvey (12)
[2014.07.06-08.15.31:615][409]LogModuleManager: Shutting down and abandoning module VisualStudioSourceCodeAccess (10)
[2014.07.06-08.15.31:615][409]LogModuleManager: Shutting down and abandoning module UObjectPlugin (9)
[2014.07.06-08.15.31:615][409]LogModuleManager: Shutting down and abandoning module SubversionSourceControl (8)
[2014.07.06-08.15.31:615][409]LogModuleManager: Shutting down and abandoning module PerforceSourceControl (7)
[2014.07.06-08.15.31:615][409]LogModuleManager: Shutting down and abandoning module BlankPlugin (6)
[2014.07.06-08.15.31:615][409]LogModuleManager: Shutting down and abandoning module CoreUObject (5)
[2014.07.06-08.15.31:615][409]LogModuleManager: Shutting down and abandoning module NetworkFile (4)
[2014.07.06-08.15.31:615][409]LogModuleManager: Shutting down and abandoning module StreamingFile (3)
[2014.07.06-08.15.31:615][409]LogModuleManager: Shutting down and abandoning module SandboxFile (2)
[2014.07.06-08.15.31:615][409]LogModuleManager: Shutting down and abandoning module PakFile (1)
[2014.07.06-08.15.31:616][409]LogExit: Exiting.
[2014.07.06-08.15.31:622][409]Log file closed, 07/06/14 18:15:31
