Log file open, 08/23/14 09:19:38
LogInit:Display: Running engine for game: TP_VRSpaceShooter
LogInit: Version: 4.4.1-2265359+++depot+UE4-Releases+4.4
LogInit: API Version: 2255576
LogInit: Compiled (64-bit): Aug 20 2014 22:16:55
LogInit: Build Configuration: Development
LogInit: Branch Name: ++depot+UE4-Releases+4.4
LogInit: Command line: 
LogInit: Base directory: C:/Program Files/Unreal Engine/4.4/Engine/Binaries/Win64/
LogInit: Rocket: 1
[2014.08.22-23.19.38:799][  0]LogTaskGraph: Started task graph with 3 named threads and 4 total threads.
[2014.08.22-23.19.38:829][  0]LogOnline:Warning: No default platform service specified for OnlineSubsystem
[2014.08.22-23.19.38:838][  0]LogInit: Presizing for 0 objects not considered by GC, pre-allocating 0 bytes.
[2014.08.22-23.19.38:843][  0]LogInit: Object subsystem initialized
[2014.08.22-23.19.38:844][  0]LogInit: Selected Device Profile: [Windows]
[2014.08.22-23.19.38:844][  0]LogInit: Applying CVar settings loaded from the selected device profile: [Windows]
[2014.08.22-23.19.38:864][  0]LogInit: Computer: HOME
[2014.08.22-23.19.38:864][  0]LogInit: User: McCaffrey
[2014.08.22-23.19.38:865][  0]LogInit: CPU Page size=4096, Cores=4
[2014.08.22-23.19.38:865][  0]LogInit: High frequency timer resolution =3.410077 MHz
[2014.08.22-23.19.38:866][  0]LogMemory: Memory total: Physical=15.9GB (16GB approx) Virtual=131072.0GB
[2014.08.22-23.19.38:866][  0]LogMemory: Platform Memory Stats for Windows
[2014.08.22-23.19.38:866][  0]LogMemory: Process Physical Memory: 59.81 MB used, 59.81 MB peak
[2014.08.22-23.19.38:866][  0]LogMemory: Process Virtual Memory: 36.32 MB used, 36.32 MB peak
[2014.08.22-23.19.38:866][  0]LogMemory: Physical Memory: 4440.48 MB used, 16268.46 MB total
[2014.08.22-23.19.38:866][  0]LogMemory: Virtual Memory: 268.03 MB used, 134217728.00 MB total
[2014.08.22-23.19.38:933][  0]LogD3D11RHI: Found D3D11 adapter 0: NVIDIA GeForce GTX 770 (Feature Level 11_0)
[2014.08.22-23.19.38:933][  0]LogD3D11RHI: Adapter has 1985MB of dedicated video memory, 0MB of dedicated system memory, and 2048MB of shared system memory, 2 output[s]
[2014.08.22-23.19.38:955][  0]LogD3D11RHI: Found D3D11 adapter 1: Intel(R) HD Graphics 4600 (Feature Level 11_0)
[2014.08.22-23.19.38:955][  0]LogD3D11RHI: Adapter has 32MB of dedicated video memory, 0MB of dedicated system memory, and 1760MB of shared system memory, 0 output[s]
[2014.08.22-23.19.38:959][  0]LogD3D11RHI: Found D3D11 adapter 2: Microsoft Basic Render Driver (Feature Level 11_0)
[2014.08.22-23.19.38:959][  0]LogD3D11RHI: Adapter has 0MB of dedicated video memory, 0MB of dedicated system memory, and 256MB of shared system memory, 0 output[s]
[2014.08.22-23.19.38:959][  0]LogD3D11RHI: Chosen D3D11 Adapter Id = 0
[2014.08.22-23.19.38:980][  0]LogRHI: Texture pool is 1361 MB (70% of 1945 MB)
[2014.08.22-23.19.39:004][  0]LogD3D11RHI: Async texture creation enabled
[2014.08.22-23.19.39:102][  0]LogContentStreaming: Texture pool size is 0.000000MB
[2014.08.22-23.19.41:714][  0]LogTargetPlatformManager:Display: Building Assets For Windows
[2014.08.22-23.19.42:077][  0]LogTargetPlatformManager:Display: Building Assets For Windows
[2014.08.22-23.19.42:112][  0]LogDerivedDataCache:Display: Max Cache Size: 512 MB
[2014.08.22-23.19.42:145][  0]LogDerivedDataCache: Loaded boot cache 0.03s 39MB C:/Users/McCaffrey/AppData/Local/UnrealEngine/4.4/DerivedDataCache/Boot.ddc.
[2014.08.22-23.19.42:145][  0]LogDerivedDataCache:Display: Loaded Boot cache: C:/Users/McCaffrey/AppData/Local/UnrealEngine/4.4/DerivedDataCache/Boot.ddc
[2014.08.22-23.19.42:145][  0]LogDerivedDataCache: FDerivedDataBackendGraph:  Pak pak cache file F:/Unreal/GitHub/TP_SpaceShooterVR/DerivedDataCache/DDC.ddp not found, will not use a pak cache.
[2014.08.22-23.19.42:145][  0]LogDerivedDataCache: Unable to find inner node Pak for hierarchical cache Hierarchy.
[2014.08.22-23.19.42:158][  0]LogDerivedDataCache:Display: Pak cache opened for reading ../../../Engine/DerivedDataCache/DDC.ddp.
[2014.08.22-23.19.42:171][  0]LogDerivedDataCache: Using Local data cache path C:/Users/McCaffrey/AppData/Local/UnrealEngine/4.4/DerivedDataCache: Writable
[2014.08.22-23.19.42:309][  0]LogMeshUtilities: No automatic mesh reduction module available
[2014.08.22-23.19.42:309][  0]LogMeshUtilities: No automatic mesh merging module available
[2014.08.22-23.19.42:636][  0]LogInit: WinSock: version 1.1 (2.2), MaxSocks=32767, MaxUdp=65467
[2014.08.22-23.19.43:274][  0]LogStats:Warning: MetaData mismatch. Did you assign a stat to two groups? New //STATGROUP_Threads//FMonitoredProcess///Thread_2914_0///////STATCAT_Advanced//// old //STATGROUP_Threads//FMonitoredProcess///Thread_2b94_0///////STATCAT_Advanced////
[2014.08.22-23.19.43:274][  0]UdpMessaging: Initializing bridge on interface 0.0.0.0:0 to multicast group 230.0.0.1:6666.
[2014.08.22-23.19.43:384][  0]SourceControl: Info Source control is disabled
[2014.08.22-23.19.43:384][  0]SourceControl: Info Source control is disabled
[2014.08.22-23.19.43:390][  0]SourceControl: Info Source control is disabled
[2014.08.22-23.19.43:553][  0]BlueprintLog: New page: Editor Load
[2014.08.22-23.19.43:648][  0]LogObj: 21438 objects as part of root set at end of initial load.
[2014.08.22-23.19.43:648][  0]LogUObjectAllocator: 4218656 out of 0 bytes used by permanent object pool.
[2014.08.22-23.19.43:821][  0]LogEngine: Initializing Engine...
[2014.08.22-23.19.43:906][  0]LogInit: XAudio2 using 'Speakers (Realtek High Definition Audio)' : 2 channels at 48 kHz using 32 bits per sample (channel mask 0x3)
[2014.08.22-23.19.43:916][  0]LogInit: FAudioDevice initialized.
[2014.08.22-23.19.43:932][  0]LogAIModule: Creating AISystem for world NewWorld
[2014.08.22-23.19.43:951][  0]LogDerivedDataCache: Saved boot cache 0.02s 39MB C:/Users/McCaffrey/AppData/Local/UnrealEngine/4.4/DerivedDataCache/Boot.ddc.
[2014.08.22-23.19.43:954][  0]LogInit: Texture streaming: Enabled
[2014.08.22-23.19.43:985][  0]LogInit: Transaction tracking system initialized
[2014.08.22-23.19.44:094][  0]LogAssetRegistry: FAssetRegistry took 0.0109 seconds to start up
[2014.08.22-23.19.44:525][  0]LogTargetPlatformManager:Display: Building Assets For Windows
[2014.08.22-23.19.44:817][  0]LogTargetPlatformManager:Display: Building Assets For Windows
[2014.08.22-23.19.44:934][  0]LogConsoleResponse:Display: 
[2014.08.22-23.19.45:192][  0]LogStats:Warning: MetaData mismatch. Did you assign a stat to two groups? New //STATGROUP_Threads//FMonitoredProcess///Thread_1a30_0///////STATCAT_Advanced//// old //STATGROUP_Threads//FMonitoredProcess///Thread_2b94_0///////STATCAT_Advanced////
[2014.08.22-23.19.45:192][  0]LogStats:Warning: MetaData mismatch. Did you assign a stat to two groups? New //STATGROUP_Threads//FMonitoredProcess///Thread_1ebc_0///////STATCAT_Advanced//// old //STATGROUP_Threads//FMonitoredProcess///Thread_2b94_0///////STATCAT_Advanced////
[2014.08.22-23.19.45:192][  0]SourceControl: Info Source control is disabled
[2014.08.22-23.19.45:192][  0]Cmd: MAP LOAD FILE="F:/Unreal/GitHub/TP_SpaceShooterVR/Content/DefaultAsteroidField.umap" TEMPLATE=0 SHOWPROGRESS=1
[2014.08.22-23.19.45:193][  0]LightingResults: New page: Lighting Build
[2014.08.22-23.19.45:201][  0]MapCheck: New page: Map Check
[2014.08.22-23.19.45:201][  0]LightingResults: New page: Lighting Build
[2014.08.22-23.19.45:211][  0]LogParticles: Destroying 0 GPU particle simulations for FXSystem 0x000000745C9527A0
[2014.08.22-23.19.48:271][  0]LogBlueprint:Warning: [compiler] Warning Unable to find function with name 'GetControlledPawn' for  Get Controlled Pawn 
[2014.08.22-23.19.48:271][  0]LogBlueprint:Warning: [compiler] Warning Unable to find function with name 'GetControlledPawn' for  Get Controlled Pawn 
[2014.08.22-23.19.48:280][  0]LogBlueprint:Warning: [compiler] Warning Could not find the function 'GetControlledPawn' called from  Get Controlled Pawn 
[2014.08.22-23.19.48:280][  0]LogBlueprint:Warning: [compiler] Warning Could not find the function 'GetControlledPawn' called from  Get Controlled Pawn 
[2014.08.22-23.19.48:282][  0]LogBlueprint:Warning: [compiler] Warning [0011.59] Compile of VRSpaceShooterController successful, but with 4 Warning(s) [in 27 ms]
[2014.08.22-23.19.48:614][  0]LogBlueprint:Warning: [compiler] Warning Unable to find function with name 'GetControlledPawn' for  Get Controlled Pawn 
[2014.08.22-23.19.48:615][  0]LogBlueprint:Warning: [compiler] Warning Unable to find function with name 'GetControlledPawn' for  Get Controlled Pawn 
[2014.08.22-23.19.48:624][  0]LogBlueprint:Warning: [compiler] Warning Could not find the function 'GetControlledPawn' called from  Get Controlled Pawn 
[2014.08.22-23.19.48:624][  0]LogBlueprint:Warning: [compiler] Warning Could not find the function 'GetControlledPawn' called from  Get Controlled Pawn 
[2014.08.22-23.19.48:627][  0]LogBlueprint:Warning: [compiler] Warning [0011.94] Compile of VRSpaceShooterController successful, but with 4 Warning(s) [in 38 ms]
[2014.08.22-23.19.48:981][  0]LogLinker:Warning: Asset 'F:/Unreal/GitHub/TP_SpaceShooterVR/Content/Props/MaterialSphere.uasset' has been saved with empty engine version. The asset will be loaded but may be incompatible.
[2014.08.22-23.19.49:309][  0]LogTexture:Display: Building textures: ThumbnailTexture (DXT1)
[2014.08.22-23.19.49:392][  0]LogMaterial: Missing cached shader map for material M_Burst, compiling.
[2014.08.22-23.19.49:417][  0]LogTexture:Display: Building textures: ThumbnailTexture (DXT1)
[2014.08.22-23.19.49:491][  0]LogAudioDerivedData:Display: Building compressed audio format OGG wave Selected...
[2014.08.22-23.19.49:514][  0]LogTexture:Display: Building textures: SpaceCrosshairFlipBookMask (AutoDXT)
[2014.08.22-23.19.49:675][  0]LogTexture:Display: Building textures: HUDPrimaryWeap (AutoDXT)
[2014.08.22-23.19.49:864][  0]LogMaterial: Missing cached shader map for material HUD_PrimryLocation_Mat, compiling.
[2014.08.22-23.19.49:890][  0]LogStaticMesh: Building static mesh SpaceShooterSteeringWheel...
[2014.08.22-23.19.49:896][  0]LogStaticMesh: Built static mesh [7.422706ms] /Game/Meshes/SpaceShooterSteeringWheel.SpaceShooterSteeringWheel
[2014.08.22-23.19.49:898][  0]LogMaterial: Missing cached shader map for material M_Template_Master, compiling.
[2014.08.22-23.19.49:938][  0]LogTexture:Display: Building textures: FrontHUDBaseTex (AutoDXT)
[2014.08.22-23.19.50:130][  0]LogMaterial: Missing cached shader map for material FrontHUDBase_Mat, compiling.
[2014.08.22-23.19.50:134][  0]LogMaterial: Missing cached shader map for material crosshair, compiling.
[2014.08.22-23.19.50:146][  0]LogStaticMesh: Building static mesh SpaceShooterPlayerShip...
[2014.08.22-23.19.50:245][  0]LogStaticMesh: Built static mesh [99.654053ms] /Game/Meshes/SpaceShooterPlayerShip.SpaceShooterPlayerShip
[2014.08.22-23.19.50:286][  0]LogTexture:Display: Building textures: CurvedBar (AutoDXT)
[2014.08.22-23.19.50:501][  0]LogTexture:Display: Building textures: T_HUD_Bar_Generic (AutoDXT)
[2014.08.22-23.19.50:525][  0]LogMaterial: Missing cached shader map for material CurvedBar_Mat, compiling.
[2014.08.22-23.19.50:548][  0]LogMaterial: Missing cached shader map for material 8Bit, compiling.
[2014.08.22-23.19.50:561][  0]LogStaticMesh: Building static mesh SM_Cave_Rock_Small_01b...
[2014.08.22-23.19.50:587][  0]LogStaticMesh: Built static mesh [26.443392ms] /Game/Environment/Meshes/Rocks/SM_Cave_Rock_Small_01b.SM_Cave_Rock_Small_01b
[2014.08.22-23.19.50:603][  0]LogTexture:Display: Building textures: Arrow (AutoDXT)
[2014.08.22-23.19.50:616][  0]LogMaterial: Missing cached shader map for material Arrow_Mat, compiling.
[2014.08.22-23.19.50:626][  0]LogMaterial: Missing cached shader map for material M_Menu_Background, compiling.
[2014.08.22-23.19.50:634][  0]LogAudioDerivedData:Display: Building compressed audio format OGG wave GunFire...
[2014.08.22-23.19.50:723][  0]LogTexture:Display: Building textures: T_Cave_Rock_Detail_D_2 (AutoDXT)
[2014.08.22-23.19.51:952][  0]LogTexture:Display: Building textures: T_CaveRock_Detail_N_2 (BC5)
[2014.08.22-23.19.52:218][  0]LogTexture:Display: Building textures: T_CaveRock_Detail_N (BC5)
[2014.08.22-23.19.52:470][  0]LogTexture:Display: Building textures: T_Cave_Rock_Detail_D (AutoDXT)
[2014.08.22-23.19.53:695][  0]LogTexture:Display: Building textures: T_Cave_Ice_Tiling_D (AutoDXT)
[2014.08.22-23.19.54:943][  0]LogTexture:Display: Building textures: HUDEnemySelector (AutoDXT)
[2014.08.22-23.19.55:129][  0]LogMaterial: Missing cached shader map for material HUDEnemySelector_Mat, compiling.
[2014.08.22-23.19.55:200][  0]LogTexture:Display: Building textures: T_Cave_WaterDrips_M (G8)
[2014.08.22-23.19.55:643][  0]LogTexture:Display: Building textures: T_Cave_Noise_14 (AutoDXT)
[2014.08.22-23.19.59:453][  0]LogTexture:Display: Building textures: T_Cave_Rock_Small_N (BC5)
[2014.08.22-23.19.59:786][  0]LogTexture:Display: Building textures: T_Cave_Rock_Detail_M (AutoDXT)
[2014.08.22-23.20.01:089][  0]LogTexture:Display: Building textures: T_Cave_Rock_Small_M (AutoDXT)
[2014.08.22-23.20.02:262][  0]LogMaterial: Missing cached shader map for material M_Cave_Rock, compiling.
[2014.08.22-23.20.02:323][  0]LogMaterial: Missing cached shader map for material M_Cave_Rock, compiling.
[2014.08.22-23.20.02:371][  0]LogAudioDerivedData:Display: Building compressed audio format OGG wave MutedExplosion01...
[2014.08.22-23.20.02:484][  0]LogTexture:Display: Building textures: SpaceSphereMap (DXT1)
[2014.08.22-23.20.03:131][  0]LogMaterial: Missing cached shader map for material SpaceSphereMap_Mat, compiling.
[2014.08.22-23.20.03:133][  0]LogStaticMesh: Building static mesh EnvironmentSphere...
[2014.08.22-23.20.03:145][  0]LogStaticMesh: Built static mesh [12.061311ms] /Game/Meshes/EnvironmentSphere.EnvironmentSphere
[2014.08.22-23.20.03:149][  0]LogTexture:Display: Building textures: HQ_Lightmap0_2 (AutoDXT)
[2014.08.22-23.20.03:150][  0]LogTexture:Display: Building textures: HQ_Lightmap1_1 (AutoDXT)
[2014.08.22-23.20.03:150][  0]LogTexture:Display: Building textures: LQ_Lightmap_0_2 (DXT1)
[2014.08.22-23.20.03:151][  0]LogTexture:Display: Building textures: LQ_Lightmap_1_1 (DXT1)
[2014.08.22-23.20.03:151][  0]LogTexture:Display: Building textures: ShadowMapTexture2D_1 (BGRA8)
[2014.08.22-23.20.03:152][  0]LogTexture:Display: Building textures: ShadowMapTexture2D_2 (BGRA8)
[2014.08.22-23.20.03:217][  0]LogEditorServer: Finished looking for orphan Actors (0.000 secs)
[2014.08.22-23.20.03:217][  0]LogAIModule: Creating AISystem for world DefaultAsteroidField
[2014.08.22-23.20.03:217][  0]Cmd: MAP CHECKDEP
[2014.08.22-23.20.03:217][  0]MapCheck: New page: DefaultAsteroidField - 23 Aug 2014 7:20:03 pm
[2014.08.22-23.20.03:368][  0]MapCheck: Info ========== Map Check: 0 Error(s), 0 Warning(s), [150.937ms] ==========
[2014.08.22-23.20.03:368][  0]LogFileHelpers: Loading map 'DefaultAsteroidField' took 18.176
[2014.08.22-23.20.03:513][  0]LogCollectionManager: Loaded 0 collections in 0.001433 seconds
[2014.08.22-23.20.03:743][  0]LogCrashTracker: Crashtracker disabled due to settings.
[2014.08.22-23.20.03:794][  0]LogLoad: Full Startup: 27.10 seconds (BP compile: 0.62 seconds)
[2014.08.22-23.20.03:822][  0]LogContentBrowser:Verbose: The content browser source was changed by the sources view to '/Game/Character'
[2014.08.22-23.20.03:933][  0]LogRenderer:Warning: Reallocating scene render targets to support 32x32.
[2014.08.22-23.20.04:057][  0]LogRenderer:Warning: Reallocating scene render targets to support 1848x1256.
[2014.08.22-23.20.04:188][  1]LogAssetRegistry: Asset discovery search completed in 20.1052 seconds
[2014.08.22-23.20.33:590][247]LogContentBrowser:Verbose: The content browser source was changed by the sources view to '/Game/Blueprints'
[2014.08.22-23.21.30:127][707]LogContentBrowser:Verbose: The content browser source was changed by the sources view to '/Game/Character'
[2014.08.22-23.22.45:967][931]LogContentBrowser:Verbose: The content browser source was changed by the sources view to '/Game'
[2014.08.22-23.22.56:008][394]LogContentBrowser:Verbose: The content browser source was changed by the sources view to '/Game/Character'
[2014.08.22-23.23.10:131][824]LogDesktopPlatform:Warning: Error reading results of folder dialog.
[2014.08.22-23.23.11:225][870]LogContentBrowser:Verbose: The content browser source was changed by the sources view to '/Game/Blueprints'
[2014.08.22-23.23.12:596][917]LogContentBrowser:Verbose: The content browser source was changed by the sources view to '/Game/Character'
[2014.08.22-23.23.36:755][277]AssetRegistry: New page: Content migration completed successfully!
[2014.08.22-23.23.36:755][277]AssetRegistry: Info /Game/Character/ModularTPP_AnimBlueprint
[2014.08.22-23.23.36:755][277]AssetRegistry: Info /Game/Animations/ModularAnimations/HeadOffsetBlendSpacePitchYaw_Modular
[2014.08.22-23.23.36:755][277]AssetRegistry: Info /Game/Animations/ModularAnimations/HO_Center_Modular
[2014.08.22-23.23.36:755][277]AssetRegistry: Info /Game/Animations/ModularAnimations/Idle_Modular
[2014.08.22-23.23.36:755][277]AssetRegistry: Info /Game/Character/TPPModular_Skeleton
[2014.08.22-23.23.36:755][277]AssetRegistry: Info /Game/Animations/ModularAnimations/HO_Down_Modular
[2014.08.22-23.23.36:755][277]AssetRegistry: Info /Game/Animations/ModularAnimations/HO_Left_Modular
[2014.08.22-23.23.36:755][277]AssetRegistry: Info /Game/Animations/ModularAnimations/HO_Right_Modular
[2014.08.22-23.23.36:755][277]AssetRegistry: Info /Game/Animations/ModularAnimations/HO_Up_Modular
[2014.08.22-23.23.36:755][277]AssetRegistry: Info /Game/Animations/ModularAnimations/HeadOffsetBlendSpaceRoll_Modular
[2014.08.22-23.23.36:755][277]AssetRegistry: Info /Game/Animations/ModularAnimations/HO_RollLeft_Modular
[2014.08.22-23.23.36:755][277]AssetRegistry: Info /Game/Animations/ModularAnimations/HO_RollRight_Modular
[2014.08.22-23.23.36:755][277]AssetRegistry: Info /Game/Animations/ModularAnimations/TPP_Hold_Montage
[2014.08.22-23.23.36:755][277]AssetRegistry: Info /Game/Animations/ModularAnimations/TPP_Hold
[2014.08.22-23.23.36:755][277]AssetRegistry: Info /Game/Animations/ModularAnimations/TPP_Sit
[2014.08.22-23.23.36:755][277]AssetRegistry: Info /Game/Blueprints/SpaceShooterPawn
[2014.08.22-23.23.36:755][277]AssetRegistry: Info /Game/Blueprints/Weapons/PrimaryFire
[2014.08.22-23.23.36:755][277]AssetRegistry: Info /Game/Effects/Weapons/PrimaryFire
[2014.08.22-23.23.36:755][277]AssetRegistry: Info /Game/Particles/Materials/m_flare_01
[2014.08.22-23.23.36:755][277]AssetRegistry: Info /Game/Effects/Weapons/PrimaryFireExplosion
[2014.08.22-23.23.36:755][277]AssetRegistry: Info /Game/Particles/Materials/M_Burst
[2014.08.22-23.23.36:755][277]AssetRegistry: Info /Game/Textures/T_Burst_M
[2014.08.22-23.23.36:755][277]AssetRegistry: Info /Game/Particles/Materials/M_radial_ramp
[2014.08.22-23.23.36:755][277]AssetRegistry: Info /Game/Particles/Materials/M_smoke_subUV
[2014.08.22-23.23.36:755][277]AssetRegistry: Info /Game/Textures/T_Smoke_SubUV
[2014.08.22-23.23.36:755][277]AssetRegistry: Info /Game/Textures/T_Smoke_Tiled_D
[2014.08.22-23.23.36:755][277]AssetRegistry: Info /Game/Blueprints/Weapons/SecondaryFire
[2014.08.22-23.23.36:755][277]AssetRegistry: Info /Game/Blueprints/VRSpaceShooterController
[2014.08.22-23.23.36:755][277]AssetRegistry: Info /Game/Blueprints/ContextMenu
[2014.08.22-23.23.36:755][277]AssetRegistry: Info /Game/Materials/DefaultTextMaterialTranslucentDepthTestDisabled
[2014.08.22-23.23.36:755][277]AssetRegistry: Info /Game/Materials/M_Menu_Background
[2014.08.22-23.23.36:755][277]AssetRegistry: Info /Game/Materials/M_MenuToggleCircle
[2014.08.22-23.23.36:755][277]AssetRegistry: Info /Game/Materials/MenuBase_Mat
[2014.08.22-23.23.36:755][277]AssetRegistry: Info /Game/Textures/HMDSettingsBase_Tex
[2014.08.22-23.23.36:755][277]AssetRegistry: Info /Game/Textures/SettingsMask
[2014.08.22-23.23.36:755][277]AssetRegistry: Info /Game/Materials/BackBase_Mat
[2014.08.22-23.23.36:755][277]AssetRegistry: Info /Game/Textures/BackBase_Tex
[2014.08.22-23.23.36:756][277]AssetRegistry: Info /Game/Materials/M_MenuToggleCircle_Highlighted
[2014.08.22-23.23.36:756][277]AssetRegistry: Info /Game/Materials/SettingsBase_Mat
[2014.08.22-23.23.36:756][277]AssetRegistry: Info /Game/Textures/SettingsBase_Tex
[2014.08.22-23.23.36:756][277]AssetRegistry: Info /Game/Shapes/Shape_Plane
[2014.08.22-23.23.36:756][277]AssetRegistry: Info /Game/Materials/M_Basic_Wall
[2014.08.22-23.23.36:756][277]AssetRegistry: Info /Game/Textures/crosshair
[2014.08.22-23.23.36:756][277]AssetRegistry: Info /Game/Blueprints/HMDSettingsSave
[2014.08.22-23.23.36:756][277]AssetRegistry: Info /Game/Blueprints/VRCameraManager
[2014.08.22-23.23.36:756][277]AssetRegistry: Info /Game/Materials/8Bit_Inst
[2014.08.22-23.23.36:756][277]AssetRegistry: Info /Game/Materials/8Bit
[2014.08.22-23.23.36:756][277]AssetRegistry: Info /Game/Materials/8BitPostProcessParamater
[2014.08.22-23.23.36:756][277]AssetRegistry: Info /Game/Effects/Weapons/P_Rocket
[2014.08.22-23.23.36:756][277]AssetRegistry: Info /Game/Particles/Materials/M_Radial_Gradient
[2014.08.22-23.23.36:756][277]AssetRegistry: Info /Game/Particles/Materials/M_Spark
[2014.08.22-23.23.36:756][277]AssetRegistry: Info /Game/Textures/T_Spark_Core
[2014.08.22-23.23.36:756][277]AssetRegistry: Info /Game/Materials/Crosshair
[2014.08.22-23.23.36:756][277]AssetRegistry: Info /Game/Textures/HUD/Flipbook/SpaceCrosshairFlipBookMask
[2014.08.22-23.23.36:756][277]AssetRegistry: Info /Game/Materials/FrontHUDBase_Mat
[2014.08.22-23.23.36:756][277]AssetRegistry: Info /Game/Textures/FrontHUDBaseTex
[2014.08.22-23.23.36:756][277]AssetRegistry: Info /Game/Materials/HUD_PrimryLocation_Mat
[2014.08.22-23.23.36:756][277]AssetRegistry: Info /Game/Textures/HUDPrimaryWeap
[2014.08.22-23.23.36:756][277]AssetRegistry: Info /Game/Meshes/M_Template_Master
[2014.08.22-23.23.36:756][277]AssetRegistry: Info /Game/Materials/EnergyBar
[2014.08.22-23.23.36:756][277]AssetRegistry: Info /Game/Materials/CurvedBar_Mat
[2014.08.22-23.23.36:756][277]AssetRegistry: Info /Game/Textures/HUD/CurvedBar
[2014.08.22-23.23.36:756][277]AssetRegistry: Info /Game/Textures/T_HUD_Bar_Generic
[2014.08.22-23.23.36:756][277]AssetRegistry: Info /Game/Materials/HealthBar
[2014.08.22-23.23.36:756][277]AssetRegistry: Info /Game/Audio/GunFire
[2014.08.22-23.23.36:756][277]AssetRegistry: Info /Game/Audio/Selected
[2014.08.22-23.23.36:756][277]AssetRegistry: Info /Game/Character/TPPBody
[2014.08.22-23.23.36:756][277]AssetRegistry: Info /Game/Character/TPPBody_PhysicsAsset
[2014.08.22-23.23.36:756][277]AssetRegistry: Info /Game/Character/TPPHead
[2014.08.22-23.23.36:756][277]AssetRegistry: Info /Game/Character/TPPHead_PhysicsAsset
[2014.08.22-23.23.36:756][277]AssetRegistry: Info /Game/Meshes/SpaceShooterPlayerShip
[2014.08.22-23.23.36:756][277]AssetRegistry: Info /Game/Materials/M_Glass
[2014.08.22-23.23.36:756][277]AssetRegistry: Info /Game/Meshes/SpaceShooterSteeringWheel
[2014.08.22-23.23.36:756][277]AssetRegistry: Info /Game/Shapes/Shape_Cube
[2014.08.23-00.21.29:868][748]LogSkeletalMesh: InitArticulated: Bodies already created (/Engine/Transient.DebugSkelMeshComponent_0) - call TermArticulated first.
[2014.08.23-00.21.32:742][847]LogUObjectArray:Warning: Other object in slot
[2014.08.23-00.21.32:890][847]LogWindows:Error: appError called: Assertion failed: Property->IsValidLowLevel() [File:D:\BuildFarm\buildmachine_++depot+UE4-Releases+4.4\Engine\Source\Editor\UnrealEd\Private\Kismet2\KismetDebugUtilities.cpp] [Line: 782]

Stack:
Address = 0x1675216  (filename not found) [in C:\Program Files\Unreal Engine\4.4\Engine\Binaries\Win64\UE4Editor-Core.dll]
Address = 0x14f8615  (filename not found) [in C:\Program Files\Unreal Engine\4.4\Engine\Binaries\Win64\UE4Editor-Core.dll]
Address = 0xf8196d0f (filename not found) [in C:\Program Files\Unreal Engine\4.4\Engine\Binaries\Win64\UE4Editor-UnrealEd.dll]
Address = 0x1144eb4  (filename not found) [in C:\Program Files\Unreal Engine\4.4\Engine\Binaries\Win64\UE4Editor-BlueprintGraph.dll]
Address = 0xf64f227e (filename not found) [in C:\Program Files\Unreal Engine\4.4\Engine\Binaries\Win64\UE4Editor-GraphEditor.dll]
Address = 0xf64c4cc6 (filename not found) [in C:\Program Files\Unreal Engine\4.4\Engine\Binaries\Win64\UE4Editor-GraphEditor.dll]
Address = 0xf8b5405a (filename not found) [in C:\Program Files\Unreal Engine\4.4\Engine\Binaries\Win64\UE4Editor-Slate.dll]
Address = 0xf8b5b478 (filename not found) [in C:\Program Files\Unreal Engine\4.4\Engine\Binaries\Win64\UE4Editor-Slate.dll]
Address = 0xf8d55302 (filename not found) [in C:\Program Files\Unreal Engine\4.4\Engine\Binaries\Win64\UE4Editor-Slate.dll]
Address = 0xf8bb0bd1 (filename not found) [in C:\Program Files\Unreal Engine\4.4\Engine\Binaries\Win64\UE4Editor-Slate.dll]
Address = 0xf8b9254f (filename not found) [in C:\Program Files\Unreal Engine\4.4\Engine\Binaries\Win64\UE4Editor-Slate.dll]
Address = 0xf8b81860 (filename not found) [in C:\Program Files\Unreal Engine\4.4\Engine\Binaries\Win64\UE4Editor-Slate.dll]
Address = 0x15e3284  (filename not found) [in C:\Program Files\Unreal Engine\4.4\Engine\Binaries\Win64\UE4Editor-Core.dll]
Address = 0x15cf871  (filename not found) [in C:\Program Files\Unreal Engine\4.4\Engine\Binaries\Win64\UE4Editor-Core.dll]
Address = 0x15e461e  (filename not found) [in C:\Program Files\Unreal Engine\4.4\Engine\Binaries\Win64\UE4Editor-Core.dll]
Address = 0x15cc6e2  (filename not found) [in C:\Program Files\Unreal Engine\4.4\Engine\Binaries\Win64\UE4Editor-Core.dll]
Address = 0x1a282434 (filename not found) [in C:\WINDOWS\system32\USER32.dll]
Address = 0x1a282297 (filename not found) [in C:\WINDOWS\system32\USER32.dll]
Address = 0x15e4ac6  (filename not found) [in C:\Program Files\Unreal Engine\4.4\Engine\Binaries\Win64\UE4Editor-Core.dll]
FEngineLoop::Tick() 0xc822708d + 8 bytes [File=d:\buildfarm\buildmachine_++depot+ue4-releases+4.4\engine\source\runtime\launch\private\launchengineloop.cpp:2080] [in C:\Program Files\Unreal Engine\4.4\Engine\Binaries\Win64\UE4Editor.exe]
GuardedMain() 0xc821ca3c + 0 bytes [File=d:\buildfarm\buildmachine_++depot+ue4-releases+4.4\engine\source\runtime\launch\private\launch.cpp:133] [in C:\Program Files\Unreal Engine\4.4\Engine\Binaries\Win64\UE4Editor.exe]
GuardedMainWrapper() 0xc821caaa + 5 bytes [File=d:\buildfarm\buildmachine_++depot+ue4-releases+4.4\engine\source\runtime\launch\private\windows\launchwindows.cpp:125] [in C:\Program Files\Unreal Engine\4.4\Engine\Binaries\Win64\UE4Editor.exe]
WinMain() 0xc82288c9 + 17 bytes [File=d:\buildfarm\buildmachine_++depot+ue4-releases+4.4\engine\source\runtime\launch\private\windows\launchwindows.cpp:201] [in C:\Program Files\Unreal Engine\4.4\Engine\Binaries\Win64\UE4Editor.exe]
__tmainCRTStartup() 0xc82296f9 + 21 bytes [File=f:\dd\vctools\crt\crtw32\dllstuff\crtexe.c:618] [in C:\Program Files\Unreal Engine\4.4\Engine\Binaries\Win64\UE4Editor.exe]
Address = 0x1a7516ad (filename not found) [in C:\WINDOWS\system32\KERNEL32.DLL]
Address = 0x1d7934a5 (filename not found) [in C:\WINDOWS\SYSTEM32\ntdll.dll]
Address = 0x1d7934a5 (filename not found) [in C:\WINDOWS\SYSTEM32\ntdll.dll]

[2014.08.23-00.21.32:890][847]LogWindows:Error: Windows GetLastError: The operation completed successfully. (0)
[2014.08.23-00.21.32:890][847]LogCrashTracker: 


[2014.08.23-00.21.33:169][847]LogCrashTracker: 


[2014.08.23-00.21.33:169][847]LogWindows: === Critical error: ===


[2014.08.23-00.21.33:169][847]LogWindows: Assertion failed: Property->IsValidLowLevel() [File:D:\BuildFarm\buildmachine_++depot+UE4-Releases+4.4\Engine\Source\Editor\UnrealEd\Private\Kismet2\KismetDebugUtilities.cpp] [Line: 782]

Stack:
Address = 0x1675216  (filename not found) [in C:\Program Files\Unreal Engine\4.4\Engine\Binaries\Win64\UE4Editor-Core.dll]
Address = 0x14f8615  (filename not found) [in C:\Program Files\Unreal Engine\4.4\Engine\Binaries\Win64\UE4Editor-Core.dll]
Address = 0xf8196d0f (filename not found) [in C:\Program Files\Unreal Engine\4.4\Engine\Binaries\Win64\UE4Editor-UnrealEd.dll]
Address = 0x1144eb4  (filename not found) [in C:\Program Files\Unreal Engine\4.4\Engine\Binaries\Win64\UE4Editor-BlueprintGraph.dll]
Address = 0xf64f227e (filename not found) [in C:\Program Files\Unreal Engine\4.4\Engine\Binaries\Win64\UE4Editor-GraphEditor.dll]
Address = 0xf64c4cc6 (filename not found) [in C:\Program Files\Unreal Engine\4.4\Engine\Binaries\Win64\UE4Editor-GraphEditor.dll]
Address = 0xf8b5405a (filename not found) [in C:\Program Files\Unreal Engine\4.4\Engine\Binaries\Win64\UE4Editor-Slate.dll]
Address = 0xf8b5b478 (filename not found) [in C:\Program Files\Unreal Engine\4.4\Engine\Binaries\Win64\UE4Editor-Slate.dll]
Address = 0xf8d55302 (filename not found) [in C:\Program Files\Unreal Engine\4.4\Engine\Binaries\Win64\UE4Editor-Slate.dll]
Address = 0xf8bb0bd1 (filename not found) [in C:\Program Files\Unreal Engine\4.4\Engine\Binaries\Win64\UE4Editor-Slate.dll]
Address = 0xf8b9254f (filename not found) [in C:\Program Files\Unreal Engine\4.4\Engine\Binaries\Win64\UE4Editor-Slate.dll]
Address = 0xf8b81860 (filename not found) [in C:\Program Files\Unreal Engine\4.4\Engine\Binaries\Win64\UE4Editor-Slate.dll]
Address = 0x15e3284  (filename not found) [in C:\Program Files\Unreal Engine\4.4\Engine\Binaries\Win64\UE4Editor-Core.dll]
Address = 0x15cf871  (filename not found) [in C:\Program Files\Unreal Engine\4.4\Engine\Binaries\Win64\UE4Editor-Core.dll]
Address = 0x15e461e  (filename not found) [in C:\Program Files\Unreal Engine\4.4\Engine\Binaries\Win64\UE4Editor-Core.dll]
Address = 0x15cc6e2  (filename not found) [in C:\Program Files\Unreal Engine\4.4\Engine\Binaries\Win64\UE4Editor-Core.dll]
Address = 0x1a282434 (filename not found) [in C:\WINDOWS\system32\USER32.dll]
Address = 0x1a282297 (filename not found) [in C:\WINDOWS\system32\USER32.dll]
Address = 0x15e4ac6  (filename not found) [in C:\Program Files\Unreal Engine\4.4\Engine\Binaries\Win64\UE4Editor-Core.dll]
FEngineLoop::Tick() 0xc822708d + 8 bytes [File=d:\buildfarm\buildmachine_++depot+ue4-releases+4.4\engine\source\runtime\launch\private\launchengineloop.cpp:2080] [in C:\Program Files\Unreal Engine\4.4\Engine\Binaries\Win64\UE4Editor.exe]
GuardedMain() 0xc821ca3c + 0 bytes [File=d:\buildfarm\buildmachine_++depot+ue4-releases+4.4\engine\source\runtime\launch\private\launch.cpp:133] [in C:\Program Files\Unreal Engine\4.4\Engine\Binaries\Win64\UE4Editor.exe]
GuardedMainWrapper() 0xc821caaa + 5 bytes [File=d:\buildfarm\buildmachine_++depot+ue4-releases+4.4\engine\source\runtime\launch\private\windows\launchwindows.cpp:125] [in C:\Program Files\Unreal Engine\4.4\Engine\Binaries\Win64\UE4Editor.exe]
WinMain() 0xc82288c9 + 17 bytes [File=d:\buildfarm\buildmachine_++depot+ue4-releases+4.4\engine\source\runtime\launch\private\windows\launchwindows.cpp:201] [in C:\Program Files\Unreal Engine\4.4\Engine\Binaries\Win64\UE4Editor.exe]
__tmainCRTStartup() 0xc82296f9 + 21 bytes [File=f:\dd\vctools\crt\crtw32\dllstuff\crtexe.c:618] [in C:\Program Files\Unreal Engine\4.4\Engine\Binaries\Win64\UE4Editor.exe]
Address = 0x1a7516ad (filename not found) [in C:\WINDOWS\system32\KERNEL32.DLL]
Address = 0x1d7934a5 (filename not found) [in C:\WINDOWS\SYSTEM32\ntdll.dll]
Address = 0x1d7934a5 (filename not found) [in C:\WINDOWS\SYSTEM32\ntdll.dll]



[2014.08.23-00.21.33:234][847]LogExit: Executing StaticShutdownAfterError
[2014.08.23-00.21.33:246][847]LogWindows: FPlatformMisc::RequestExit(1)
[2014.08.23-00.21.33:246][847]Log file closed, 08/23/14 10:21:33
