Log file open, 08/27/14 07:54:40
LogInit:Display: Running engine for game: TP_VRSpaceShooter
LogInit: Version: 4.4.1-2270799+++depot+UE4-Releases+4.4
LogInit: API Version: 2255576
LogInit: Compiled (64-bit): Aug 25 2014 14:19:12
LogInit: Build Configuration: Development
LogInit: Branch Name: ++depot+UE4-Releases+4.4
LogInit: Command line:  /Temp/Autosaves/Game/UEDPCDefaultAsteroidField -game -PIEVIACONSOLE -ResX=1280 -ResY=720  -Multiprocess 
LogInit: Base directory: C:/Program Files/Unreal Engine/4.4/Engine/Binaries/Win64/
LogInit: Rocket: 1
[2014.08.26-21.54.40:946][  0]LogTaskGraph: Started task graph with 3 named threads and 4 total threads.
[2014.08.26-21.54.40:978][  0]LogOnline:Warning: No default platform service specified for OnlineSubsystem
[2014.08.26-21.54.40:988][  0]LogInit: Presizing for 0 objects not considered by GC, pre-allocating 0 bytes.
[2014.08.26-21.54.40:994][  0]LogInit: Object subsystem initialized
[2014.08.26-21.54.40:996][  0]LogInit: Selected Device Profile: [Windows]
[2014.08.26-21.54.40:996][  0]LogInit: Applying CVar settings loaded from the selected device profile: [Windows]
[2014.08.26-21.54.41:001][  0]LogInit: Computer: HOME
[2014.08.26-21.54.41:001][  0]LogInit: User: McCaffrey
[2014.08.26-21.54.41:003][  0]LogInit: CPU Page size=4096, Cores=4
[2014.08.26-21.54.41:003][  0]LogInit: High frequency timer resolution =3.410076 MHz
[2014.08.26-21.54.41:003][  0]LogMemory: Memory total: Physical=15.9GB (16GB approx) Virtual=131072.0GB
[2014.08.26-21.54.41:003][  0]LogMemory: Platform Memory Stats for Windows
[2014.08.26-21.54.41:003][  0]LogMemory: Process Physical Memory: 59.32 MB used, 59.32 MB peak
[2014.08.26-21.54.41:003][  0]LogMemory: Process Virtual Memory: 36.16 MB used, 36.16 MB peak
[2014.08.26-21.54.41:003][  0]LogMemory: Physical Memory: 5491.63 MB used, 16268.46 MB total
[2014.08.26-21.54.41:003][  0]LogMemory: Virtual Memory: 265.88 MB used, 134217728.00 MB total
[2014.08.26-21.54.41:167][  0]LogD3D11RHI: Found D3D11 adapter 0: NVIDIA GeForce GTX 770 (Feature Level 11_0)
[2014.08.26-21.54.41:167][  0]LogD3D11RHI: Adapter has 1985MB of dedicated video memory, 0MB of dedicated system memory, and 2048MB of shared system memory, 3 output[s]
[2014.08.26-21.54.41:175][  0]LogD3D11RHI: Found D3D11 adapter 1: Intel(R) HD Graphics 4600 (Feature Level 11_0)
[2014.08.26-21.54.41:175][  0]LogD3D11RHI: Adapter has 32MB of dedicated video memory, 0MB of dedicated system memory, and 1760MB of shared system memory, 0 output[s]
[2014.08.26-21.54.41:176][  0]LogD3D11RHI: Found D3D11 adapter 2: Microsoft Basic Render Driver (Feature Level 11_0)
[2014.08.26-21.54.41:176][  0]LogD3D11RHI: Adapter has 0MB of dedicated video memory, 0MB of dedicated system memory, and 256MB of shared system memory, 0 output[s]
[2014.08.26-21.54.41:176][  0]LogD3D11RHI: Chosen D3D11 Adapter Id = 0
[2014.08.26-21.54.41:181][  0]LogRHI: Texture pool is 1361 MB (70% of 1945 MB)
[2014.08.26-21.54.41:194][  0]LogD3D11RHI: Async texture creation enabled
[2014.08.26-21.54.41:320][  0]LogContentStreaming: Texture pool size is 1000.000000MB
[2014.08.26-21.54.44:227][  0]LogTargetPlatformManager:Display: Building Assets For Windows
[2014.08.26-21.54.44:645][  0]LogTargetPlatformManager:Display: Building Assets For Windows
[2014.08.26-21.54.44:693][  0]LogDerivedDataCache:Display: Max Cache Size: 512 MB
[2014.08.26-21.54.44:734][  0]LogDerivedDataCache: Loaded boot cache 0.04s 39MB C:/Users/McCaffrey/AppData/Local/UnrealEngine/4.4/DerivedDataCache/Boot.ddc.
[2014.08.26-21.54.44:734][  0]LogDerivedDataCache:Display: Loaded Boot cache: C:/Users/McCaffrey/AppData/Local/UnrealEngine/4.4/DerivedDataCache/Boot.ddc
[2014.08.26-21.54.44:735][  0]LogDerivedDataCache: FDerivedDataBackendGraph:  Pak pak cache file F:/Unreal/GitHub/TP_SpaceShooterVR/DerivedDataCache/DDC.ddp not found, will not use a pak cache.
[2014.08.26-21.54.44:735][  0]LogDerivedDataCache: Unable to find inner node Pak for hierarchical cache Hierarchy.
[2014.08.26-21.54.44:750][  0]LogDerivedDataCache:Display: Pak cache opened for reading ../../../Engine/DerivedDataCache/DDC.ddp.
[2014.08.26-21.54.44:762][  0]LogDerivedDataCache: Using Local data cache path C:/Users/McCaffrey/AppData/Local/UnrealEngine/4.4/DerivedDataCache: Writable
[2014.08.26-21.54.44:917][  0]LogMeshUtilities: No automatic mesh reduction module available
[2014.08.26-21.54.44:917][  0]LogMeshUtilities: No automatic mesh merging module available
[2014.08.26-21.54.45:232][  0]LogInit: WinSock: version 1.1 (2.2), MaxSocks=32767, MaxUdp=65467
[2014.08.26-21.54.46:017][  0]LogWindowsMoviePlayer: Unable to load movie: F:/Unreal/GitHub/TP_SpaceShooterVR/Content/Movies/Default_Startup.mp4
[2014.08.26-21.54.46:136][  0]LogStats:Warning: MetaData mismatch. Did you assign a stat to two groups? New //STATGROUP_Threads//FMonitoredProcess///Thread_20d8_0///////STATCAT_Advanced//// old //STATGROUP_Threads//FMonitoredProcess///Thread_5c0_0///////STATCAT_Advanced////
[2014.08.26-21.54.46:136][  0]SourceControl: Info Source control is disabled
[2014.08.26-21.54.46:136][  0]SourceControl: Info Source control is disabled
[2014.08.26-21.54.46:144][  0]SourceControl: Info Source control is disabled
[2014.08.26-21.54.46:191][  0]LogObj: 20996 objects as part of root set at end of initial load.
[2014.08.26-21.54.46:191][  0]LogUObjectAllocator: 3965960 out of 0 bytes used by permanent object pool.
[2014.08.26-21.54.46:400][  0]LogAutomationTest:Warning: ERR: Transient text cannot be serialized "Testing Transient serialization detection".
[2014.08.26-21.54.46:400][  0]LogEngine: Initializing Engine...
[2014.08.26-21.54.46:401][  0]LogHMD:Warning: HMD Oculus Rift DK2, Monitor \\.\DISPLAY3\Monitor0, res = 1920 x 1080, windowPos = {-1920, 0}
[2014.08.26-21.54.46:401][  0]LogHMD: Oculus initialized.
[2014.08.26-21.54.46:494][  0]LogInit: XAudio2 using 'Speakers (Realtek High Definition Audio)' : 2 channels at 48 kHz using 32 bits per sample (channel mask 0x3)
[2014.08.26-21.54.46:505][  0]LogInit: FAudioDevice initialized.
[2014.08.26-21.54.46:509][  0]LogInit: Texture streaming: Enabled
[2014.08.26-21.54.46:572][  0]LogConsoleResponse:Display: 
[2014.08.26-21.54.46:572][  0]LogNet: Browse: /Temp/Autosaves/Game/UEDPCDefaultAsteroidField?Name=Player
[2014.08.26-21.54.46:573][  0]LogLoad: LoadMap: /Temp/Autosaves/Game/UEDPCDefaultAsteroidField?Name=Player
[2014.08.26-21.54.46:588][  0]LogMemory: Platform Memory Stats for Windows
[2014.08.26-21.54.46:589][  0]LogMemory: Process Physical Memory: 270.94 MB used, 312.55 MB peak
[2014.08.26-21.54.46:589][  0]LogMemory: Process Virtual Memory: 220.42 MB used, 267.07 MB peak
[2014.08.26-21.54.46:589][  0]LogMemory: Physical Memory: 5658.16 MB used, 16268.46 MB total
[2014.08.26-21.54.46:589][  0]LogMemory: Virtual Memory: 624.08 MB used, 134217728.00 MB total
[2014.08.26-21.54.46:589][  0]LogMemory: 
[2014.08.26-21.54.46:589][  0]Allocator Stats for TBB: (not implemented)
[2014.08.26-21.54.47:685][  0]LogLinker:Warning: Asset 'F:/Unreal/GitHub/TP_SpaceShooterVR/Content/Props/MaterialSphere.uasset' has been saved with empty engine version. The asset will be loaded but may be incompatible.
[2014.08.26-21.54.47:831][  0]LogWorld: Game class is 'SpaceShooterGameMode_C'
[2014.08.26-21.54.47:851][  0]LogAIModule: Creating AISystem for world DefaultAsteroidField
[2014.08.26-21.54.47:901][  0]LogWorld: Bringing World /Temp/Autosaves/Game/UEDPCDefaultAsteroidField.DefaultAsteroidField up for play (max tick rate 0) at 2014.08.27-07.54.47
[2014.08.26-21.54.47:902][  0]LogWorld: Bringing up level for play took: 0.051175
[2014.08.26-21.54.47:908][  0]LogInit:Display: Game Engine Initialized.
[2014.08.26-21.54.48:119][  0]LogLoad: Full Startup: 8.11 seconds (BP compile: 0.70 seconds)
[2014.08.26-21.54.48:278][  0]LogRenderer:Warning: Reallocating scene render targets to support 1280x720.
[2014.08.26-21.54.49:025][ 33]LogScript:Warning: Accessed None 'CallFunc_GetPlayerCharacter_ReturnValue'
	VRSpaceShooterController_C /Temp/Autosaves/Game/UEDPCDefaultAsteroidField.DefaultAsteroidField:PersistentLevel.VRSpaceShooterController_C_0
	Function /Game/Blueprints/VRSpaceShooterController.VRSpaceShooterController_C:ToggleMenu:04CD
[2014.08.26-21.54.49:025][ 33]LogScript:Warning: Accessed None 'CallFunc_GetPlayerCharacter_ReturnValue'
	VRSpaceShooterController_C /Temp/Autosaves/Game/UEDPCDefaultAsteroidField.DefaultAsteroidField:PersistentLevel.VRSpaceShooterController_C_0
	Function /Game/Blueprints/VRSpaceShooterController.VRSpaceShooterController_C:ToggleMenu:076B
[2014.08.26-21.54.49:026][ 33]LogPrimitiveComponent: Zero scaling not supported (/Temp/Autosaves/Game/UEDPCDefaultAsteroidField.DefaultAsteroidField:PersistentLevel.ContextMenu_C_0.PPQ4)
[2014.08.26-21.54.49:026][ 33]LogPrimitiveComponent: Zero scaling not supported (/Temp/Autosaves/Game/UEDPCDefaultAsteroidField.DefaultAsteroidField:PersistentLevel.ContextMenu_C_0.EQ1)
[2014.08.26-21.54.49:026][ 33]LogPrimitiveComponent: Zero scaling not supported (/Temp/Autosaves/Game/UEDPCDefaultAsteroidField.DefaultAsteroidField:PersistentLevel.ContextMenu_C_0.EQ2)
[2014.08.26-21.54.49:026][ 33]LogPrimitiveComponent: Zero scaling not supported (/Temp/Autosaves/Game/UEDPCDefaultAsteroidField.DefaultAsteroidField:PersistentLevel.ContextMenu_C_0.EQ3)
[2014.08.26-21.54.49:027][ 33]LogPrimitiveComponent: Zero scaling not supported (/Temp/Autosaves/Game/UEDPCDefaultAsteroidField.DefaultAsteroidField:PersistentLevel.ContextMenu_C_0.EQ4)
[2014.08.26-21.54.49:027][ 33]LogPrimitiveComponent: Zero scaling not supported (/Temp/Autosaves/Game/UEDPCDefaultAsteroidField.DefaultAsteroidField:PersistentLevel.ContextMenu_C_0.TQ1)
[2014.08.26-21.54.49:027][ 33]LogPrimitiveComponent: Zero scaling not supported (/Temp/Autosaves/Game/UEDPCDefaultAsteroidField.DefaultAsteroidField:PersistentLevel.ContextMenu_C_0.TQ2)
[2014.08.26-21.54.49:027][ 33]LogPrimitiveComponent: Zero scaling not supported (/Temp/Autosaves/Game/UEDPCDefaultAsteroidField.DefaultAsteroidField:PersistentLevel.ContextMenu_C_0.TQ3)
[2014.08.26-21.54.49:027][ 33]LogPrimitiveComponent: Zero scaling not supported (/Temp/Autosaves/Game/UEDPCDefaultAsteroidField.DefaultAsteroidField:PersistentLevel.ContextMenu_C_0.TQ4)
[2014.08.26-21.54.49:027][ 33]LogPrimitiveComponent: Zero scaling not supported (/Temp/Autosaves/Game/UEDPCDefaultAsteroidField.DefaultAsteroidField:PersistentLevel.ContextMenu_C_0.SQ1)
[2014.08.26-21.54.49:027][ 33]LogPrimitiveComponent: Zero scaling not supported (/Temp/Autosaves/Game/UEDPCDefaultAsteroidField.DefaultAsteroidField:PersistentLevel.ContextMenu_C_0.SQ2)
[2014.08.26-21.54.49:028][ 33]LogPrimitiveComponent: Zero scaling not supported (/Temp/Autosaves/Game/UEDPCDefaultAsteroidField.DefaultAsteroidField:PersistentLevel.ContextMenu_C_0.SQ3)
[2014.08.26-21.54.49:028][ 33]LogPrimitiveComponent: Zero scaling not supported (/Temp/Autosaves/Game/UEDPCDefaultAsteroidField.DefaultAsteroidField:PersistentLevel.ContextMenu_C_0.SQ4)
[2014.08.26-21.54.49:028][ 33]LogPrimitiveComponent: Zero scaling not supported (/Temp/Autosaves/Game/UEDPCDefaultAsteroidField.DefaultAsteroidField:PersistentLevel.ContextMenu_C_0.PPQ1)
[2014.08.26-21.54.49:028][ 33]LogPrimitiveComponent: Zero scaling not supported (/Temp/Autosaves/Game/UEDPCDefaultAsteroidField.DefaultAsteroidField:PersistentLevel.ContextMenu_C_0.PPQ2)
[2014.08.26-21.54.49:028][ 33]LogPrimitiveComponent: Zero scaling not supported (/Temp/Autosaves/Game/UEDPCDefaultAsteroidField.DefaultAsteroidField:PersistentLevel.ContextMenu_C_0.PPQ3)
[2014.08.26-21.54.49:028][ 33]LogPrimitiveComponent: Zero scaling not supported (/Temp/Autosaves/Game/UEDPCDefaultAsteroidField.DefaultAsteroidField:PersistentLevel.ContextMenu_C_0.VDDown)
[2014.08.26-21.54.49:029][ 33]LogPrimitiveComponent: Zero scaling not supported (/Temp/Autosaves/Game/UEDPCDefaultAsteroidField.DefaultAsteroidField:PersistentLevel.ContextMenu_C_0.VDUp)
[2014.08.26-21.54.49:029][ 33]LogPrimitiveComponent: Zero scaling not supported (/Temp/Autosaves/Game/UEDPCDefaultAsteroidField.DefaultAsteroidField:PersistentLevel.ContextMenu_C_0.AADown)
[2014.08.26-21.54.49:029][ 33]LogPrimitiveComponent: Zero scaling not supported (/Temp/Autosaves/Game/UEDPCDefaultAsteroidField.DefaultAsteroidField:PersistentLevel.ContextMenu_C_0.AAUp)
[2014.08.26-21.54.49:031][ 33]LogPrimitiveComponent: Zero scaling not supported (/Temp/Autosaves/Game/UEDPCDefaultAsteroidField.DefaultAsteroidField:PersistentLevel.ContextMenu_C_0.DSUp01)
[2014.08.26-21.54.49:031][ 33]LogPrimitiveComponent: Zero scaling not supported (/Temp/Autosaves/Game/UEDPCDefaultAsteroidField.DefaultAsteroidField:PersistentLevel.ContextMenu_C_0.ToggleButton5Active)
[2014.08.26-21.54.49:031][ 33]LogPrimitiveComponent: Zero scaling not supported (/Temp/Autosaves/Game/UEDPCDefaultAsteroidField.DefaultAsteroidField:PersistentLevel.ContextMenu_C_0.ToggleButton6Active)
[2014.08.26-21.54.49:032][ 33]LogPrimitiveComponent: Zero scaling not supported (/Temp/Autosaves/Game/UEDPCDefaultAsteroidField.DefaultAsteroidField:PersistentLevel.ContextMenu_C_0.IPDDown)
[2014.08.26-21.54.49:032][ 33]LogPrimitiveComponent: Zero scaling not supported (/Temp/Autosaves/Game/UEDPCDefaultAsteroidField.DefaultAsteroidField:PersistentLevel.ContextMenu_C_0.IPDUp)
[2014.08.26-21.54.49:032][ 33]LogPrimitiveComponent: Zero scaling not supported (/Temp/Autosaves/Game/UEDPCDefaultAsteroidField.DefaultAsteroidField:PersistentLevel.ContextMenu_C_0.SPUp)
[2014.08.26-21.54.49:032][ 33]LogPrimitiveComponent: Zero scaling not supported (/Temp/Autosaves/Game/UEDPCDefaultAsteroidField.DefaultAsteroidField:PersistentLevel.ContextMenu_C_0.SPDown)
[2014.08.26-21.54.49:032][ 33]LogPrimitiveComponent: Zero scaling not supported (/Temp/Autosaves/Game/UEDPCDefaultAsteroidField.DefaultAsteroidField:PersistentLevel.ContextMenu_C_0.SPDown01)
[2014.08.26-21.54.49:032][ 33]LogPrimitiveComponent: Zero scaling not supported (/Temp/Autosaves/Game/UEDPCDefaultAsteroidField.DefaultAsteroidField:PersistentLevel.ContextMenu_C_0.SPUp01)
[2014.08.26-21.54.49:033][ 33]LogPrimitiveComponent: Zero scaling not supported (/Temp/Autosaves/Game/UEDPCDefaultAsteroidField.DefaultAsteroidField:PersistentLevel.ContextMenu_C_0.DSUP)
[2014.08.26-21.54.49:033][ 33]LogPrimitiveComponent: Zero scaling not supported (/Temp/Autosaves/Game/UEDPCDefaultAsteroidField.DefaultAsteroidField:PersistentLevel.ContextMenu_C_0.DSDown)
[2014.08.26-21.54.49:033][ 33]LogPrimitiveComponent: Zero scaling not supported (/Temp/Autosaves/Game/UEDPCDefaultAsteroidField.DefaultAsteroidField:PersistentLevel.ContextMenu_C_0.DSDOwn01)
[2014.08.26-21.54.49:036][ 33]LogBlueprintUserMessages:Warning: Time Dilation must be between 0.0001 and 20.  Clamping value to that range.
[2014.08.26-21.54.51:557][185]LogScript:Warning: Accessed None 'CallFunc_GetPlayerCharacter_ReturnValue'
	VRSpaceShooterController_C /Temp/Autosaves/Game/UEDPCDefaultAsteroidField.DefaultAsteroidField:PersistentLevel.VRSpaceShooterController_C_0
	Function /Game/Blueprints/VRSpaceShooterController.VRSpaceShooterController_C:ToggleMenu:04CD
[2014.08.26-21.54.51:557][185]LogScript:Warning: Accessed None 'CallFunc_GetPlayerCharacter_ReturnValue'
	VRSpaceShooterController_C /Temp/Autosaves/Game/UEDPCDefaultAsteroidField.DefaultAsteroidField:PersistentLevel.VRSpaceShooterController_C_0
	Function /Game/Blueprints/VRSpaceShooterController.VRSpaceShooterController_C:ToggleMenu:076B
[2014.08.26-21.54.51:558][185]LogPrimitiveComponent: Zero scaling not supported (/Temp/Autosaves/Game/UEDPCDefaultAsteroidField.DefaultAsteroidField:PersistentLevel.ContextMenu_C_1.PPQ4)
[2014.08.26-21.54.51:558][185]LogPrimitiveComponent: Zero scaling not supported (/Temp/Autosaves/Game/UEDPCDefaultAsteroidField.DefaultAsteroidField:PersistentLevel.ContextMenu_C_1.EQ1)
[2014.08.26-21.54.51:559][185]LogPrimitiveComponent: Zero scaling not supported (/Temp/Autosaves/Game/UEDPCDefaultAsteroidField.DefaultAsteroidField:PersistentLevel.ContextMenu_C_1.EQ2)
[2014.08.26-21.54.51:559][185]LogPrimitiveComponent: Zero scaling not supported (/Temp/Autosaves/Game/UEDPCDefaultAsteroidField.DefaultAsteroidField:PersistentLevel.ContextMenu_C_1.EQ3)
[2014.08.26-21.54.51:559][185]LogPrimitiveComponent: Zero scaling not supported (/Temp/Autosaves/Game/UEDPCDefaultAsteroidField.DefaultAsteroidField:PersistentLevel.ContextMenu_C_1.EQ4)
[2014.08.26-21.54.51:559][185]LogPrimitiveComponent: Zero scaling not supported (/Temp/Autosaves/Game/UEDPCDefaultAsteroidField.DefaultAsteroidField:PersistentLevel.ContextMenu_C_1.TQ1)
[2014.08.26-21.54.51:559][185]LogPrimitiveComponent: Zero scaling not supported (/Temp/Autosaves/Game/UEDPCDefaultAsteroidField.DefaultAsteroidField:PersistentLevel.ContextMenu_C_1.TQ2)
[2014.08.26-21.54.51:559][185]LogPrimitiveComponent: Zero scaling not supported (/Temp/Autosaves/Game/UEDPCDefaultAsteroidField.DefaultAsteroidField:PersistentLevel.ContextMenu_C_1.TQ3)
[2014.08.26-21.54.51:560][185]LogPrimitiveComponent: Zero scaling not supported (/Temp/Autosaves/Game/UEDPCDefaultAsteroidField.DefaultAsteroidField:PersistentLevel.ContextMenu_C_1.TQ4)
[2014.08.26-21.54.51:560][185]LogPrimitiveComponent: Zero scaling not supported (/Temp/Autosaves/Game/UEDPCDefaultAsteroidField.DefaultAsteroidField:PersistentLevel.ContextMenu_C_1.SQ1)
[2014.08.26-21.54.51:560][185]LogPrimitiveComponent: Zero scaling not supported (/Temp/Autosaves/Game/UEDPCDefaultAsteroidField.DefaultAsteroidField:PersistentLevel.ContextMenu_C_1.SQ2)
[2014.08.26-21.54.51:560][185]LogPrimitiveComponent: Zero scaling not supported (/Temp/Autosaves/Game/UEDPCDefaultAsteroidField.DefaultAsteroidField:PersistentLevel.ContextMenu_C_1.SQ3)
[2014.08.26-21.54.51:560][185]LogPrimitiveComponent: Zero scaling not supported (/Temp/Autosaves/Game/UEDPCDefaultAsteroidField.DefaultAsteroidField:PersistentLevel.ContextMenu_C_1.SQ4)
[2014.08.26-21.54.51:560][185]LogPrimitiveComponent: Zero scaling not supported (/Temp/Autosaves/Game/UEDPCDefaultAsteroidField.DefaultAsteroidField:PersistentLevel.ContextMenu_C_1.PPQ1)
[2014.08.26-21.54.51:560][185]LogPrimitiveComponent: Zero scaling not supported (/Temp/Autosaves/Game/UEDPCDefaultAsteroidField.DefaultAsteroidField:PersistentLevel.ContextMenu_C_1.PPQ2)
[2014.08.26-21.54.51:561][185]LogPrimitiveComponent: Zero scaling not supported (/Temp/Autosaves/Game/UEDPCDefaultAsteroidField.DefaultAsteroidField:PersistentLevel.ContextMenu_C_1.PPQ3)
[2014.08.26-21.54.51:561][185]LogPrimitiveComponent: Zero scaling not supported (/Temp/Autosaves/Game/UEDPCDefaultAsteroidField.DefaultAsteroidField:PersistentLevel.ContextMenu_C_1.VDDown)
[2014.08.26-21.54.51:561][185]LogPrimitiveComponent: Zero scaling not supported (/Temp/Autosaves/Game/UEDPCDefaultAsteroidField.DefaultAsteroidField:PersistentLevel.ContextMenu_C_1.VDUp)
[2014.08.26-21.54.51:561][185]LogPrimitiveComponent: Zero scaling not supported (/Temp/Autosaves/Game/UEDPCDefaultAsteroidField.DefaultAsteroidField:PersistentLevel.ContextMenu_C_1.AADown)
[2014.08.26-21.54.51:561][185]LogPrimitiveComponent: Zero scaling not supported (/Temp/Autosaves/Game/UEDPCDefaultAsteroidField.DefaultAsteroidField:PersistentLevel.ContextMenu_C_1.AAUp)
[2014.08.26-21.54.51:563][185]LogPrimitiveComponent: Zero scaling not supported (/Temp/Autosaves/Game/UEDPCDefaultAsteroidField.DefaultAsteroidField:PersistentLevel.ContextMenu_C_1.DSUp01)
[2014.08.26-21.54.51:563][185]LogPrimitiveComponent: Zero scaling not supported (/Temp/Autosaves/Game/UEDPCDefaultAsteroidField.DefaultAsteroidField:PersistentLevel.ContextMenu_C_1.ToggleButton5Active)
[2014.08.26-21.54.51:563][185]LogPrimitiveComponent: Zero scaling not supported (/Temp/Autosaves/Game/UEDPCDefaultAsteroidField.DefaultAsteroidField:PersistentLevel.ContextMenu_C_1.ToggleButton6Active)
[2014.08.26-21.54.51:564][185]LogPrimitiveComponent: Zero scaling not supported (/Temp/Autosaves/Game/UEDPCDefaultAsteroidField.DefaultAsteroidField:PersistentLevel.ContextMenu_C_1.IPDDown)
[2014.08.26-21.54.51:564][185]LogPrimitiveComponent: Zero scaling not supported (/Temp/Autosaves/Game/UEDPCDefaultAsteroidField.DefaultAsteroidField:PersistentLevel.ContextMenu_C_1.IPDUp)
[2014.08.26-21.54.51:564][185]LogPrimitiveComponent: Zero scaling not supported (/Temp/Autosaves/Game/UEDPCDefaultAsteroidField.DefaultAsteroidField:PersistentLevel.ContextMenu_C_1.SPUp)
[2014.08.26-21.54.51:564][185]LogPrimitiveComponent: Zero scaling not supported (/Temp/Autosaves/Game/UEDPCDefaultAsteroidField.DefaultAsteroidField:PersistentLevel.ContextMenu_C_1.SPDown)
[2014.08.26-21.54.51:564][185]LogPrimitiveComponent: Zero scaling not supported (/Temp/Autosaves/Game/UEDPCDefaultAsteroidField.DefaultAsteroidField:PersistentLevel.ContextMenu_C_1.SPDown01)
[2014.08.26-21.54.51:564][185]LogPrimitiveComponent: Zero scaling not supported (/Temp/Autosaves/Game/UEDPCDefaultAsteroidField.DefaultAsteroidField:PersistentLevel.ContextMenu_C_1.SPUp01)
[2014.08.26-21.54.51:565][185]LogPrimitiveComponent: Zero scaling not supported (/Temp/Autosaves/Game/UEDPCDefaultAsteroidField.DefaultAsteroidField:PersistentLevel.ContextMenu_C_1.DSUP)
[2014.08.26-21.54.51:565][185]LogPrimitiveComponent: Zero scaling not supported (/Temp/Autosaves/Game/UEDPCDefaultAsteroidField.DefaultAsteroidField:PersistentLevel.ContextMenu_C_1.DSDown)
[2014.08.26-21.54.51:565][185]LogPrimitiveComponent: Zero scaling not supported (/Temp/Autosaves/Game/UEDPCDefaultAsteroidField.DefaultAsteroidField:PersistentLevel.ContextMenu_C_1.DSDOwn01)
[2014.08.26-21.54.51:567][185]LogBlueprintUserMessages:Warning: Time Dilation must be between 0.0001 and 20.  Clamping value to that range.
[2014.08.26-21.54.52:640][248]LogScript:Warning: Accessed None 'CallFunc_GetPlayerCharacter_ReturnValue'
	VRSpaceShooterController_C /Temp/Autosaves/Game/UEDPCDefaultAsteroidField.DefaultAsteroidField:PersistentLevel.VRSpaceShooterController_C_0
	Function /Game/Blueprints/VRSpaceShooterController.VRSpaceShooterController_C:ToggleMenu:04CD
[2014.08.26-21.54.52:640][248]LogScript:Warning: Accessed None 'CallFunc_GetPlayerCharacter_ReturnValue'
	VRSpaceShooterController_C /Temp/Autosaves/Game/UEDPCDefaultAsteroidField.DefaultAsteroidField:PersistentLevel.VRSpaceShooterController_C_0
	Function /Game/Blueprints/VRSpaceShooterController.VRSpaceShooterController_C:ToggleMenu:076B
[2014.08.26-21.54.52:641][248]LogPrimitiveComponent: Zero scaling not supported (/Temp/Autosaves/Game/UEDPCDefaultAsteroidField.DefaultAsteroidField:PersistentLevel.ContextMenu_C_2.PPQ4)
[2014.08.26-21.54.52:641][248]LogPrimitiveComponent: Zero scaling not supported (/Temp/Autosaves/Game/UEDPCDefaultAsteroidField.DefaultAsteroidField:PersistentLevel.ContextMenu_C_2.EQ1)
[2014.08.26-21.54.52:641][248]LogPrimitiveComponent: Zero scaling not supported (/Temp/Autosaves/Game/UEDPCDefaultAsteroidField.DefaultAsteroidField:PersistentLevel.ContextMenu_C_2.EQ2)
[2014.08.26-21.54.52:642][248]LogPrimitiveComponent: Zero scaling not supported (/Temp/Autosaves/Game/UEDPCDefaultAsteroidField.DefaultAsteroidField:PersistentLevel.ContextMenu_C_2.EQ3)
[2014.08.26-21.54.52:642][248]LogPrimitiveComponent: Zero scaling not supported (/Temp/Autosaves/Game/UEDPCDefaultAsteroidField.DefaultAsteroidField:PersistentLevel.ContextMenu_C_2.EQ4)
[2014.08.26-21.54.52:642][248]LogPrimitiveComponent: Zero scaling not supported (/Temp/Autosaves/Game/UEDPCDefaultAsteroidField.DefaultAsteroidField:PersistentLevel.ContextMenu_C_2.TQ1)
[2014.08.26-21.54.52:642][248]LogPrimitiveComponent: Zero scaling not supported (/Temp/Autosaves/Game/UEDPCDefaultAsteroidField.DefaultAsteroidField:PersistentLevel.ContextMenu_C_2.TQ2)
[2014.08.26-21.54.52:642][248]LogPrimitiveComponent: Zero scaling not supported (/Temp/Autosaves/Game/UEDPCDefaultAsteroidField.DefaultAsteroidField:PersistentLevel.ContextMenu_C_2.TQ3)
[2014.08.26-21.54.52:643][248]LogPrimitiveComponent: Zero scaling not supported (/Temp/Autosaves/Game/UEDPCDefaultAsteroidField.DefaultAsteroidField:PersistentLevel.ContextMenu_C_2.TQ4)
[2014.08.26-21.54.52:643][248]LogPrimitiveComponent: Zero scaling not supported (/Temp/Autosaves/Game/UEDPCDefaultAsteroidField.DefaultAsteroidField:PersistentLevel.ContextMenu_C_2.SQ1)
[2014.08.26-21.54.52:643][248]LogPrimitiveComponent: Zero scaling not supported (/Temp/Autosaves/Game/UEDPCDefaultAsteroidField.DefaultAsteroidField:PersistentLevel.ContextMenu_C_2.SQ2)
[2014.08.26-21.54.52:643][248]LogPrimitiveComponent: Zero scaling not supported (/Temp/Autosaves/Game/UEDPCDefaultAsteroidField.DefaultAsteroidField:PersistentLevel.ContextMenu_C_2.SQ3)
[2014.08.26-21.54.52:643][248]LogPrimitiveComponent: Zero scaling not supported (/Temp/Autosaves/Game/UEDPCDefaultAsteroidField.DefaultAsteroidField:PersistentLevel.ContextMenu_C_2.SQ4)
[2014.08.26-21.54.52:643][248]LogPrimitiveComponent: Zero scaling not supported (/Temp/Autosaves/Game/UEDPCDefaultAsteroidField.DefaultAsteroidField:PersistentLevel.ContextMenu_C_2.PPQ1)
[2014.08.26-21.54.52:643][248]LogPrimitiveComponent: Zero scaling not supported (/Temp/Autosaves/Game/UEDPCDefaultAsteroidField.DefaultAsteroidField:PersistentLevel.ContextMenu_C_2.PPQ2)
[2014.08.26-21.54.52:644][248]LogPrimitiveComponent: Zero scaling not supported (/Temp/Autosaves/Game/UEDPCDefaultAsteroidField.DefaultAsteroidField:PersistentLevel.ContextMenu_C_2.PPQ3)
[2014.08.26-21.54.52:644][248]LogPrimitiveComponent: Zero scaling not supported (/Temp/Autosaves/Game/UEDPCDefaultAsteroidField.DefaultAsteroidField:PersistentLevel.ContextMenu_C_2.VDDown)
[2014.08.26-21.54.52:644][248]LogPrimitiveComponent: Zero scaling not supported (/Temp/Autosaves/Game/UEDPCDefaultAsteroidField.DefaultAsteroidField:PersistentLevel.ContextMenu_C_2.VDUp)
[2014.08.26-21.54.52:644][248]LogPrimitiveComponent: Zero scaling not supported (/Temp/Autosaves/Game/UEDPCDefaultAsteroidField.DefaultAsteroidField:PersistentLevel.ContextMenu_C_2.AADown)
[2014.08.26-21.54.52:644][248]LogPrimitiveComponent: Zero scaling not supported (/Temp/Autosaves/Game/UEDPCDefaultAsteroidField.DefaultAsteroidField:PersistentLevel.ContextMenu_C_2.AAUp)
[2014.08.26-21.54.52:646][248]LogPrimitiveComponent: Zero scaling not supported (/Temp/Autosaves/Game/UEDPCDefaultAsteroidField.DefaultAsteroidField:PersistentLevel.ContextMenu_C_2.DSUp01)
[2014.08.26-21.54.52:646][248]LogPrimitiveComponent: Zero scaling not supported (/Temp/Autosaves/Game/UEDPCDefaultAsteroidField.DefaultAsteroidField:PersistentLevel.ContextMenu_C_2.ToggleButton5Active)
[2014.08.26-21.54.52:646][248]LogPrimitiveComponent: Zero scaling not supported (/Temp/Autosaves/Game/UEDPCDefaultAsteroidField.DefaultAsteroidField:PersistentLevel.ContextMenu_C_2.ToggleButton6Active)
[2014.08.26-21.54.52:647][248]LogPrimitiveComponent: Zero scaling not supported (/Temp/Autosaves/Game/UEDPCDefaultAsteroidField.DefaultAsteroidField:PersistentLevel.ContextMenu_C_2.IPDDown)
[2014.08.26-21.54.52:647][248]LogPrimitiveComponent: Zero scaling not supported (/Temp/Autosaves/Game/UEDPCDefaultAsteroidField.DefaultAsteroidField:PersistentLevel.ContextMenu_C_2.IPDUp)
[2014.08.26-21.54.52:647][248]LogPrimitiveComponent: Zero scaling not supported (/Temp/Autosaves/Game/UEDPCDefaultAsteroidField.DefaultAsteroidField:PersistentLevel.ContextMenu_C_2.SPUp)
[2014.08.26-21.54.52:647][248]LogPrimitiveComponent: Zero scaling not supported (/Temp/Autosaves/Game/UEDPCDefaultAsteroidField.DefaultAsteroidField:PersistentLevel.ContextMenu_C_2.SPDown)
[2014.08.26-21.54.52:648][248]LogPrimitiveComponent: Zero scaling not supported (/Temp/Autosaves/Game/UEDPCDefaultAsteroidField.DefaultAsteroidField:PersistentLevel.ContextMenu_C_2.SPDown01)
[2014.08.26-21.54.52:648][248]LogPrimitiveComponent: Zero scaling not supported (/Temp/Autosaves/Game/UEDPCDefaultAsteroidField.DefaultAsteroidField:PersistentLevel.ContextMenu_C_2.SPUp01)
[2014.08.26-21.54.52:648][248]LogPrimitiveComponent: Zero scaling not supported (/Temp/Autosaves/Game/UEDPCDefaultAsteroidField.DefaultAsteroidField:PersistentLevel.ContextMenu_C_2.DSUP)
[2014.08.26-21.54.52:648][248]LogPrimitiveComponent: Zero scaling not supported (/Temp/Autosaves/Game/UEDPCDefaultAsteroidField.DefaultAsteroidField:PersistentLevel.ContextMenu_C_2.DSDown)
[2014.08.26-21.54.52:648][248]LogPrimitiveComponent: Zero scaling not supported (/Temp/Autosaves/Game/UEDPCDefaultAsteroidField.DefaultAsteroidField:PersistentLevel.ContextMenu_C_2.DSDOwn01)
[2014.08.26-21.54.52:650][248]LogBlueprintUserMessages:Warning: Time Dilation must be between 0.0001 and 20.  Clamping value to that range.
[2014.08.26-21.54.53:838][316]LogScript:Warning: Accessed None 'CallFunc_GetPlayerCharacter_ReturnValue'
	VRSpaceShooterController_C /Temp/Autosaves/Game/UEDPCDefaultAsteroidField.DefaultAsteroidField:PersistentLevel.VRSpaceShooterController_C_0
	Function /Game/Blueprints/VRSpaceShooterController.VRSpaceShooterController_C:ToggleMenu:04CD
[2014.08.26-21.54.53:838][316]LogScript:Warning: Accessed None 'CallFunc_GetPlayerCharacter_ReturnValue'
	VRSpaceShooterController_C /Temp/Autosaves/Game/UEDPCDefaultAsteroidField.DefaultAsteroidField:PersistentLevel.VRSpaceShooterController_C_0
	Function /Game/Blueprints/VRSpaceShooterController.VRSpaceShooterController_C:ToggleMenu:076B
[2014.08.26-21.54.53:839][316]LogPrimitiveComponent: Zero scaling not supported (/Temp/Autosaves/Game/UEDPCDefaultAsteroidField.DefaultAsteroidField:PersistentLevel.ContextMenu_C_3.PPQ4)
[2014.08.26-21.54.53:839][316]LogPrimitiveComponent: Zero scaling not supported (/Temp/Autosaves/Game/UEDPCDefaultAsteroidField.DefaultAsteroidField:PersistentLevel.ContextMenu_C_3.EQ1)
[2014.08.26-21.54.53:839][316]LogPrimitiveComponent: Zero scaling not supported (/Temp/Autosaves/Game/UEDPCDefaultAsteroidField.DefaultAsteroidField:PersistentLevel.ContextMenu_C_3.EQ2)
[2014.08.26-21.54.53:840][316]LogPrimitiveComponent: Zero scaling not supported (/Temp/Autosaves/Game/UEDPCDefaultAsteroidField.DefaultAsteroidField:PersistentLevel.ContextMenu_C_3.EQ3)
[2014.08.26-21.54.53:840][316]LogPrimitiveComponent: Zero scaling not supported (/Temp/Autosaves/Game/UEDPCDefaultAsteroidField.DefaultAsteroidField:PersistentLevel.ContextMenu_C_3.EQ4)
[2014.08.26-21.54.53:840][316]LogPrimitiveComponent: Zero scaling not supported (/Temp/Autosaves/Game/UEDPCDefaultAsteroidField.DefaultAsteroidField:PersistentLevel.ContextMenu_C_3.TQ1)
[2014.08.26-21.54.53:840][316]LogPrimitiveComponent: Zero scaling not supported (/Temp/Autosaves/Game/UEDPCDefaultAsteroidField.DefaultAsteroidField:PersistentLevel.ContextMenu_C_3.TQ2)
[2014.08.26-21.54.53:840][316]LogPrimitiveComponent: Zero scaling not supported (/Temp/Autosaves/Game/UEDPCDefaultAsteroidField.DefaultAsteroidField:PersistentLevel.ContextMenu_C_3.TQ3)
[2014.08.26-21.54.53:841][316]LogPrimitiveComponent: Zero scaling not supported (/Temp/Autosaves/Game/UEDPCDefaultAsteroidField.DefaultAsteroidField:PersistentLevel.ContextMenu_C_3.TQ4)
[2014.08.26-21.54.53:841][316]LogPrimitiveComponent: Zero scaling not supported (/Temp/Autosaves/Game/UEDPCDefaultAsteroidField.DefaultAsteroidField:PersistentLevel.ContextMenu_C_3.SQ1)
[2014.08.26-21.54.53:841][316]LogPrimitiveComponent: Zero scaling not supported (/Temp/Autosaves/Game/UEDPCDefaultAsteroidField.DefaultAsteroidField:PersistentLevel.ContextMenu_C_3.SQ2)
[2014.08.26-21.54.53:841][316]LogPrimitiveComponent: Zero scaling not supported (/Temp/Autosaves/Game/UEDPCDefaultAsteroidField.DefaultAsteroidField:PersistentLevel.ContextMenu_C_3.SQ3)
[2014.08.26-21.54.53:841][316]LogPrimitiveComponent: Zero scaling not supported (/Temp/Autosaves/Game/UEDPCDefaultAsteroidField.DefaultAsteroidField:PersistentLevel.ContextMenu_C_3.SQ4)
[2014.08.26-21.54.53:842][316]LogPrimitiveComponent: Zero scaling not supported (/Temp/Autosaves/Game/UEDPCDefaultAsteroidField.DefaultAsteroidField:PersistentLevel.ContextMenu_C_3.PPQ1)
[2014.08.26-21.54.53:842][316]LogPrimitiveComponent: Zero scaling not supported (/Temp/Autosaves/Game/UEDPCDefaultAsteroidField.DefaultAsteroidField:PersistentLevel.ContextMenu_C_3.PPQ2)
[2014.08.26-21.54.53:842][316]LogPrimitiveComponent: Zero scaling not supported (/Temp/Autosaves/Game/UEDPCDefaultAsteroidField.DefaultAsteroidField:PersistentLevel.ContextMenu_C_3.PPQ3)
[2014.08.26-21.54.53:842][316]LogPrimitiveComponent: Zero scaling not supported (/Temp/Autosaves/Game/UEDPCDefaultAsteroidField.DefaultAsteroidField:PersistentLevel.ContextMenu_C_3.VDDown)
[2014.08.26-21.54.53:842][316]LogPrimitiveComponent: Zero scaling not supported (/Temp/Autosaves/Game/UEDPCDefaultAsteroidField.DefaultAsteroidField:PersistentLevel.ContextMenu_C_3.VDUp)
[2014.08.26-21.54.53:842][316]LogPrimitiveComponent: Zero scaling not supported (/Temp/Autosaves/Game/UEDPCDefaultAsteroidField.DefaultAsteroidField:PersistentLevel.ContextMenu_C_3.AADown)
[2014.08.26-21.54.53:842][316]LogPrimitiveComponent: Zero scaling not supported (/Temp/Autosaves/Game/UEDPCDefaultAsteroidField.DefaultAsteroidField:PersistentLevel.ContextMenu_C_3.AAUp)
[2014.08.26-21.54.53:844][316]LogPrimitiveComponent: Zero scaling not supported (/Temp/Autosaves/Game/UEDPCDefaultAsteroidField.DefaultAsteroidField:PersistentLevel.ContextMenu_C_3.DSUp01)
[2014.08.26-21.54.53:844][316]LogPrimitiveComponent: Zero scaling not supported (/Temp/Autosaves/Game/UEDPCDefaultAsteroidField.DefaultAsteroidField:PersistentLevel.ContextMenu_C_3.ToggleButton5Active)
[2014.08.26-21.54.53:844][316]LogPrimitiveComponent: Zero scaling not supported (/Temp/Autosaves/Game/UEDPCDefaultAsteroidField.DefaultAsteroidField:PersistentLevel.ContextMenu_C_3.ToggleButton6Active)
[2014.08.26-21.54.53:845][316]LogPrimitiveComponent: Zero scaling not supported (/Temp/Autosaves/Game/UEDPCDefaultAsteroidField.DefaultAsteroidField:PersistentLevel.ContextMenu_C_3.IPDDown)
[2014.08.26-21.54.53:845][316]LogPrimitiveComponent: Zero scaling not supported (/Temp/Autosaves/Game/UEDPCDefaultAsteroidField.DefaultAsteroidField:PersistentLevel.ContextMenu_C_3.IPDUp)
[2014.08.26-21.54.53:845][316]LogPrimitiveComponent: Zero scaling not supported (/Temp/Autosaves/Game/UEDPCDefaultAsteroidField.DefaultAsteroidField:PersistentLevel.ContextMenu_C_3.SPUp)
[2014.08.26-21.54.53:845][316]LogPrimitiveComponent: Zero scaling not supported (/Temp/Autosaves/Game/UEDPCDefaultAsteroidField.DefaultAsteroidField:PersistentLevel.ContextMenu_C_3.SPDown)
[2014.08.26-21.54.53:845][316]LogPrimitiveComponent: Zero scaling not supported (/Temp/Autosaves/Game/UEDPCDefaultAsteroidField.DefaultAsteroidField:PersistentLevel.ContextMenu_C_3.SPDown01)
[2014.08.26-21.54.53:845][316]LogPrimitiveComponent: Zero scaling not supported (/Temp/Autosaves/Game/UEDPCDefaultAsteroidField.DefaultAsteroidField:PersistentLevel.ContextMenu_C_3.SPUp01)
[2014.08.26-21.54.53:846][316]LogPrimitiveComponent: Zero scaling not supported (/Temp/Autosaves/Game/UEDPCDefaultAsteroidField.DefaultAsteroidField:PersistentLevel.ContextMenu_C_3.DSUP)
[2014.08.26-21.54.53:846][316]LogPrimitiveComponent: Zero scaling not supported (/Temp/Autosaves/Game/UEDPCDefaultAsteroidField.DefaultAsteroidField:PersistentLevel.ContextMenu_C_3.DSDown)
[2014.08.26-21.54.53:846][316]LogPrimitiveComponent: Zero scaling not supported (/Temp/Autosaves/Game/UEDPCDefaultAsteroidField.DefaultAsteroidField:PersistentLevel.ContextMenu_C_3.DSDOwn01)
[2014.08.26-21.54.53:848][316]LogBlueprintUserMessages:Warning: Time Dilation must be between 0.0001 and 20.  Clamping value to that range.
[2014.08.26-21.54.56:650][484]Closing by request
[2014.08.26-21.54.56:650][484]LogWindows: FPlatformMisc::RequestExit(0)
[2014.08.26-21.54.56:711][485]LogWindowsTextInputMethodSystem:Error: Terminating failed while unadvising the language notification sink from the TSF source.
[2014.08.26-21.54.56:730][485]LogExit: Preparing to exit.
[2014.08.26-21.54.56:873][485]LogExit: Game engine shut down
[2014.08.26-21.54.56:879][485]LogParticles: Destroying 0 GPU particle simulations for FXSystem 0x000000A289A068E0
[2014.08.26-21.54.56:896][485]LogHMD: Oculus shutdown.
[2014.08.26-21.54.56:928][485]LogExit: Object subsystem successfully closed.
[2014.08.26-21.54.56:958][485]LogModuleManager: Shutting down and abandoning module HTTP (86)
[2014.08.26-21.54.56:958][485]LogModuleManager: Shutting down and abandoning module AndroidDeviceDetection (85)
[2014.08.26-21.54.56:958][485]LogModuleManager: Shutting down and abandoning module AutomationWorker (84)
[2014.08.26-21.54.56:958][485]LogModuleManager: Shutting down and abandoning module GameplayDebugger (83)
[2014.08.26-21.54.56:958][485]LogModuleManager: Shutting down and abandoning module AIModule (82)
[2014.08.26-21.54.56:958][485]LogModuleManager: Shutting down and abandoning module GameLiveStreaming (81)
[2014.08.26-21.54.56:958][485]LogModuleManager: Shutting down and abandoning module StreamingPauseRendering (80)
[2014.08.26-21.54.56:958][485]LogModuleManager: Shutting down and abandoning module AnalyticsET (79)
[2014.08.26-21.54.56:958][485]LogModuleManager: Shutting down and abandoning module Analytics (78)
[2014.08.26-21.54.56:958][485]LogModuleManager: Shutting down and abandoning module ProfilerService (77)
[2014.08.26-21.54.56:966][485]LogModuleManager: Shutting down and abandoning module TaskGraph (76)
[2014.08.26-21.54.56:966][485]LogModuleManager: Shutting down and abandoning module SlateRemote (75)
[2014.08.26-21.54.56:966][485]LogModuleManager: Shutting down and abandoning module CustomMeshComponent (74)
[2014.08.26-21.54.56:966][485]LogModuleManager: Shutting down and abandoning module CableComponent (73)
[2014.08.26-21.54.56:966][485]LogModuleManager: Shutting down and abandoning module VisualStudioSourceCodeAccess (72)
[2014.08.26-21.54.56:966][485]LogModuleManager: Shutting down and abandoning module UObjectPlugin (71)
[2014.08.26-21.54.56:966][485]LogModuleManager: Shutting down and abandoning module SubversionSourceControl (70)
[2014.08.26-21.54.56:966][485]LogModuleManager: Shutting down and abandoning module SourceControl (69)
[2014.08.26-21.54.56:966][485]LogModuleManager: Shutting down and abandoning module PerforceSourceControl (68)
[2014.08.26-21.54.56:966][485]LogModuleManager: Shutting down and abandoning module BlankPlugin (67)
[2014.08.26-21.54.56:966][485]LogModuleManager: Shutting down and abandoning module ScriptPlugin (66)
[2014.08.26-21.54.56:966][485]LogModuleManager: Shutting down and abandoning module UdpMessaging (65)
[2014.08.26-21.54.56:966][485]LogModuleManager: Shutting down and abandoning module Paper2D (64)
[2014.08.26-21.54.56:966][485]LogModuleManager: Shutting down and abandoning module WindowsMoviePlayer (63)
[2014.08.26-21.54.56:966][485]LogModuleManager: Shutting down and abandoning module ImageWrapper (62)
[2014.08.26-21.54.56:966][485]LogModuleManager: Shutting down and abandoning module OnlineBlueprintSupport (61)
[2014.08.26-21.54.56:966][485]LogModuleManager: Shutting down and abandoning module FunctionalTesting (60)
[2014.08.26-21.54.56:966][485]LogModuleManager: Shutting down and abandoning module CollisionAnalyzer (59)
[2014.08.26-21.54.56:966][485]LogModuleManager: Shutting down and abandoning module WorkspaceMenuStructure (58)
[2014.08.26-21.54.56:966][485]LogModuleManager: Shutting down and abandoning module MessageLog (57)
[2014.08.26-21.54.56:966][485]LogModuleManager: Shutting down and abandoning module UMGEditor (56)
[2014.08.26-21.54.56:966][485]LogModuleManager: Shutting down and abandoning module UMG (55)
[2014.08.26-21.54.56:966][485]LogModuleManager: Shutting down and abandoning module Slate (54)
[2014.08.26-21.54.56:966][485]LogModuleManager: Shutting down and abandoning module EditorStyle (53)
[2014.08.26-21.54.56:968][485]LogModuleManager: Shutting down and abandoning module SessionServices (52)
[2014.08.26-21.54.56:968][485]LogModuleManager: Shutting down and abandoning module SourceCodeAccess (51)
[2014.08.26-21.54.56:968][485]LogModuleManager: Shutting down and abandoning module HeadMountedDisplay (50)
[2014.08.26-21.54.56:968][485]LogModuleManager: Shutting down and abandoning module XAudio2 (49)
[2014.08.26-21.54.56:968][485]LogModuleManager: Shutting down and abandoning module Networking (47)
[2014.08.26-21.54.56:968][485]LogModuleManager: Shutting down and abandoning module Core (46)
[2014.08.26-21.54.56:968][485]LogModuleManager: Shutting down and abandoning module KismetCompiler (45)
[2014.08.26-21.54.56:968][485]LogModuleManager: Shutting down and abandoning module PhysXFormats (44)
[2014.08.26-21.54.56:968][485]LogModuleManager: Shutting down and abandoning module MeshUtilities (43)
[2014.08.26-21.54.56:968][485]LogModuleManager: Shutting down and abandoning module DerivedDataCache (42)
[2014.08.26-21.54.57:262][485]LogDerivedDataCache: Shutdown
[2014.08.26-21.54.57:262][485]LogModuleManager: Shutting down and abandoning module ShaderFormatOpenGL (41)
[2014.08.26-21.54.57:262][485]LogModuleManager: Shutting down and abandoning module ShaderFormatD3D (40)
[2014.08.26-21.54.57:262][485]LogModuleManager: Shutting down and abandoning module MetalShaderFormat (39)
[2014.08.26-21.54.57:262][485]LogModuleManager: Shutting down and abandoning module TextureFormatUncompressed (38)
[2014.08.26-21.54.57:262][485]LogModuleManager: Shutting down and abandoning module TextureFormatPVR (37)
[2014.08.26-21.54.57:262][485]LogModuleManager: Shutting down and abandoning module TextureFormatDXT (36)
[2014.08.26-21.54.57:262][485]LogModuleManager: Shutting down and abandoning module TextureFormatAndroid (35)
[2014.08.26-21.54.57:262][485]LogModuleManager: Shutting down and abandoning module AudioFormatOpus (34)
[2014.08.26-21.54.57:262][485]LogModuleManager: Shutting down and abandoning module AudioFormatOgg (33)
[2014.08.26-21.54.57:262][485]LogModuleManager: Shutting down and abandoning module AudioFormatADPCM (32)
[2014.08.26-21.54.57:262][485]LogModuleManager: Shutting down and abandoning module Messaging (31)
[2014.08.26-21.54.57:262][485]LogModuleManager: Shutting down and abandoning module IOSTargetPlatform (30)
[2014.08.26-21.54.57:262][485]LogModuleManager: Shutting down and abandoning module Android_PVRTCTargetPlatform (29)
[2014.08.26-21.54.57:262][485]LogModuleManager: Shutting down and abandoning module Android_ETC2TargetPlatform (28)
[2014.08.26-21.54.57:262][485]LogModuleManager: Shutting down and abandoning module Android_ETC1TargetPlatform (27)
[2014.08.26-21.54.57:262][485]LogModuleManager: Shutting down and abandoning module Android_DXTTargetPlatform (26)
[2014.08.26-21.54.57:262][485]LogModuleManager: Shutting down and abandoning module Android_ATCTargetPlatform (25)
[2014.08.26-21.54.57:262][485]LogModuleManager: Shutting down and abandoning module AndroidTargetPlatform (24)
[2014.08.26-21.54.57:262][485]LogModuleManager: Shutting down and abandoning module WindowsTargetPlatform (23)
[2014.08.26-21.54.57:262][485]LogModuleManager: Shutting down and abandoning module WindowsServerTargetPlatform (22)
[2014.08.26-21.54.57:262][485]LogModuleManager: Shutting down and abandoning module WindowsNoEditorTargetPlatform (21)
[2014.08.26-21.54.57:262][485]LogModuleManager: Shutting down and abandoning module WindowsClientTargetPlatform (20)
[2014.08.26-21.54.57:262][485]LogModuleManager: Shutting down and abandoning module TargetPlatform (19)
[2014.08.26-21.54.57:262][485]LogModuleManager: Shutting down and abandoning module InputCore (18)
[2014.08.26-21.54.57:262][485]LogModuleManager: Shutting down and abandoning module Settings (17)
[2014.08.26-21.54.57:262][485]LogModuleManager: Shutting down and abandoning module ExampleDeviceProfileSelector (14)
[2014.08.26-21.54.57:262][485]LogModuleManager: Shutting down and abandoning module OculusRift (13)
[2014.08.26-21.54.57:262][485]LogModuleManager: Shutting down and abandoning module TextureCompressor (12)
[2014.08.26-21.54.57:262][485]LogModuleManager: Shutting down and abandoning module ShaderCore (11)
[2014.08.26-21.54.57:262][485]LogModuleManager: Shutting down and abandoning module OpenGLDrv (10)
[2014.08.26-21.54.57:262][485]LogModuleManager: Shutting down and abandoning module D3D11RHI (9)
[2014.08.26-21.54.57:262][485]LogModuleManager: Shutting down and abandoning module SlateRHIRenderer (8)
[2014.08.26-21.54.57:262][485]LogModuleManager: Shutting down and abandoning module Renderer (7)
[2014.08.26-21.54.57:262][485]LogModuleManager: Shutting down and abandoning module Engine (6)
[2014.08.26-21.54.57:262][485]LogModuleManager: Shutting down and abandoning module CoreUObject (5)
[2014.08.26-21.54.57:262][485]LogModuleManager: Shutting down and abandoning module NetworkFile (4)
[2014.08.26-21.54.57:262][485]LogModuleManager: Shutting down and abandoning module StreamingFile (3)
[2014.08.26-21.54.57:262][485]LogModuleManager: Shutting down and abandoning module SandboxFile (2)
[2014.08.26-21.54.57:262][485]LogModuleManager: Shutting down and abandoning module PakFile (1)
[2014.08.26-21.54.57:263][485]LogExit: Exiting.
[2014.08.26-21.54.57:264][485]Log file closed, 08/27/14 07:54:57
