Log file open, 08/27/14 07:46:46
LogInit:Display: Running engine for game: TP_VRSpaceShooter
LogInit: Version: 4.4.1-2270799+++depot+UE4-Releases+4.4
LogInit: API Version: 2255576
LogInit: Compiled (64-bit): Aug 25 2014 14:19:12
LogInit: Build Configuration: Development
LogInit: Branch Name: ++depot+UE4-Releases+4.4
LogInit: Command line:  /Temp/Autosaves/Game/UEDPCDefaultAsteroidField -game -PIEVIACONSOLE -ResX=1280 -ResY=720  -Multiprocess 
LogInit: Base directory: C:/Program Files/Unreal Engine/4.4/Engine/Binaries/Win64/
LogInit: Rocket: 1
[2014.08.26-21.46.46:845][  0]LogTaskGraph: Started task graph with 3 named threads and 4 total threads.
[2014.08.26-21.46.46:878][  0]LogOnline:Warning: No default platform service specified for OnlineSubsystem
[2014.08.26-21.46.46:887][  0]LogInit: Presizing for 0 objects not considered by GC, pre-allocating 0 bytes.
[2014.08.26-21.46.46:892][  0]LogInit: Object subsystem initialized
[2014.08.26-21.46.46:894][  0]LogInit: Selected Device Profile: [Windows]
[2014.08.26-21.46.46:894][  0]LogInit: Applying CVar settings loaded from the selected device profile: [Windows]
[2014.08.26-21.46.46:899][  0]LogInit: Computer: HOME
[2014.08.26-21.46.46:899][  0]LogInit: User: McCaffrey
[2014.08.26-21.46.46:901][  0]LogInit: CPU Page size=4096, Cores=4
[2014.08.26-21.46.46:901][  0]LogInit: High frequency timer resolution =3.410076 MHz
[2014.08.26-21.46.46:901][  0]LogMemory: Memory total: Physical=15.9GB (16GB approx) Virtual=131072.0GB
[2014.08.26-21.46.46:901][  0]LogMemory: Platform Memory Stats for Windows
[2014.08.26-21.46.46:901][  0]LogMemory: Process Physical Memory: 59.30 MB used, 59.30 MB peak
[2014.08.26-21.46.46:901][  0]LogMemory: Process Virtual Memory: 36.16 MB used, 36.16 MB peak
[2014.08.26-21.46.46:901][  0]LogMemory: Physical Memory: 5202.23 MB used, 16268.46 MB total
[2014.08.26-21.46.46:901][  0]LogMemory: Virtual Memory: 265.88 MB used, 134217728.00 MB total
[2014.08.26-21.46.47:075][  0]LogD3D11RHI: Found D3D11 adapter 0: NVIDIA GeForce GTX 770 (Feature Level 11_0)
[2014.08.26-21.46.47:075][  0]LogD3D11RHI: Adapter has 1985MB of dedicated video memory, 0MB of dedicated system memory, and 2048MB of shared system memory, 3 output[s]
[2014.08.26-21.46.47:083][  0]LogD3D11RHI: Found D3D11 adapter 1: Intel(R) HD Graphics 4600 (Feature Level 11_0)
[2014.08.26-21.46.47:083][  0]LogD3D11RHI: Adapter has 32MB of dedicated video memory, 0MB of dedicated system memory, and 1760MB of shared system memory, 0 output[s]
[2014.08.26-21.46.47:085][  0]LogD3D11RHI: Found D3D11 adapter 2: Microsoft Basic Render Driver (Feature Level 11_0)
[2014.08.26-21.46.47:085][  0]LogD3D11RHI: Adapter has 0MB of dedicated video memory, 0MB of dedicated system memory, and 256MB of shared system memory, 0 output[s]
[2014.08.26-21.46.47:085][  0]LogD3D11RHI: Chosen D3D11 Adapter Id = 0
[2014.08.26-21.46.47:089][  0]LogRHI: Texture pool is 1361 MB (70% of 1945 MB)
[2014.08.26-21.46.47:101][  0]LogD3D11RHI: Async texture creation enabled
[2014.08.26-21.46.47:243][  0]LogContentStreaming: Texture pool size is 1000.000000MB
[2014.08.26-21.46.50:181][  0]LogTargetPlatformManager:Display: Building Assets For Windows
[2014.08.26-21.46.50:598][  0]LogTargetPlatformManager:Display: Building Assets For Windows
[2014.08.26-21.46.50:641][  0]LogDerivedDataCache:Display: Max Cache Size: 512 MB
[2014.08.26-21.46.50:678][  0]LogDerivedDataCache: Loaded boot cache 0.04s 39MB C:/Users/McCaffrey/AppData/Local/UnrealEngine/4.4/DerivedDataCache/Boot.ddc.
[2014.08.26-21.46.50:678][  0]LogDerivedDataCache:Display: Loaded Boot cache: C:/Users/McCaffrey/AppData/Local/UnrealEngine/4.4/DerivedDataCache/Boot.ddc
[2014.08.26-21.46.50:678][  0]LogDerivedDataCache: FDerivedDataBackendGraph:  Pak pak cache file F:/Unreal/GitHub/TP_SpaceShooterVR/DerivedDataCache/DDC.ddp not found, will not use a pak cache.
[2014.08.26-21.46.50:678][  0]LogDerivedDataCache: Unable to find inner node Pak for hierarchical cache Hierarchy.
[2014.08.26-21.46.50:693][  0]LogDerivedDataCache:Display: Pak cache opened for reading ../../../Engine/DerivedDataCache/DDC.ddp.
[2014.08.26-21.46.50:705][  0]LogDerivedDataCache: Using Local data cache path C:/Users/McCaffrey/AppData/Local/UnrealEngine/4.4/DerivedDataCache: Writable
[2014.08.26-21.46.50:869][  0]LogMeshUtilities: No automatic mesh reduction module available
[2014.08.26-21.46.50:869][  0]LogMeshUtilities: No automatic mesh merging module available
[2014.08.26-21.46.51:161][  0]LogInit: WinSock: version 1.1 (2.2), MaxSocks=32767, MaxUdp=65467
[2014.08.26-21.46.51:962][  0]LogWindowsMoviePlayer: Unable to load movie: F:/Unreal/GitHub/TP_SpaceShooterVR/Content/Movies/Default_Startup.mp4
[2014.08.26-21.46.52:091][  0]LogStats:Warning: MetaData mismatch. Did you assign a stat to two groups? New //STATGROUP_Threads//FMonitoredProcess///Thread_1ce4_0///////STATCAT_Advanced//// old //STATGROUP_Threads//FMonitoredProcess///Thread_1630_0///////STATCAT_Advanced////
[2014.08.26-21.46.52:091][  0]SourceControl: Info Source control is disabled
[2014.08.26-21.46.52:091][  0]SourceControl: Info Source control is disabled
[2014.08.26-21.46.52:101][  0]SourceControl: Info Source control is disabled
[2014.08.26-21.46.52:153][  0]LogObj: 20996 objects as part of root set at end of initial load.
[2014.08.26-21.46.52:153][  0]LogUObjectAllocator: 3965960 out of 0 bytes used by permanent object pool.
[2014.08.26-21.46.52:369][  0]LogAutomationTest:Warning: ERR: Transient text cannot be serialized "Testing Transient serialization detection".
[2014.08.26-21.46.52:369][  0]LogEngine: Initializing Engine...
[2014.08.26-21.46.52:370][  0]LogHMD:Warning: HMD Oculus Rift DK2, Monitor \\.\DISPLAY3\Monitor0, res = 1920 x 1080, windowPos = {-1920, 0}
[2014.08.26-21.46.52:370][  0]LogHMD: Oculus initialized.
[2014.08.26-21.46.52:472][  0]LogInit: XAudio2 using 'Speakers (Realtek High Definition Audio)' : 2 channels at 48 kHz using 32 bits per sample (channel mask 0x3)
[2014.08.26-21.46.52:484][  0]LogInit: FAudioDevice initialized.
[2014.08.26-21.46.52:488][  0]LogInit: Texture streaming: Enabled
[2014.08.26-21.46.52:553][  0]LogConsoleResponse:Display: 
[2014.08.26-21.46.52:553][  0]LogNet: Browse: /Temp/Autosaves/Game/UEDPCDefaultAsteroidField?Name=Player
[2014.08.26-21.46.52:553][  0]LogLoad: LoadMap: /Temp/Autosaves/Game/UEDPCDefaultAsteroidField?Name=Player
[2014.08.26-21.46.52:579][  0]LogMemory: Platform Memory Stats for Windows
[2014.08.26-21.46.52:579][  0]LogMemory: Process Physical Memory: 271.48 MB used, 316.45 MB peak
[2014.08.26-21.46.52:579][  0]LogMemory: Process Virtual Memory: 220.30 MB used, 270.49 MB peak
[2014.08.26-21.46.52:579][  0]LogMemory: Physical Memory: 5408.51 MB used, 16268.46 MB total
[2014.08.26-21.46.52:579][  0]LogMemory: Virtual Memory: 624.08 MB used, 134217728.00 MB total
[2014.08.26-21.46.52:579][  0]LogMemory: 
[2014.08.26-21.46.52:579][  0]Allocator Stats for TBB: (not implemented)
[2014.08.26-21.46.53:367][  0]LogBlueprint:Warning: [compiler] Warning Unable to find function with name 'GetControlledPawn' for  GetControlledPawn 
[2014.08.26-21.46.53:367][  0]LogBlueprint:Warning: [compiler] Warning Unable to find function with name 'GetControlledPawn' for  GetControlledPawn 
[2014.08.26-21.46.53:378][  0]LogBlueprint:Warning: [compiler] Warning Could not find the function 'GetControlledPawn' called from  GetControlledPawn 
[2014.08.26-21.46.53:378][  0]LogBlueprint:Warning: [compiler] Warning Could not find the function 'GetControlledPawn' called from  GetControlledPawn 
[2014.08.26-21.46.53:381][  0]LogBlueprint:Warning: [compiler] Warning [0007.49] Compile of VRSpaceShooterController successful, but with 4 Warning(s) [in 30 ms]
[2014.08.26-21.46.53:483][  0]LogBlueprint:Warning: [compiler] Warning Unable to find function with name 'GetControlledPawn' for  GetControlledPawn 
[2014.08.26-21.46.53:483][  0]LogBlueprint:Warning: [compiler] Warning Unable to find function with name 'GetControlledPawn' for  GetControlledPawn 
[2014.08.26-21.46.53:495][  0]LogBlueprint:Warning: [compiler] Warning Could not find the function 'GetControlledPawn' called from  GetControlledPawn 
[2014.08.26-21.46.53:495][  0]LogBlueprint:Warning: [compiler] Warning Could not find the function 'GetControlledPawn' called from  GetControlledPawn 
[2014.08.26-21.46.53:499][  0]LogBlueprint:Warning: [compiler] Warning [0007.61] Compile of VRSpaceShooterController successful, but with 4 Warning(s) [in 32 ms]
[2014.08.26-21.46.53:742][  0]LogLinker:Warning: Asset 'F:/Unreal/GitHub/TP_SpaceShooterVR/Content/Props/MaterialSphere.uasset' has been saved with empty engine version. The asset will be loaded but may be incompatible.
[2014.08.26-21.46.53:891][  0]LogWorld: Game class is 'SpaceShooterGameMode_C'
[2014.08.26-21.46.53:914][  0]LogAIModule: Creating AISystem for world DefaultAsteroidField
[2014.08.26-21.46.53:968][  0]LogWorld: Bringing World /Temp/Autosaves/Game/UEDPCDefaultAsteroidField.DefaultAsteroidField up for play (max tick rate 0) at 2014.08.27-07.46.53
[2014.08.26-21.46.53:969][  0]LogWorld: Bringing up level for play took: 0.054359
[2014.08.26-21.46.53:973][  0]LogInit:Display: Game Engine Initialized.
[2014.08.26-21.46.54:183][  0]LogLoad: Full Startup: 8.29 seconds (BP compile: 0.73 seconds)
[2014.08.26-21.46.54:358][  0]LogRenderer:Warning: Reallocating scene render targets to support 1280x720.
[2014.08.26-21.46.56:693][152]LogConsoleResponse:Display: 
[2014.08.26-21.46.59:896][152]LogRenderer:Warning: Reallocating scene render targets to support 2496x1408.
[2014.08.26-21.46.59:896][152]LogScript:Warning: Accessed None 'CallFunc_GetPlayerCharacter_ReturnValue'
	VRSpaceShooterController_C /Temp/Autosaves/Game/UEDPCDefaultAsteroidField.DefaultAsteroidField:PersistentLevel.VRSpaceShooterController_C_0
	Function /Game/Blueprints/VRSpaceShooterController.VRSpaceShooterController_C:ToggleMenu:04A5
[2014.08.26-21.46.59:896][152]LogScript:Warning: Accessed None 'CallFunc_GetPlayerCharacter_ReturnValue'
	VRSpaceShooterController_C /Temp/Autosaves/Game/UEDPCDefaultAsteroidField.DefaultAsteroidField:PersistentLevel.VRSpaceShooterController_C_0
	Function /Game/Blueprints/VRSpaceShooterController.VRSpaceShooterController_C:ToggleMenu:0743
[2014.08.26-21.46.59:897][152]LogPrimitiveComponent: Zero scaling not supported (/Temp/Autosaves/Game/UEDPCDefaultAsteroidField.DefaultAsteroidField:PersistentLevel.ContextMenu_C_0.PPQ4)
[2014.08.26-21.46.59:897][152]LogPrimitiveComponent: Zero scaling not supported (/Temp/Autosaves/Game/UEDPCDefaultAsteroidField.DefaultAsteroidField:PersistentLevel.ContextMenu_C_0.EQ1)
[2014.08.26-21.46.59:897][152]LogPrimitiveComponent: Zero scaling not supported (/Temp/Autosaves/Game/UEDPCDefaultAsteroidField.DefaultAsteroidField:PersistentLevel.ContextMenu_C_0.EQ2)
[2014.08.26-21.46.59:898][152]LogPrimitiveComponent: Zero scaling not supported (/Temp/Autosaves/Game/UEDPCDefaultAsteroidField.DefaultAsteroidField:PersistentLevel.ContextMenu_C_0.EQ3)
[2014.08.26-21.46.59:898][152]LogPrimitiveComponent: Zero scaling not supported (/Temp/Autosaves/Game/UEDPCDefaultAsteroidField.DefaultAsteroidField:PersistentLevel.ContextMenu_C_0.EQ4)
[2014.08.26-21.46.59:898][152]LogPrimitiveComponent: Zero scaling not supported (/Temp/Autosaves/Game/UEDPCDefaultAsteroidField.DefaultAsteroidField:PersistentLevel.ContextMenu_C_0.TQ1)
[2014.08.26-21.46.59:898][152]LogPrimitiveComponent: Zero scaling not supported (/Temp/Autosaves/Game/UEDPCDefaultAsteroidField.DefaultAsteroidField:PersistentLevel.ContextMenu_C_0.TQ2)
[2014.08.26-21.46.59:898][152]LogPrimitiveComponent: Zero scaling not supported (/Temp/Autosaves/Game/UEDPCDefaultAsteroidField.DefaultAsteroidField:PersistentLevel.ContextMenu_C_0.TQ3)
[2014.08.26-21.46.59:899][152]LogPrimitiveComponent: Zero scaling not supported (/Temp/Autosaves/Game/UEDPCDefaultAsteroidField.DefaultAsteroidField:PersistentLevel.ContextMenu_C_0.TQ4)
[2014.08.26-21.46.59:899][152]LogPrimitiveComponent: Zero scaling not supported (/Temp/Autosaves/Game/UEDPCDefaultAsteroidField.DefaultAsteroidField:PersistentLevel.ContextMenu_C_0.SQ1)
[2014.08.26-21.46.59:899][152]LogPrimitiveComponent: Zero scaling not supported (/Temp/Autosaves/Game/UEDPCDefaultAsteroidField.DefaultAsteroidField:PersistentLevel.ContextMenu_C_0.SQ2)
[2014.08.26-21.46.59:899][152]LogPrimitiveComponent: Zero scaling not supported (/Temp/Autosaves/Game/UEDPCDefaultAsteroidField.DefaultAsteroidField:PersistentLevel.ContextMenu_C_0.SQ3)
[2014.08.26-21.46.59:900][152]LogPrimitiveComponent: Zero scaling not supported (/Temp/Autosaves/Game/UEDPCDefaultAsteroidField.DefaultAsteroidField:PersistentLevel.ContextMenu_C_0.SQ4)
[2014.08.26-21.46.59:900][152]LogPrimitiveComponent: Zero scaling not supported (/Temp/Autosaves/Game/UEDPCDefaultAsteroidField.DefaultAsteroidField:PersistentLevel.ContextMenu_C_0.PPQ1)
[2014.08.26-21.46.59:900][152]LogPrimitiveComponent: Zero scaling not supported (/Temp/Autosaves/Game/UEDPCDefaultAsteroidField.DefaultAsteroidField:PersistentLevel.ContextMenu_C_0.PPQ2)
[2014.08.26-21.46.59:900][152]LogPrimitiveComponent: Zero scaling not supported (/Temp/Autosaves/Game/UEDPCDefaultAsteroidField.DefaultAsteroidField:PersistentLevel.ContextMenu_C_0.PPQ3)
[2014.08.26-21.46.59:901][152]LogPrimitiveComponent: Zero scaling not supported (/Temp/Autosaves/Game/UEDPCDefaultAsteroidField.DefaultAsteroidField:PersistentLevel.ContextMenu_C_0.VDDown)
[2014.08.26-21.46.59:901][152]LogPrimitiveComponent: Zero scaling not supported (/Temp/Autosaves/Game/UEDPCDefaultAsteroidField.DefaultAsteroidField:PersistentLevel.ContextMenu_C_0.VDUp)
[2014.08.26-21.46.59:901][152]LogPrimitiveComponent: Zero scaling not supported (/Temp/Autosaves/Game/UEDPCDefaultAsteroidField.DefaultAsteroidField:PersistentLevel.ContextMenu_C_0.AADown)
[2014.08.26-21.46.59:901][152]LogPrimitiveComponent: Zero scaling not supported (/Temp/Autosaves/Game/UEDPCDefaultAsteroidField.DefaultAsteroidField:PersistentLevel.ContextMenu_C_0.AAUp)
[2014.08.26-21.46.59:903][152]LogPrimitiveComponent: Zero scaling not supported (/Temp/Autosaves/Game/UEDPCDefaultAsteroidField.DefaultAsteroidField:PersistentLevel.ContextMenu_C_0.DSUp01)
[2014.08.26-21.46.59:904][152]LogPrimitiveComponent: Zero scaling not supported (/Temp/Autosaves/Game/UEDPCDefaultAsteroidField.DefaultAsteroidField:PersistentLevel.ContextMenu_C_0.ToggleButton5Active)
[2014.08.26-21.46.59:904][152]LogPrimitiveComponent: Zero scaling not supported (/Temp/Autosaves/Game/UEDPCDefaultAsteroidField.DefaultAsteroidField:PersistentLevel.ContextMenu_C_0.ToggleButton6Active)
[2014.08.26-21.46.59:905][152]LogPrimitiveComponent: Zero scaling not supported (/Temp/Autosaves/Game/UEDPCDefaultAsteroidField.DefaultAsteroidField:PersistentLevel.ContextMenu_C_0.IPDDown)
[2014.08.26-21.46.59:905][152]LogPrimitiveComponent: Zero scaling not supported (/Temp/Autosaves/Game/UEDPCDefaultAsteroidField.DefaultAsteroidField:PersistentLevel.ContextMenu_C_0.IPDUp)
[2014.08.26-21.46.59:905][152]LogPrimitiveComponent: Zero scaling not supported (/Temp/Autosaves/Game/UEDPCDefaultAsteroidField.DefaultAsteroidField:PersistentLevel.ContextMenu_C_0.SPUp)
[2014.08.26-21.46.59:905][152]LogPrimitiveComponent: Zero scaling not supported (/Temp/Autosaves/Game/UEDPCDefaultAsteroidField.DefaultAsteroidField:PersistentLevel.ContextMenu_C_0.SPDown)
[2014.08.26-21.46.59:906][152]LogPrimitiveComponent: Zero scaling not supported (/Temp/Autosaves/Game/UEDPCDefaultAsteroidField.DefaultAsteroidField:PersistentLevel.ContextMenu_C_0.SPDown01)
[2014.08.26-21.46.59:906][152]LogPrimitiveComponent: Zero scaling not supported (/Temp/Autosaves/Game/UEDPCDefaultAsteroidField.DefaultAsteroidField:PersistentLevel.ContextMenu_C_0.SPUp01)
[2014.08.26-21.46.59:906][152]LogPrimitiveComponent: Zero scaling not supported (/Temp/Autosaves/Game/UEDPCDefaultAsteroidField.DefaultAsteroidField:PersistentLevel.ContextMenu_C_0.DSUP)
[2014.08.26-21.46.59:906][152]LogPrimitiveComponent: Zero scaling not supported (/Temp/Autosaves/Game/UEDPCDefaultAsteroidField.DefaultAsteroidField:PersistentLevel.ContextMenu_C_0.DSDown)
[2014.08.26-21.46.59:907][152]LogPrimitiveComponent: Zero scaling not supported (/Temp/Autosaves/Game/UEDPCDefaultAsteroidField.DefaultAsteroidField:PersistentLevel.ContextMenu_C_0.DSDOwn01)
[2014.08.26-21.47.00:006][154]LogHMD:Warning: Skipping frame: FinishRendering called with no corresponding BeginRendering (was BackBuffer re-allocated?)
[2014.08.26-21.47.00:460][155]LogHMD:Warning: Vision Tracking Acquired
[2014.08.26-21.47.05:394][296]LogScript:Warning: Accessed None 'CallFunc_GetPlayerCharacter_ReturnValue'
	VRSpaceShooterController_C /Temp/Autosaves/Game/UEDPCDefaultAsteroidField.DefaultAsteroidField:PersistentLevel.VRSpaceShooterController_C_0
	Function /Game/Blueprints/VRSpaceShooterController.VRSpaceShooterController_C:ToggleMenu:04A5
[2014.08.26-21.47.05:394][296]LogScript:Warning: Accessed None 'CallFunc_GetPlayerCharacter_ReturnValue'
	VRSpaceShooterController_C /Temp/Autosaves/Game/UEDPCDefaultAsteroidField.DefaultAsteroidField:PersistentLevel.VRSpaceShooterController_C_0
	Function /Game/Blueprints/VRSpaceShooterController.VRSpaceShooterController_C:ToggleMenu:0743
[2014.08.26-21.47.05:395][296]LogPrimitiveComponent: Zero scaling not supported (/Temp/Autosaves/Game/UEDPCDefaultAsteroidField.DefaultAsteroidField:PersistentLevel.ContextMenu_C_1.PPQ4)
[2014.08.26-21.47.05:396][296]LogPrimitiveComponent: Zero scaling not supported (/Temp/Autosaves/Game/UEDPCDefaultAsteroidField.DefaultAsteroidField:PersistentLevel.ContextMenu_C_1.EQ1)
[2014.08.26-21.47.05:396][296]LogPrimitiveComponent: Zero scaling not supported (/Temp/Autosaves/Game/UEDPCDefaultAsteroidField.DefaultAsteroidField:PersistentLevel.ContextMenu_C_1.EQ2)
[2014.08.26-21.47.05:396][296]LogPrimitiveComponent: Zero scaling not supported (/Temp/Autosaves/Game/UEDPCDefaultAsteroidField.DefaultAsteroidField:PersistentLevel.ContextMenu_C_1.EQ3)
[2014.08.26-21.47.05:397][296]LogPrimitiveComponent: Zero scaling not supported (/Temp/Autosaves/Game/UEDPCDefaultAsteroidField.DefaultAsteroidField:PersistentLevel.ContextMenu_C_1.EQ4)
[2014.08.26-21.47.05:397][296]LogPrimitiveComponent: Zero scaling not supported (/Temp/Autosaves/Game/UEDPCDefaultAsteroidField.DefaultAsteroidField:PersistentLevel.ContextMenu_C_1.TQ1)
[2014.08.26-21.47.05:397][296]LogPrimitiveComponent: Zero scaling not supported (/Temp/Autosaves/Game/UEDPCDefaultAsteroidField.DefaultAsteroidField:PersistentLevel.ContextMenu_C_1.TQ2)
[2014.08.26-21.47.05:397][296]LogPrimitiveComponent: Zero scaling not supported (/Temp/Autosaves/Game/UEDPCDefaultAsteroidField.DefaultAsteroidField:PersistentLevel.ContextMenu_C_1.TQ3)
[2014.08.26-21.47.05:397][296]LogPrimitiveComponent: Zero scaling not supported (/Temp/Autosaves/Game/UEDPCDefaultAsteroidField.DefaultAsteroidField:PersistentLevel.ContextMenu_C_1.TQ4)
[2014.08.26-21.47.05:398][296]LogPrimitiveComponent: Zero scaling not supported (/Temp/Autosaves/Game/UEDPCDefaultAsteroidField.DefaultAsteroidField:PersistentLevel.ContextMenu_C_1.SQ1)
[2014.08.26-21.47.05:398][296]LogPrimitiveComponent: Zero scaling not supported (/Temp/Autosaves/Game/UEDPCDefaultAsteroidField.DefaultAsteroidField:PersistentLevel.ContextMenu_C_1.SQ2)
[2014.08.26-21.47.05:398][296]LogPrimitiveComponent: Zero scaling not supported (/Temp/Autosaves/Game/UEDPCDefaultAsteroidField.DefaultAsteroidField:PersistentLevel.ContextMenu_C_1.SQ3)
[2014.08.26-21.47.05:398][296]LogPrimitiveComponent: Zero scaling not supported (/Temp/Autosaves/Game/UEDPCDefaultAsteroidField.DefaultAsteroidField:PersistentLevel.ContextMenu_C_1.SQ4)
[2014.08.26-21.47.05:398][296]LogPrimitiveComponent: Zero scaling not supported (/Temp/Autosaves/Game/UEDPCDefaultAsteroidField.DefaultAsteroidField:PersistentLevel.ContextMenu_C_1.PPQ1)
[2014.08.26-21.47.05:399][296]LogPrimitiveComponent: Zero scaling not supported (/Temp/Autosaves/Game/UEDPCDefaultAsteroidField.DefaultAsteroidField:PersistentLevel.ContextMenu_C_1.PPQ2)
[2014.08.26-21.47.05:399][296]LogPrimitiveComponent: Zero scaling not supported (/Temp/Autosaves/Game/UEDPCDefaultAsteroidField.DefaultAsteroidField:PersistentLevel.ContextMenu_C_1.PPQ3)
[2014.08.26-21.47.05:399][296]LogPrimitiveComponent: Zero scaling not supported (/Temp/Autosaves/Game/UEDPCDefaultAsteroidField.DefaultAsteroidField:PersistentLevel.ContextMenu_C_1.VDDown)
[2014.08.26-21.47.05:399][296]LogPrimitiveComponent: Zero scaling not supported (/Temp/Autosaves/Game/UEDPCDefaultAsteroidField.DefaultAsteroidField:PersistentLevel.ContextMenu_C_1.VDUp)
[2014.08.26-21.47.05:400][296]LogPrimitiveComponent: Zero scaling not supported (/Temp/Autosaves/Game/UEDPCDefaultAsteroidField.DefaultAsteroidField:PersistentLevel.ContextMenu_C_1.AADown)
[2014.08.26-21.47.05:400][296]LogPrimitiveComponent: Zero scaling not supported (/Temp/Autosaves/Game/UEDPCDefaultAsteroidField.DefaultAsteroidField:PersistentLevel.ContextMenu_C_1.AAUp)
[2014.08.26-21.47.05:401][296]LogPrimitiveComponent: Zero scaling not supported (/Temp/Autosaves/Game/UEDPCDefaultAsteroidField.DefaultAsteroidField:PersistentLevel.ContextMenu_C_1.DSUp01)
[2014.08.26-21.47.05:401][296]LogPrimitiveComponent: Zero scaling not supported (/Temp/Autosaves/Game/UEDPCDefaultAsteroidField.DefaultAsteroidField:PersistentLevel.ContextMenu_C_1.ToggleButton5Active)
[2014.08.26-21.47.05:402][296]LogPrimitiveComponent: Zero scaling not supported (/Temp/Autosaves/Game/UEDPCDefaultAsteroidField.DefaultAsteroidField:PersistentLevel.ContextMenu_C_1.ToggleButton6Active)
[2014.08.26-21.47.05:402][296]LogPrimitiveComponent: Zero scaling not supported (/Temp/Autosaves/Game/UEDPCDefaultAsteroidField.DefaultAsteroidField:PersistentLevel.ContextMenu_C_1.IPDDown)
[2014.08.26-21.47.05:402][296]LogPrimitiveComponent: Zero scaling not supported (/Temp/Autosaves/Game/UEDPCDefaultAsteroidField.DefaultAsteroidField:PersistentLevel.ContextMenu_C_1.IPDUp)
[2014.08.26-21.47.05:403][296]LogPrimitiveComponent: Zero scaling not supported (/Temp/Autosaves/Game/UEDPCDefaultAsteroidField.DefaultAsteroidField:PersistentLevel.ContextMenu_C_1.SPUp)
[2014.08.26-21.47.05:403][296]LogPrimitiveComponent: Zero scaling not supported (/Temp/Autosaves/Game/UEDPCDefaultAsteroidField.DefaultAsteroidField:PersistentLevel.ContextMenu_C_1.SPDown)
[2014.08.26-21.47.05:403][296]LogPrimitiveComponent: Zero scaling not supported (/Temp/Autosaves/Game/UEDPCDefaultAsteroidField.DefaultAsteroidField:PersistentLevel.ContextMenu_C_1.SPDown01)
[2014.08.26-21.47.05:403][296]LogPrimitiveComponent: Zero scaling not supported (/Temp/Autosaves/Game/UEDPCDefaultAsteroidField.DefaultAsteroidField:PersistentLevel.ContextMenu_C_1.SPUp01)
[2014.08.26-21.47.05:403][296]LogPrimitiveComponent: Zero scaling not supported (/Temp/Autosaves/Game/UEDPCDefaultAsteroidField.DefaultAsteroidField:PersistentLevel.ContextMenu_C_1.DSUP)
[2014.08.26-21.47.05:404][296]LogPrimitiveComponent: Zero scaling not supported (/Temp/Autosaves/Game/UEDPCDefaultAsteroidField.DefaultAsteroidField:PersistentLevel.ContextMenu_C_1.DSDown)
[2014.08.26-21.47.05:404][296]LogPrimitiveComponent: Zero scaling not supported (/Temp/Autosaves/Game/UEDPCDefaultAsteroidField.DefaultAsteroidField:PersistentLevel.ContextMenu_C_1.DSDOwn01)
[2014.08.26-21.47.07:170][347]LogScript:Warning: Accessed None 'CallFunc_GetPlayerCharacter_ReturnValue'
	VRSpaceShooterController_C /Temp/Autosaves/Game/UEDPCDefaultAsteroidField.DefaultAsteroidField:PersistentLevel.VRSpaceShooterController_C_0
	Function /Game/Blueprints/VRSpaceShooterController.VRSpaceShooterController_C:ToggleMenu:04A5
[2014.08.26-21.47.07:170][347]LogScript:Warning: Accessed None 'CallFunc_GetPlayerCharacter_ReturnValue'
	VRSpaceShooterController_C /Temp/Autosaves/Game/UEDPCDefaultAsteroidField.DefaultAsteroidField:PersistentLevel.VRSpaceShooterController_C_0
	Function /Game/Blueprints/VRSpaceShooterController.VRSpaceShooterController_C:ToggleMenu:0743
[2014.08.26-21.47.07:171][347]LogPrimitiveComponent: Zero scaling not supported (/Temp/Autosaves/Game/UEDPCDefaultAsteroidField.DefaultAsteroidField:PersistentLevel.ContextMenu_C_2.PPQ4)
[2014.08.26-21.47.07:171][347]LogPrimitiveComponent: Zero scaling not supported (/Temp/Autosaves/Game/UEDPCDefaultAsteroidField.DefaultAsteroidField:PersistentLevel.ContextMenu_C_2.EQ1)
[2014.08.26-21.47.07:171][347]LogPrimitiveComponent: Zero scaling not supported (/Temp/Autosaves/Game/UEDPCDefaultAsteroidField.DefaultAsteroidField:PersistentLevel.ContextMenu_C_2.EQ2)
[2014.08.26-21.47.07:171][347]LogPrimitiveComponent: Zero scaling not supported (/Temp/Autosaves/Game/UEDPCDefaultAsteroidField.DefaultAsteroidField:PersistentLevel.ContextMenu_C_2.EQ3)
[2014.08.26-21.47.07:172][347]LogPrimitiveComponent: Zero scaling not supported (/Temp/Autosaves/Game/UEDPCDefaultAsteroidField.DefaultAsteroidField:PersistentLevel.ContextMenu_C_2.EQ4)
[2014.08.26-21.47.07:172][347]LogPrimitiveComponent: Zero scaling not supported (/Temp/Autosaves/Game/UEDPCDefaultAsteroidField.DefaultAsteroidField:PersistentLevel.ContextMenu_C_2.TQ1)
[2014.08.26-21.47.07:172][347]LogPrimitiveComponent: Zero scaling not supported (/Temp/Autosaves/Game/UEDPCDefaultAsteroidField.DefaultAsteroidField:PersistentLevel.ContextMenu_C_2.TQ2)
[2014.08.26-21.47.07:172][347]LogPrimitiveComponent: Zero scaling not supported (/Temp/Autosaves/Game/UEDPCDefaultAsteroidField.DefaultAsteroidField:PersistentLevel.ContextMenu_C_2.TQ3)
[2014.08.26-21.47.07:172][347]LogPrimitiveComponent: Zero scaling not supported (/Temp/Autosaves/Game/UEDPCDefaultAsteroidField.DefaultAsteroidField:PersistentLevel.ContextMenu_C_2.TQ4)
[2014.08.26-21.47.07:173][347]LogPrimitiveComponent: Zero scaling not supported (/Temp/Autosaves/Game/UEDPCDefaultAsteroidField.DefaultAsteroidField:PersistentLevel.ContextMenu_C_2.SQ1)
[2014.08.26-21.47.07:173][347]LogPrimitiveComponent: Zero scaling not supported (/Temp/Autosaves/Game/UEDPCDefaultAsteroidField.DefaultAsteroidField:PersistentLevel.ContextMenu_C_2.SQ2)
[2014.08.26-21.47.07:173][347]LogPrimitiveComponent: Zero scaling not supported (/Temp/Autosaves/Game/UEDPCDefaultAsteroidField.DefaultAsteroidField:PersistentLevel.ContextMenu_C_2.SQ3)
[2014.08.26-21.47.07:173][347]LogPrimitiveComponent: Zero scaling not supported (/Temp/Autosaves/Game/UEDPCDefaultAsteroidField.DefaultAsteroidField:PersistentLevel.ContextMenu_C_2.SQ4)
[2014.08.26-21.47.07:173][347]LogPrimitiveComponent: Zero scaling not supported (/Temp/Autosaves/Game/UEDPCDefaultAsteroidField.DefaultAsteroidField:PersistentLevel.ContextMenu_C_2.PPQ1)
[2014.08.26-21.47.07:174][347]LogPrimitiveComponent: Zero scaling not supported (/Temp/Autosaves/Game/UEDPCDefaultAsteroidField.DefaultAsteroidField:PersistentLevel.ContextMenu_C_2.PPQ2)
[2014.08.26-21.47.07:174][347]LogPrimitiveComponent: Zero scaling not supported (/Temp/Autosaves/Game/UEDPCDefaultAsteroidField.DefaultAsteroidField:PersistentLevel.ContextMenu_C_2.PPQ3)
[2014.08.26-21.47.07:174][347]LogPrimitiveComponent: Zero scaling not supported (/Temp/Autosaves/Game/UEDPCDefaultAsteroidField.DefaultAsteroidField:PersistentLevel.ContextMenu_C_2.VDDown)
[2014.08.26-21.47.07:174][347]LogPrimitiveComponent: Zero scaling not supported (/Temp/Autosaves/Game/UEDPCDefaultAsteroidField.DefaultAsteroidField:PersistentLevel.ContextMenu_C_2.VDUp)
[2014.08.26-21.47.07:175][347]LogPrimitiveComponent: Zero scaling not supported (/Temp/Autosaves/Game/UEDPCDefaultAsteroidField.DefaultAsteroidField:PersistentLevel.ContextMenu_C_2.AADown)
[2014.08.26-21.47.07:175][347]LogPrimitiveComponent: Zero scaling not supported (/Temp/Autosaves/Game/UEDPCDefaultAsteroidField.DefaultAsteroidField:PersistentLevel.ContextMenu_C_2.AAUp)
[2014.08.26-21.47.07:176][347]LogPrimitiveComponent: Zero scaling not supported (/Temp/Autosaves/Game/UEDPCDefaultAsteroidField.DefaultAsteroidField:PersistentLevel.ContextMenu_C_2.DSUp01)
[2014.08.26-21.47.07:176][347]LogPrimitiveComponent: Zero scaling not supported (/Temp/Autosaves/Game/UEDPCDefaultAsteroidField.DefaultAsteroidField:PersistentLevel.ContextMenu_C_2.ToggleButton5Active)
[2014.08.26-21.47.07:177][347]LogPrimitiveComponent: Zero scaling not supported (/Temp/Autosaves/Game/UEDPCDefaultAsteroidField.DefaultAsteroidField:PersistentLevel.ContextMenu_C_2.ToggleButton6Active)
[2014.08.26-21.47.07:177][347]LogPrimitiveComponent: Zero scaling not supported (/Temp/Autosaves/Game/UEDPCDefaultAsteroidField.DefaultAsteroidField:PersistentLevel.ContextMenu_C_2.IPDDown)
[2014.08.26-21.47.07:177][347]LogPrimitiveComponent: Zero scaling not supported (/Temp/Autosaves/Game/UEDPCDefaultAsteroidField.DefaultAsteroidField:PersistentLevel.ContextMenu_C_2.IPDUp)
[2014.08.26-21.47.07:178][347]LogPrimitiveComponent: Zero scaling not supported (/Temp/Autosaves/Game/UEDPCDefaultAsteroidField.DefaultAsteroidField:PersistentLevel.ContextMenu_C_2.SPUp)
[2014.08.26-21.47.07:178][347]LogPrimitiveComponent: Zero scaling not supported (/Temp/Autosaves/Game/UEDPCDefaultAsteroidField.DefaultAsteroidField:PersistentLevel.ContextMenu_C_2.SPDown)
[2014.08.26-21.47.07:178][347]LogPrimitiveComponent: Zero scaling not supported (/Temp/Autosaves/Game/UEDPCDefaultAsteroidField.DefaultAsteroidField:PersistentLevel.ContextMenu_C_2.SPDown01)
[2014.08.26-21.47.07:179][347]LogPrimitiveComponent: Zero scaling not supported (/Temp/Autosaves/Game/UEDPCDefaultAsteroidField.DefaultAsteroidField:PersistentLevel.ContextMenu_C_2.SPUp01)
[2014.08.26-21.47.07:179][347]LogPrimitiveComponent: Zero scaling not supported (/Temp/Autosaves/Game/UEDPCDefaultAsteroidField.DefaultAsteroidField:PersistentLevel.ContextMenu_C_2.DSUP)
[2014.08.26-21.47.07:179][347]LogPrimitiveComponent: Zero scaling not supported (/Temp/Autosaves/Game/UEDPCDefaultAsteroidField.DefaultAsteroidField:PersistentLevel.ContextMenu_C_2.DSDown)
[2014.08.26-21.47.07:179][347]LogPrimitiveComponent: Zero scaling not supported (/Temp/Autosaves/Game/UEDPCDefaultAsteroidField.DefaultAsteroidField:PersistentLevel.ContextMenu_C_2.DSDOwn01)
[2014.08.26-21.47.09:267][409]LogScript:Warning: Accessed None 'CallFunc_GetPlayerCharacter_ReturnValue'
	VRSpaceShooterController_C /Temp/Autosaves/Game/UEDPCDefaultAsteroidField.DefaultAsteroidField:PersistentLevel.VRSpaceShooterController_C_0
	Function /Game/Blueprints/VRSpaceShooterController.VRSpaceShooterController_C:ToggleMenu:04A5
[2014.08.26-21.47.09:267][409]LogScript:Warning: Accessed None 'CallFunc_GetPlayerCharacter_ReturnValue'
	VRSpaceShooterController_C /Temp/Autosaves/Game/UEDPCDefaultAsteroidField.DefaultAsteroidField:PersistentLevel.VRSpaceShooterController_C_0
	Function /Game/Blueprints/VRSpaceShooterController.VRSpaceShooterController_C:ToggleMenu:0743
[2014.08.26-21.47.09:268][409]LogPrimitiveComponent: Zero scaling not supported (/Temp/Autosaves/Game/UEDPCDefaultAsteroidField.DefaultAsteroidField:PersistentLevel.ContextMenu_C_3.PPQ4)
[2014.08.26-21.47.09:268][409]LogPrimitiveComponent: Zero scaling not supported (/Temp/Autosaves/Game/UEDPCDefaultAsteroidField.DefaultAsteroidField:PersistentLevel.ContextMenu_C_3.EQ1)
[2014.08.26-21.47.09:268][409]LogPrimitiveComponent: Zero scaling not supported (/Temp/Autosaves/Game/UEDPCDefaultAsteroidField.DefaultAsteroidField:PersistentLevel.ContextMenu_C_3.EQ2)
[2014.08.26-21.47.09:269][409]LogPrimitiveComponent: Zero scaling not supported (/Temp/Autosaves/Game/UEDPCDefaultAsteroidField.DefaultAsteroidField:PersistentLevel.ContextMenu_C_3.EQ3)
[2014.08.26-21.47.09:269][409]LogPrimitiveComponent: Zero scaling not supported (/Temp/Autosaves/Game/UEDPCDefaultAsteroidField.DefaultAsteroidField:PersistentLevel.ContextMenu_C_3.EQ4)
[2014.08.26-21.47.09:269][409]LogPrimitiveComponent: Zero scaling not supported (/Temp/Autosaves/Game/UEDPCDefaultAsteroidField.DefaultAsteroidField:PersistentLevel.ContextMenu_C_3.TQ1)
[2014.08.26-21.47.09:269][409]LogPrimitiveComponent: Zero scaling not supported (/Temp/Autosaves/Game/UEDPCDefaultAsteroidField.DefaultAsteroidField:PersistentLevel.ContextMenu_C_3.TQ2)
[2014.08.26-21.47.09:269][409]LogPrimitiveComponent: Zero scaling not supported (/Temp/Autosaves/Game/UEDPCDefaultAsteroidField.DefaultAsteroidField:PersistentLevel.ContextMenu_C_3.TQ3)
[2014.08.26-21.47.09:270][409]LogPrimitiveComponent: Zero scaling not supported (/Temp/Autosaves/Game/UEDPCDefaultAsteroidField.DefaultAsteroidField:PersistentLevel.ContextMenu_C_3.TQ4)
[2014.08.26-21.47.09:270][409]LogPrimitiveComponent: Zero scaling not supported (/Temp/Autosaves/Game/UEDPCDefaultAsteroidField.DefaultAsteroidField:PersistentLevel.ContextMenu_C_3.SQ1)
[2014.08.26-21.47.09:270][409]LogPrimitiveComponent: Zero scaling not supported (/Temp/Autosaves/Game/UEDPCDefaultAsteroidField.DefaultAsteroidField:PersistentLevel.ContextMenu_C_3.SQ2)
[2014.08.26-21.47.09:270][409]LogPrimitiveComponent: Zero scaling not supported (/Temp/Autosaves/Game/UEDPCDefaultAsteroidField.DefaultAsteroidField:PersistentLevel.ContextMenu_C_3.SQ3)
[2014.08.26-21.47.09:270][409]LogPrimitiveComponent: Zero scaling not supported (/Temp/Autosaves/Game/UEDPCDefaultAsteroidField.DefaultAsteroidField:PersistentLevel.ContextMenu_C_3.SQ4)
[2014.08.26-21.47.09:271][409]LogPrimitiveComponent: Zero scaling not supported (/Temp/Autosaves/Game/UEDPCDefaultAsteroidField.DefaultAsteroidField:PersistentLevel.ContextMenu_C_3.PPQ1)
[2014.08.26-21.47.09:271][409]LogPrimitiveComponent: Zero scaling not supported (/Temp/Autosaves/Game/UEDPCDefaultAsteroidField.DefaultAsteroidField:PersistentLevel.ContextMenu_C_3.PPQ2)
[2014.08.26-21.47.09:271][409]LogPrimitiveComponent: Zero scaling not supported (/Temp/Autosaves/Game/UEDPCDefaultAsteroidField.DefaultAsteroidField:PersistentLevel.ContextMenu_C_3.PPQ3)
[2014.08.26-21.47.09:271][409]LogPrimitiveComponent: Zero scaling not supported (/Temp/Autosaves/Game/UEDPCDefaultAsteroidField.DefaultAsteroidField:PersistentLevel.ContextMenu_C_3.VDDown)
[2014.08.26-21.47.09:272][409]LogPrimitiveComponent: Zero scaling not supported (/Temp/Autosaves/Game/UEDPCDefaultAsteroidField.DefaultAsteroidField:PersistentLevel.ContextMenu_C_3.VDUp)
[2014.08.26-21.47.09:272][409]LogPrimitiveComponent: Zero scaling not supported (/Temp/Autosaves/Game/UEDPCDefaultAsteroidField.DefaultAsteroidField:PersistentLevel.ContextMenu_C_3.AADown)
[2014.08.26-21.47.09:272][409]LogPrimitiveComponent: Zero scaling not supported (/Temp/Autosaves/Game/UEDPCDefaultAsteroidField.DefaultAsteroidField:PersistentLevel.ContextMenu_C_3.AAUp)
[2014.08.26-21.47.09:274][409]LogPrimitiveComponent: Zero scaling not supported (/Temp/Autosaves/Game/UEDPCDefaultAsteroidField.DefaultAsteroidField:PersistentLevel.ContextMenu_C_3.DSUp01)
[2014.08.26-21.47.09:274][409]LogPrimitiveComponent: Zero scaling not supported (/Temp/Autosaves/Game/UEDPCDefaultAsteroidField.DefaultAsteroidField:PersistentLevel.ContextMenu_C_3.ToggleButton5Active)
[2014.08.26-21.47.09:274][409]LogPrimitiveComponent: Zero scaling not supported (/Temp/Autosaves/Game/UEDPCDefaultAsteroidField.DefaultAsteroidField:PersistentLevel.ContextMenu_C_3.ToggleButton6Active)
[2014.08.26-21.47.09:275][409]LogPrimitiveComponent: Zero scaling not supported (/Temp/Autosaves/Game/UEDPCDefaultAsteroidField.DefaultAsteroidField:PersistentLevel.ContextMenu_C_3.IPDDown)
[2014.08.26-21.47.09:275][409]LogPrimitiveComponent: Zero scaling not supported (/Temp/Autosaves/Game/UEDPCDefaultAsteroidField.DefaultAsteroidField:PersistentLevel.ContextMenu_C_3.IPDUp)
[2014.08.26-21.47.09:275][409]LogPrimitiveComponent: Zero scaling not supported (/Temp/Autosaves/Game/UEDPCDefaultAsteroidField.DefaultAsteroidField:PersistentLevel.ContextMenu_C_3.SPUp)
[2014.08.26-21.47.09:275][409]LogPrimitiveComponent: Zero scaling not supported (/Temp/Autosaves/Game/UEDPCDefaultAsteroidField.DefaultAsteroidField:PersistentLevel.ContextMenu_C_3.SPDown)
[2014.08.26-21.47.09:276][409]LogPrimitiveComponent: Zero scaling not supported (/Temp/Autosaves/Game/UEDPCDefaultAsteroidField.DefaultAsteroidField:PersistentLevel.ContextMenu_C_3.SPDown01)
[2014.08.26-21.47.09:276][409]LogPrimitiveComponent: Zero scaling not supported (/Temp/Autosaves/Game/UEDPCDefaultAsteroidField.DefaultAsteroidField:PersistentLevel.ContextMenu_C_3.SPUp01)
[2014.08.26-21.47.09:276][409]LogPrimitiveComponent: Zero scaling not supported (/Temp/Autosaves/Game/UEDPCDefaultAsteroidField.DefaultAsteroidField:PersistentLevel.ContextMenu_C_3.DSUP)
[2014.08.26-21.47.09:276][409]LogPrimitiveComponent: Zero scaling not supported (/Temp/Autosaves/Game/UEDPCDefaultAsteroidField.DefaultAsteroidField:PersistentLevel.ContextMenu_C_3.DSDown)
[2014.08.26-21.47.09:276][409]LogPrimitiveComponent: Zero scaling not supported (/Temp/Autosaves/Game/UEDPCDefaultAsteroidField.DefaultAsteroidField:PersistentLevel.ContextMenu_C_3.DSDOwn01)
[2014.08.26-21.47.10:734][452]LogScript:Warning: Accessed None 'CallFunc_GetPlayerCharacter_ReturnValue'
	VRSpaceShooterController_C /Temp/Autosaves/Game/UEDPCDefaultAsteroidField.DefaultAsteroidField:PersistentLevel.VRSpaceShooterController_C_0
	Function /Game/Blueprints/VRSpaceShooterController.VRSpaceShooterController_C:ToggleMenu:04A5
[2014.08.26-21.47.10:734][452]LogScript:Warning: Accessed None 'CallFunc_GetPlayerCharacter_ReturnValue'
	VRSpaceShooterController_C /Temp/Autosaves/Game/UEDPCDefaultAsteroidField.DefaultAsteroidField:PersistentLevel.VRSpaceShooterController_C_0
	Function /Game/Blueprints/VRSpaceShooterController.VRSpaceShooterController_C:ToggleMenu:0743
[2014.08.26-21.47.10:736][452]LogPrimitiveComponent: Zero scaling not supported (/Temp/Autosaves/Game/UEDPCDefaultAsteroidField.DefaultAsteroidField:PersistentLevel.ContextMenu_C_4.PPQ4)
[2014.08.26-21.47.10:736][452]LogPrimitiveComponent: Zero scaling not supported (/Temp/Autosaves/Game/UEDPCDefaultAsteroidField.DefaultAsteroidField:PersistentLevel.ContextMenu_C_4.EQ1)
[2014.08.26-21.47.10:736][452]LogPrimitiveComponent: Zero scaling not supported (/Temp/Autosaves/Game/UEDPCDefaultAsteroidField.DefaultAsteroidField:PersistentLevel.ContextMenu_C_4.EQ2)
[2014.08.26-21.47.10:736][452]LogPrimitiveComponent: Zero scaling not supported (/Temp/Autosaves/Game/UEDPCDefaultAsteroidField.DefaultAsteroidField:PersistentLevel.ContextMenu_C_4.EQ3)
[2014.08.26-21.47.10:737][452]LogPrimitiveComponent: Zero scaling not supported (/Temp/Autosaves/Game/UEDPCDefaultAsteroidField.DefaultAsteroidField:PersistentLevel.ContextMenu_C_4.EQ4)
[2014.08.26-21.47.10:737][452]LogPrimitiveComponent: Zero scaling not supported (/Temp/Autosaves/Game/UEDPCDefaultAsteroidField.DefaultAsteroidField:PersistentLevel.ContextMenu_C_4.TQ1)
[2014.08.26-21.47.10:737][452]LogPrimitiveComponent: Zero scaling not supported (/Temp/Autosaves/Game/UEDPCDefaultAsteroidField.DefaultAsteroidField:PersistentLevel.ContextMenu_C_4.TQ2)
[2014.08.26-21.47.10:737][452]LogPrimitiveComponent: Zero scaling not supported (/Temp/Autosaves/Game/UEDPCDefaultAsteroidField.DefaultAsteroidField:PersistentLevel.ContextMenu_C_4.TQ3)
[2014.08.26-21.47.10:738][452]LogPrimitiveComponent: Zero scaling not supported (/Temp/Autosaves/Game/UEDPCDefaultAsteroidField.DefaultAsteroidField:PersistentLevel.ContextMenu_C_4.TQ4)
[2014.08.26-21.47.10:738][452]LogPrimitiveComponent: Zero scaling not supported (/Temp/Autosaves/Game/UEDPCDefaultAsteroidField.DefaultAsteroidField:PersistentLevel.ContextMenu_C_4.SQ1)
[2014.08.26-21.47.10:738][452]LogPrimitiveComponent: Zero scaling not supported (/Temp/Autosaves/Game/UEDPCDefaultAsteroidField.DefaultAsteroidField:PersistentLevel.ContextMenu_C_4.SQ2)
[2014.08.26-21.47.10:738][452]LogPrimitiveComponent: Zero scaling not supported (/Temp/Autosaves/Game/UEDPCDefaultAsteroidField.DefaultAsteroidField:PersistentLevel.ContextMenu_C_4.SQ3)
[2014.08.26-21.47.10:739][452]LogPrimitiveComponent: Zero scaling not supported (/Temp/Autosaves/Game/UEDPCDefaultAsteroidField.DefaultAsteroidField:PersistentLevel.ContextMenu_C_4.SQ4)
[2014.08.26-21.47.10:739][452]LogPrimitiveComponent: Zero scaling not supported (/Temp/Autosaves/Game/UEDPCDefaultAsteroidField.DefaultAsteroidField:PersistentLevel.ContextMenu_C_4.PPQ1)
[2014.08.26-21.47.10:739][452]LogPrimitiveComponent: Zero scaling not supported (/Temp/Autosaves/Game/UEDPCDefaultAsteroidField.DefaultAsteroidField:PersistentLevel.ContextMenu_C_4.PPQ2)
[2014.08.26-21.47.10:739][452]LogPrimitiveComponent: Zero scaling not supported (/Temp/Autosaves/Game/UEDPCDefaultAsteroidField.DefaultAsteroidField:PersistentLevel.ContextMenu_C_4.PPQ3)
[2014.08.26-21.47.10:739][452]LogPrimitiveComponent: Zero scaling not supported (/Temp/Autosaves/Game/UEDPCDefaultAsteroidField.DefaultAsteroidField:PersistentLevel.ContextMenu_C_4.VDDown)
[2014.08.26-21.47.10:740][452]LogPrimitiveComponent: Zero scaling not supported (/Temp/Autosaves/Game/UEDPCDefaultAsteroidField.DefaultAsteroidField:PersistentLevel.ContextMenu_C_4.VDUp)
[2014.08.26-21.47.10:740][452]LogPrimitiveComponent: Zero scaling not supported (/Temp/Autosaves/Game/UEDPCDefaultAsteroidField.DefaultAsteroidField:PersistentLevel.ContextMenu_C_4.AADown)
[2014.08.26-21.47.10:740][452]LogPrimitiveComponent: Zero scaling not supported (/Temp/Autosaves/Game/UEDPCDefaultAsteroidField.DefaultAsteroidField:PersistentLevel.ContextMenu_C_4.AAUp)
[2014.08.26-21.47.10:742][452]LogPrimitiveComponent: Zero scaling not supported (/Temp/Autosaves/Game/UEDPCDefaultAsteroidField.DefaultAsteroidField:PersistentLevel.ContextMenu_C_4.DSUp01)
[2014.08.26-21.47.10:742][452]LogPrimitiveComponent: Zero scaling not supported (/Temp/Autosaves/Game/UEDPCDefaultAsteroidField.DefaultAsteroidField:PersistentLevel.ContextMenu_C_4.ToggleButton5Active)
[2014.08.26-21.47.10:743][452]LogPrimitiveComponent: Zero scaling not supported (/Temp/Autosaves/Game/UEDPCDefaultAsteroidField.DefaultAsteroidField:PersistentLevel.ContextMenu_C_4.ToggleButton6Active)
[2014.08.26-21.47.10:743][452]LogPrimitiveComponent: Zero scaling not supported (/Temp/Autosaves/Game/UEDPCDefaultAsteroidField.DefaultAsteroidField:PersistentLevel.ContextMenu_C_4.IPDDown)
[2014.08.26-21.47.10:743][452]LogPrimitiveComponent: Zero scaling not supported (/Temp/Autosaves/Game/UEDPCDefaultAsteroidField.DefaultAsteroidField:PersistentLevel.ContextMenu_C_4.IPDUp)
[2014.08.26-21.47.10:743][452]LogPrimitiveComponent: Zero scaling not supported (/Temp/Autosaves/Game/UEDPCDefaultAsteroidField.DefaultAsteroidField:PersistentLevel.ContextMenu_C_4.SPUp)
[2014.08.26-21.47.10:743][452]LogPrimitiveComponent: Zero scaling not supported (/Temp/Autosaves/Game/UEDPCDefaultAsteroidField.DefaultAsteroidField:PersistentLevel.ContextMenu_C_4.SPDown)
[2014.08.26-21.47.10:744][452]LogPrimitiveComponent: Zero scaling not supported (/Temp/Autosaves/Game/UEDPCDefaultAsteroidField.DefaultAsteroidField:PersistentLevel.ContextMenu_C_4.SPDown01)
[2014.08.26-21.47.10:744][452]LogPrimitiveComponent: Zero scaling not supported (/Temp/Autosaves/Game/UEDPCDefaultAsteroidField.DefaultAsteroidField:PersistentLevel.ContextMenu_C_4.SPUp01)
[2014.08.26-21.47.10:744][452]LogPrimitiveComponent: Zero scaling not supported (/Temp/Autosaves/Game/UEDPCDefaultAsteroidField.DefaultAsteroidField:PersistentLevel.ContextMenu_C_4.DSUP)
[2014.08.26-21.47.10:744][452]LogPrimitiveComponent: Zero scaling not supported (/Temp/Autosaves/Game/UEDPCDefaultAsteroidField.DefaultAsteroidField:PersistentLevel.ContextMenu_C_4.DSDown)
[2014.08.26-21.47.10:744][452]LogPrimitiveComponent: Zero scaling not supported (/Temp/Autosaves/Game/UEDPCDefaultAsteroidField.DefaultAsteroidField:PersistentLevel.ContextMenu_C_4.DSDOwn01)
[2014.08.26-21.47.32:572][ 51]LogHMD:Warning: Lost Vision Tracking
[2014.08.26-21.47.33:027][ 63]LogHMD:Warning: Vision Tracking Acquired
[2014.08.26-21.47.58:736][800]LogNet: Browse: /Temp/Autosaves/Game/UEDPCDefaultAsteroidField?Name=Player?restart
[2014.08.26-21.47.58:770][800]LogLoad: LoadMap: /Temp/Autosaves/Game/UEDPCDefaultAsteroidField?Name=Player
[2014.08.26-21.47.58:791][800]LogParticles: Destroying 0 GPU particle simulations for FXSystem 0x0000004E75BB8220
[2014.08.26-21.47.58:811][800]LogMemory: Platform Memory Stats for Windows
[2014.08.26-21.47.58:811][800]LogMemory: Process Physical Memory: 392.41 MB used, 630.76 MB peak
[2014.08.26-21.47.58:811][800]LogMemory: Process Virtual Memory: 305.64 MB used, 314.26 MB peak
[2014.08.26-21.47.58:811][800]LogMemory: Physical Memory: 5860.80 MB used, 16268.46 MB total
[2014.08.26-21.47.58:811][800]LogMemory: Virtual Memory: 761.63 MB used, 134217728.00 MB total
[2014.08.26-21.47.58:811][800]LogMemory: 
[2014.08.26-21.47.58:811][800]Allocator Stats for TBB: (not implemented)
[2014.08.26-21.47.59:535][800]LogBlueprint:Warning: [compiler] Warning Unable to find function with name 'GetControlledPawn' for  GetControlledPawn 
[2014.08.26-21.47.59:535][800]LogBlueprint:Warning: [compiler] Warning Unable to find function with name 'GetControlledPawn' for  GetControlledPawn 
[2014.08.26-21.47.59:550][800]LogBlueprint:Warning: [compiler] Warning Could not find the function 'GetControlledPawn' called from  GetControlledPawn 
[2014.08.26-21.47.59:550][800]LogBlueprint:Warning: [compiler] Warning Could not find the function 'GetControlledPawn' called from  GetControlledPawn 
[2014.08.26-21.47.59:552][800]LogBlueprint:Warning: [compiler] Warning [0073.66] Compile of VRSpaceShooterController successful, but with 4 Warning(s) [in 32 ms]
[2014.08.26-21.47.59:650][800]LogBlueprint:Warning: [compiler] Warning Unable to find function with name 'GetControlledPawn' for  GetControlledPawn 
[2014.08.26-21.47.59:650][800]LogBlueprint:Warning: [compiler] Warning Unable to find function with name 'GetControlledPawn' for  GetControlledPawn 
[2014.08.26-21.47.59:669][800]LogBlueprint:Warning: [compiler] Warning Could not find the function 'GetControlledPawn' called from  GetControlledPawn 
[2014.08.26-21.47.59:669][800]LogBlueprint:Warning: [compiler] Warning Could not find the function 'GetControlledPawn' called from  GetControlledPawn 
[2014.08.26-21.47.59:672][800]LogBlueprint:Warning: [compiler] Warning [0073.78] Compile of VRSpaceShooterController successful, but with 4 Warning(s) [in 37 ms]
[2014.08.26-21.47.59:900][800]LogLinker:Warning: Asset 'F:/Unreal/GitHub/TP_SpaceShooterVR/Content/Props/MaterialSphere.uasset' has been saved with empty engine version. The asset will be loaded but may be incompatible.
[2014.08.26-21.48.00:042][800]LogWorld: Game class is 'SpaceShooterGameMode_C'
[2014.08.26-21.48.00:043][800]LogAIModule: Creating AISystem for world DefaultAsteroidField
[2014.08.26-21.48.00:090][800]LogWorld: Bringing World /Temp/Autosaves/Game/UEDPCDefaultAsteroidField.DefaultAsteroidField up for play (max tick rate 0) at 2014.08.27-07.48.00
[2014.08.26-21.48.00:090][800]LogWorld: Bringing up level for play took: 0.047053
[2014.08.26-21.48.35:185][819]Closing by request
[2014.08.26-21.48.35:185][819]LogWindows: FPlatformMisc::RequestExit(0)
[2014.08.26-21.48.37:373][820]LogWindowsTextInputMethodSystem:Error: Terminating failed while unadvising the language notification sink from the TSF source.
[2014.08.26-21.48.37:374][820]LogExit: Preparing to exit.
[2014.08.26-21.48.37:588][820]LogExit: Game engine shut down
[2014.08.26-21.48.37:589][820]LogParticles: Destroying 0 GPU particle simulations for FXSystem 0x0000004E7815B240
[2014.08.26-21.48.37:618][820]LogHMD: Oculus shutdown.
[2014.08.26-21.48.37:646][820]LogExit: Object subsystem successfully closed.
[2014.08.26-21.48.37:939][820]LogModuleManager: Shutting down and abandoning module HTTP (86)
[2014.08.26-21.48.37:939][820]LogModuleManager: Shutting down and abandoning module AndroidDeviceDetection (85)
[2014.08.26-21.48.37:939][820]LogModuleManager: Shutting down and abandoning module AutomationWorker (84)
[2014.08.26-21.48.37:939][820]LogModuleManager: Shutting down and abandoning module GameplayDebugger (83)
[2014.08.26-21.48.37:939][820]LogModuleManager: Shutting down and abandoning module AIModule (82)
[2014.08.26-21.48.37:939][820]LogModuleManager: Shutting down and abandoning module GameLiveStreaming (81)
[2014.08.26-21.48.37:939][820]LogModuleManager: Shutting down and abandoning module StreamingPauseRendering (80)
[2014.08.26-21.48.37:939][820]LogModuleManager: Shutting down and abandoning module AnalyticsET (79)
[2014.08.26-21.48.37:939][820]LogModuleManager: Shutting down and abandoning module Analytics (78)
[2014.08.26-21.48.37:939][820]LogModuleManager: Shutting down and abandoning module ProfilerService (77)
[2014.08.26-21.48.38:006][820]LogModuleManager: Shutting down and abandoning module TaskGraph (76)
[2014.08.26-21.48.38:006][820]LogModuleManager: Shutting down and abandoning module SlateRemote (75)
[2014.08.26-21.48.38:006][820]LogModuleManager: Shutting down and abandoning module CustomMeshComponent (74)
[2014.08.26-21.48.38:006][820]LogModuleManager: Shutting down and abandoning module CableComponent (73)
[2014.08.26-21.48.38:006][820]LogModuleManager: Shutting down and abandoning module VisualStudioSourceCodeAccess (72)
[2014.08.26-21.48.38:006][820]LogModuleManager: Shutting down and abandoning module UObjectPlugin (71)
[2014.08.26-21.48.38:006][820]LogModuleManager: Shutting down and abandoning module SubversionSourceControl (70)
[2014.08.26-21.48.38:006][820]LogModuleManager: Shutting down and abandoning module SourceControl (69)
[2014.08.26-21.48.38:006][820]LogModuleManager: Shutting down and abandoning module PerforceSourceControl (68)
[2014.08.26-21.48.38:006][820]LogModuleManager: Shutting down and abandoning module BlankPlugin (67)
[2014.08.26-21.48.38:006][820]LogModuleManager: Shutting down and abandoning module ScriptPlugin (66)
[2014.08.26-21.48.38:006][820]LogModuleManager: Shutting down and abandoning module UdpMessaging (65)
[2014.08.26-21.48.38:006][820]LogModuleManager: Shutting down and abandoning module Paper2D (64)
[2014.08.26-21.48.38:006][820]LogModuleManager: Shutting down and abandoning module WindowsMoviePlayer (63)
[2014.08.26-21.48.38:006][820]LogModuleManager: Shutting down and abandoning module ImageWrapper (62)
[2014.08.26-21.48.38:006][820]LogModuleManager: Shutting down and abandoning module OnlineBlueprintSupport (61)
[2014.08.26-21.48.38:006][820]LogModuleManager: Shutting down and abandoning module FunctionalTesting (60)
[2014.08.26-21.48.38:006][820]LogModuleManager: Shutting down and abandoning module CollisionAnalyzer (59)
[2014.08.26-21.48.38:006][820]LogModuleManager: Shutting down and abandoning module WorkspaceMenuStructure (58)
[2014.08.26-21.48.38:006][820]LogModuleManager: Shutting down and abandoning module MessageLog (57)
[2014.08.26-21.48.38:006][820]LogModuleManager: Shutting down and abandoning module UMGEditor (56)
[2014.08.26-21.48.38:006][820]LogModuleManager: Shutting down and abandoning module UMG (55)
[2014.08.26-21.48.38:006][820]LogModuleManager: Shutting down and abandoning module Slate (54)
[2014.08.26-21.48.38:006][820]LogModuleManager: Shutting down and abandoning module EditorStyle (53)
[2014.08.26-21.48.38:008][820]LogModuleManager: Shutting down and abandoning module SessionServices (52)
[2014.08.26-21.48.38:008][820]LogModuleManager: Shutting down and abandoning module SourceCodeAccess (51)
[2014.08.26-21.48.38:008][820]LogModuleManager: Shutting down and abandoning module HeadMountedDisplay (50)
[2014.08.26-21.48.38:008][820]LogModuleManager: Shutting down and abandoning module XAudio2 (49)
[2014.08.26-21.48.38:008][820]LogModuleManager: Shutting down and abandoning module Networking (47)
[2014.08.26-21.48.38:008][820]LogModuleManager: Shutting down and abandoning module Core (46)
[2014.08.26-21.48.38:008][820]LogModuleManager: Shutting down and abandoning module KismetCompiler (45)
[2014.08.26-21.48.38:008][820]LogModuleManager: Shutting down and abandoning module PhysXFormats (44)
[2014.08.26-21.48.38:008][820]LogModuleManager: Shutting down and abandoning module MeshUtilities (43)
[2014.08.26-21.48.38:008][820]LogModuleManager: Shutting down and abandoning module DerivedDataCache (42)
[2014.08.26-21.48.38:276][820]LogDerivedDataCache: Shutdown
[2014.08.26-21.48.38:276][820]LogModuleManager: Shutting down and abandoning module ShaderFormatOpenGL (41)
[2014.08.26-21.48.38:276][820]LogModuleManager: Shutting down and abandoning module ShaderFormatD3D (40)
[2014.08.26-21.48.38:276][820]LogModuleManager: Shutting down and abandoning module MetalShaderFormat (39)
[2014.08.26-21.48.38:276][820]LogModuleManager: Shutting down and abandoning module TextureFormatUncompressed (38)
[2014.08.26-21.48.38:276][820]LogModuleManager: Shutting down and abandoning module TextureFormatPVR (37)
[2014.08.26-21.48.38:276][820]LogModuleManager: Shutting down and abandoning module TextureFormatDXT (36)
[2014.08.26-21.48.38:276][820]LogModuleManager: Shutting down and abandoning module TextureFormatAndroid (35)
[2014.08.26-21.48.38:276][820]LogModuleManager: Shutting down and abandoning module AudioFormatOpus (34)
[2014.08.26-21.48.38:277][820]LogModuleManager: Shutting down and abandoning module AudioFormatOgg (33)
[2014.08.26-21.48.38:277][820]LogModuleManager: Shutting down and abandoning module AudioFormatADPCM (32)
[2014.08.26-21.48.38:277][820]LogModuleManager: Shutting down and abandoning module Messaging (31)
[2014.08.26-21.48.38:277][820]LogModuleManager: Shutting down and abandoning module IOSTargetPlatform (30)
[2014.08.26-21.48.38:277][820]LogModuleManager: Shutting down and abandoning module Android_PVRTCTargetPlatform (29)
[2014.08.26-21.48.38:277][820]LogModuleManager: Shutting down and abandoning module Android_ETC2TargetPlatform (28)
[2014.08.26-21.48.38:277][820]LogModuleManager: Shutting down and abandoning module Android_ETC1TargetPlatform (27)
[2014.08.26-21.48.38:277][820]LogModuleManager: Shutting down and abandoning module Android_DXTTargetPlatform (26)
[2014.08.26-21.48.38:277][820]LogModuleManager: Shutting down and abandoning module Android_ATCTargetPlatform (25)
[2014.08.26-21.48.38:277][820]LogModuleManager: Shutting down and abandoning module AndroidTargetPlatform (24)
[2014.08.26-21.48.38:277][820]LogModuleManager: Shutting down and abandoning module WindowsTargetPlatform (23)
[2014.08.26-21.48.38:277][820]LogModuleManager: Shutting down and abandoning module WindowsServerTargetPlatform (22)
[2014.08.26-21.48.38:277][820]LogModuleManager: Shutting down and abandoning module WindowsNoEditorTargetPlatform (21)
[2014.08.26-21.48.38:277][820]LogModuleManager: Shutting down and abandoning module WindowsClientTargetPlatform (20)
[2014.08.26-21.48.38:277][820]LogModuleManager: Shutting down and abandoning module TargetPlatform (19)
[2014.08.26-21.48.38:277][820]LogModuleManager: Shutting down and abandoning module InputCore (18)
[2014.08.26-21.48.38:277][820]LogModuleManager: Shutting down and abandoning module Settings (17)
[2014.08.26-21.48.38:277][820]LogModuleManager: Shutting down and abandoning module ExampleDeviceProfileSelector (14)
[2014.08.26-21.48.38:277][820]LogModuleManager: Shutting down and abandoning module OculusRift (13)
[2014.08.26-21.48.38:277][820]LogModuleManager: Shutting down and abandoning module TextureCompressor (12)
[2014.08.26-21.48.38:277][820]LogModuleManager: Shutting down and abandoning module ShaderCore (11)
[2014.08.26-21.48.38:277][820]LogModuleManager: Shutting down and abandoning module OpenGLDrv (10)
[2014.08.26-21.48.38:277][820]LogModuleManager: Shutting down and abandoning module D3D11RHI (9)
[2014.08.26-21.48.38:277][820]LogModuleManager: Shutting down and abandoning module SlateRHIRenderer (8)
[2014.08.26-21.48.38:277][820]LogModuleManager: Shutting down and abandoning module Renderer (7)
[2014.08.26-21.48.38:277][820]LogModuleManager: Shutting down and abandoning module Engine (6)
[2014.08.26-21.48.38:277][820]LogModuleManager: Shutting down and abandoning module CoreUObject (5)
[2014.08.26-21.48.38:277][820]LogModuleManager: Shutting down and abandoning module NetworkFile (4)
[2014.08.26-21.48.38:277][820]LogModuleManager: Shutting down and abandoning module StreamingFile (3)
[2014.08.26-21.48.38:277][820]LogModuleManager: Shutting down and abandoning module SandboxFile (2)
[2014.08.26-21.48.38:277][820]LogModuleManager: Shutting down and abandoning module PakFile (1)
[2014.08.26-21.48.38:277][820]LogExit: Exiting.
[2014.08.26-21.48.38:278][820]Log file closed, 08/27/14 07:48:38
