Log file open, 08/21/14 18:09:28
LogInit:Display: Running engine for game: TP_VRSpaceShooter
LogInit: Version: 4.3.0-2215663+++depot+UE4-Releases+4.3
LogInit: API Version: 2215663
LogInit: Compiled (64-bit): Jul 14 2014 22:23:33
LogInit: Build Configuration: Development
LogInit: Branch Name: ++depot+UE4-Releases+4.3
LogInit: Command line:  /Temp/Autosaves/Game/UEDPCDefaultAsteroidField -game -PIEVIACONSOLE -ResX=1280 -ResY=720  -Multiprocess 
LogInit: Base directory: I:/Unreal/4.3/Engine/Binaries/Win64/
LogInit: Rocket: 1
[2014.08.21-08.09.28:731][  0]LogTaskGraph: Started task graph with 3 named threads and 4 total threads.
[2014.08.21-08.09.28:762][  0]LogOnline:Warning: No default platform service specified for OnlineSubsystem
[2014.08.21-08.09.28:768][  0]LogInit: Presizing for 0 objects not considered by GC, pre-allocating 0 bytes.
[2014.08.21-08.09.28:774][  0]LogInit: Object subsystem initialized
[2014.08.21-08.09.28:775][  0]LogInit: Selected Device Profile: [Windows]
[2014.08.21-08.09.28:775][  0]LogInit: Applying CVar settings loaded from the selected device profile: [Windows]
[2014.08.21-08.09.28:779][  0]LogInit: Computer: HOME
[2014.08.21-08.09.28:779][  0]LogInit: User: McCaffrey
[2014.08.21-08.09.28:780][  0]LogInit: CPU Page size=4096, Cores=4
[2014.08.21-08.09.28:780][  0]LogInit: High frequency timer resolution =3.410077 MHz
[2014.08.21-08.09.28:780][  0]LogMemory: Memory total: Physical=15.9GB (16GB approx) Virtual=131072.0GB
[2014.08.21-08.09.28:780][  0]LogMemory: Platform Memory Stats for Windows
[2014.08.21-08.09.28:780][  0]LogMemory: Process Physical Memory: 59.08 MB used, 59.08 MB peak
[2014.08.21-08.09.28:780][  0]LogMemory: Process Virtual Memory: 35.84 MB used, 35.84 MB peak
[2014.08.21-08.09.28:780][  0]LogMemory: Physical Memory: 4941.68 MB used, 16268.46 MB total
[2014.08.21-08.09.28:780][  0]LogMemory: Virtual Memory: 252.38 MB used, 134217728.00 MB total
[2014.08.21-08.09.28:933][  0]LogD3D11RHI: Found D3D11 adapter 0: NVIDIA GeForce GTX 770 (Feature Level 11_0)
[2014.08.21-08.09.28:933][  0]LogD3D11RHI: Adapter has 1985MB of dedicated video memory, 0MB of dedicated system memory, and 2048MB of shared system memory, 3 output[s]
[2014.08.21-08.09.28:940][  0]LogD3D11RHI: Found D3D11 adapter 1: Intel(R) HD Graphics 4600 (Feature Level 11_0)
[2014.08.21-08.09.28:940][  0]LogD3D11RHI: Adapter has 32MB of dedicated video memory, 0MB of dedicated system memory, and 1760MB of shared system memory, 0 output[s]
[2014.08.21-08.09.28:941][  0]LogD3D11RHI: Found D3D11 adapter 2: Microsoft Basic Render Driver (Feature Level 11_0)
[2014.08.21-08.09.28:941][  0]LogD3D11RHI: Adapter has 0MB of dedicated video memory, 0MB of dedicated system memory, and 256MB of shared system memory, 0 output[s]
[2014.08.21-08.09.28:941][  0]LogD3D11RHI: Chosen D3D11 Adapter Id = 0
[2014.08.21-08.09.28:944][  0]LogRHI: Texture pool is 1361 MB (70% of 1945 MB)
[2014.08.21-08.09.28:956][  0]LogD3D11RHI: Async texture creation enabled
[2014.08.21-08.09.29:069][  0]LogContentStreaming: Texture pool size is 1000.000000MB
[2014.08.21-08.09.30:830][  0]LogTargetPlatformManager:Display: Building Assets For Windows
[2014.08.21-08.09.30:937][  0]LogTargetPlatformManager:Display: Building Assets For Windows
[2014.08.21-08.09.30:975][  0]LogDerivedDataCache:Display: Max Cache Size: 512 MB
[2014.08.21-08.09.31:013][  0]LogDerivedDataCache: Loaded boot cache 0.04s 39MB C:/Users/McCaffrey/AppData/Local/UnrealEngine/4.3/DerivedDataCache/Boot.ddc.
[2014.08.21-08.09.31:013][  0]LogDerivedDataCache:Display: Loaded Boot cache: C:/Users/McCaffrey/AppData/Local/UnrealEngine/4.3/DerivedDataCache/Boot.ddc
[2014.08.21-08.09.31:013][  0]LogDerivedDataCache: FDerivedDataBackendGraph:  Pak pak cache file F:/Unreal/GitHub/TP_SpaceShooterVR/DerivedDataCache/DDC.ddp not found, will not use a pak cache.
[2014.08.21-08.09.31:013][  0]LogDerivedDataCache: Unable to find inner node Pak for hierarchical cache Hierarchy.
[2014.08.21-08.09.31:026][  0]LogDerivedDataCache:Display: Pak cache opened for reading ../../../Engine/DerivedDataCache/DDC.ddp.
[2014.08.21-08.09.31:040][  0]LogDerivedDataCache: Using Local data cache path C:/Users/McCaffrey/AppData/Local/UnrealEngine/4.3/DerivedDataCache: Writable
[2014.08.21-08.09.31:171][  0]LogMeshUtilities: No automatic mesh reduction module available
[2014.08.21-08.09.31:171][  0]LogMeshUtilities: No automatic mesh merging module available
[2014.08.21-08.09.31:434][  0]LogInit: WinSock: version 1.1 (2.2), MaxSocks=32767, MaxUdp=65467
[2014.08.21-08.09.32:097][  0]LogWindowsMoviePlayer: Unable to load movie: F:/Unreal/GitHub/TP_SpaceShooterVR/Content/Movies/Default_Startup.mp4
[2014.08.21-08.09.32:135][  0]LogLinker:Warning: Asset '../../../Engine/Plugins/Experimental/Paper2D/Content/DefaultPaperTerrainMaterial.uasset' has been saved with empty engine version. The asset will be loaded but may be incompatible.
[2014.08.21-08.09.32:135][  0]LogLinker:Warning: Asset '../../../Engine/Plugins/Experimental/Paper2D/Content/DummySprite.uasset' has been saved with empty engine version. The asset will be loaded but may be incompatible.
[2014.08.21-08.09.32:155][  0]SourceControl: Info Source control is disabled
[2014.08.21-08.09.32:155][  0]SourceControl: Info Source control is disabled
[2014.08.21-08.09.32:160][  0]SourceControl: Info Source control is disabled
[2014.08.21-08.09.32:169][  0]LogObj: 19766 objects as part of root set at end of initial load.
[2014.08.21-08.09.32:169][  0]LogUObjectAllocator: 3752232 out of 0 bytes used by permanent object pool.
[2014.08.21-08.09.32:312][  0]LogAutomationTest:Warning: ERR: Transient text cannot be serialized "Testing Transient serialization detection".
[2014.08.21-08.09.32:312][  0]LogEngine: Initializing Engine...
[2014.08.21-08.09.32:356][  0]OCULUS: *** SensorFusion Startup: TimeSeconds = 0.000000
[2014.08.21-08.09.32:546][  0]OCULUS: 
[2014.08.21-08.09.32:546][  0]OCULUS: OVR::SensorDevice - Closed '\\?\hid#vid_2833&pid_0021#8&150667f&0&0000#{4d1e55b2-f16f-11cf-88cb-001111000030}'
[2014.08.21-08.09.32:546][  0]OCULUS: OVR::Win32::HIDDevice - Closed '\\?\hid#vid_2833&pid_0021#8&150667f&0&0000#{4d1e55b2-f16f-11cf-88cb-001111000030}'
[2014.08.21-08.09.32:546][  0]OCULUS: 
[2014.08.21-08.09.32:546][  0]OCULUS: OVR::SensorDevice - Closed '\\?\hid#vid_2833&pid_0021#8&150667f&0&0000#{4d1e55b2-f16f-11cf-88cb-001111000030}'
[2014.08.21-08.09.32:546][  0]OCULUS: OVR::Win32::HIDDevice - Closed '\\?\hid#vid_2833&pid_0021#8&150667f&0&0000#{4d1e55b2-f16f-11cf-88cb-001111000030}'
[2014.08.21-08.09.32:546][  0]LogHMD:Warning: HMD Oculus Rift DK2, Monitor \\.\DISPLAY3\Monitor0, res = 1920 x 1080, windowPos = {-1920, 0}
[2014.08.21-08.09.32:546][  0]LogHMD: Oculus initialized.
[2014.08.21-08.09.32:657][  0]OCULUS: 
[2014.08.21-08.09.32:657][  0]OCULUS: Sensor created.
[2014.08.21-08.09.32:658][  0]OCULUS: SyncBox: NOT using box!
[2014.08.21-08.09.32:695][  0]OCULUS: IOCTL_OCUSBVID_EXECUTE_VIDEO_STREAMING_REQUEST commit SET_CUR succeeded
[2014.08.21-08.09.32:695][  0]OCULUS: Sensor Pose tracker created.
[2014.08.21-08.09.32:782][  0]LogInit: XAudio2 using 'Speakers (Realtek High Definition Audio)' : 2 channels at 48 kHz using 32 bits per sample (channel mask 0x3)
[2014.08.21-08.09.32:791][  0]LogInit: FAudioDevice initialized.
[2014.08.21-08.09.32:794][  0]LogInit: Texture streaming: Enabled
[2014.08.21-08.09.32:845][  0]LogConsoleResponse:Display: 
[2014.08.21-08.09.32:845][  0]LogNet: Browse: /Temp/Autosaves/Game/UEDPCDefaultAsteroidField?Name=Player
[2014.08.21-08.09.32:845][  0]LogLoad: LoadMap: /Temp/Autosaves/Game/UEDPCDefaultAsteroidField?Name=Player
[2014.08.21-08.09.32:857][  0]LogMemory: Platform Memory Stats for Windows
[2014.08.21-08.09.32:857][  0]LogMemory: Process Physical Memory: 270.70 MB used, 307.67 MB peak
[2014.08.21-08.09.32:857][  0]LogMemory: Process Virtual Memory: 222.18 MB used, 265.83 MB peak
[2014.08.21-08.09.32:857][  0]LogMemory: Physical Memory: 5121.58 MB used, 16268.46 MB total
[2014.08.21-08.09.32:857][  0]LogMemory: Virtual Memory: 622.08 MB used, 134217728.00 MB total
[2014.08.21-08.09.32:857][  0]LogMemory: 
[2014.08.21-08.09.32:857][  0]Allocator Stats for TBB: (not implemented)
[2014.08.21-08.09.33:862][  0]OCULUS: Skipped 350274 frames
[2014.08.21-08.09.33:862][  0]OCULUS: Skipped 3 frames
[2014.08.21-08.09.33:862][  0]OCULUS: modulation start failed!
[2014.08.21-08.09.33:862][  0]LogLinker:Warning: Asset '../../../Engine/Content/Functions/Engine_MaterialFunctions02/Texturing/FlipBook.uasset' has been saved with empty engine version. The asset will be loaded but may be incompatible.
[2014.08.21-08.09.33:866][  0]LogLinker:Warning: Asset 'F:/Unreal/GitHub/TP_SpaceShooterVR/Content/Props/MaterialSphere.uasset' has been saved with empty engine version. The asset will be loaded but may be incompatible.
[2014.08.21-08.09.34:003][  0]LogWorld: Game class is 'SpaceShooterGameMode_C'
[2014.08.21-08.09.34:016][  0]LogAIModule: Creating AISystem for world DefaultAsteroidField
[2014.08.21-08.09.34:065][  0]LogWorld: Bringing World /Temp/Autosaves/Game/UEDPCDefaultAsteroidField.DefaultAsteroidField up for play (max tick rate 0) at 2014.08.21-18.09.34
[2014.08.21-08.09.34:065][  0]LogWorld: Bringing up level for play took: 0.048585
[2014.08.21-08.09.34:065][  0]LogPlayerController: Spawned spectator SpectatorPawn_0 [server:1]
[2014.08.21-08.09.34:066][  0]LogGameMode: RestartPlayer Player
[2014.08.21-08.09.34:068][  0]LogPlayerController: ClientRestart_Implementation SpaceShooterPawn_C_0
[2014.08.21-08.09.34:068][  0]LogPlayerController: ServerAcknowledgePossession_Implementation SpaceShooterPawn_C_0
[2014.08.21-08.09.34:071][  0]Command not recognized:  hmdwarp 1=1 
[2014.08.21-08.09.34:071][  0]Command not recognized:  hmdwarp s=1.3 
[2014.08.21-08.09.34:071][  0]LogInit:Display: Game Engine Initialized.
[2014.08.21-08.09.34:278][  0]LogLoad: Full Startup: 6.32 seconds (BP compile: 0.64 seconds)
[2014.08.21-08.09.34:440][  0]LogRenderer:Warning: Reallocating scene render targets to support 1280x720.
[2014.08.21-08.09.35:035][ 36]LogSlate: SRTH: 000000746078D780, 1280 x 720
[2014.08.21-08.09.35:066][ 37]LogRenderer:Warning: Reallocating scene render targets to support 1664x936.
[2014.08.21-08.09.35:198][ 37]LogSlate: SRTH: 000000746078E800, 1664 x 936, prev 0000000000000000
[2014.08.21-08.09.36:296][ 74]OCULUS: Ransac failed - Not enough points (4)
[2014.08.21-08.09.36:311][ 75]OCULUS: cameraToHMDoffset: -305233
[2014.08.21-08.09.36:329][ 75]LogHMD:Warning: Vision Tracking Acquired
[2014.08.21-08.09.36:811][ 94]OCULUS: Initial vision latency: 1.03 frames
[2014.08.21-08.09.45:778][433]Closing by request
[2014.08.21-08.09.45:778][433]LogWindows: FPlatformMisc::RequestExit(0)
[2014.08.21-08.09.45:853][434]LogWindowsTextInputMethodSystem:Error: Terminating failed while unadvising the language notification sink from the TSF source.
[2014.08.21-08.09.45:872][434]LogExit: Preparing to exit.
[2014.08.21-08.09.46:007][434]LogExit: Game engine shut down
[2014.08.21-08.09.46:012][434]LogParticles: Destroying 0 GPU particle simulations for FXSystem 0x000000746C692CA0
[2014.08.21-08.09.46:121][434]OCULUS: Skipped 0 frames
[2014.08.21-08.09.46:121][434]OCULUS: TrackPose: Obs2PredMatcher failed
[2014.08.21-08.09.46:130][434]OCULUS: Sensor Pose tracker destroyed.
[2014.08.21-08.09.46:130][434]OCULUS: StopSensor succeeded.
[2014.08.21-08.09.46:130][434]OCULUS: OVR::SensorDevice - Closed '\\?\hid#vid_2833&pid_0021#8&150667f&0&0000#{4d1e55b2-f16f-11cf-88cb-001111000030}'
[2014.08.21-08.09.46:130][434]OCULUS: OVR::Win32::HIDDevice - Closed '\\?\hid#vid_2833&pid_0021#8&150667f&0&0000#{4d1e55b2-f16f-11cf-88cb-001111000030}'
[2014.08.21-08.09.46:130][434]OCULUS: OVR::DeviceManager - shutting down.
[2014.08.21-08.09.46:130][434]OCULUS: OVR::DeviceManagerThread - exiting (ThreadId=0xEF0).
[2014.08.21-08.09.46:130][434]LogHMD: Oculus shutdown.
[2014.08.21-08.09.46:152][434]LogExit: Object subsystem successfully closed.
[2014.08.21-08.09.46:173][434]LogModuleManager: Shutting down and abandoning module HTTP (107)
[2014.08.21-08.09.46:173][434]LogModuleManager: Shutting down and abandoning module AndroidDeviceDetection (106)
[2014.08.21-08.09.46:173][434]LogModuleManager: Shutting down and abandoning module AutomationWorker (105)
[2014.08.21-08.09.46:173][434]LogModuleManager: Shutting down and abandoning module GameplayDebugger (104)
[2014.08.21-08.09.46:173][434]LogModuleManager: Shutting down and abandoning module AIModule (103)
[2014.08.21-08.09.46:173][434]LogModuleManager: Shutting down and abandoning module GameLiveStreaming (102)
[2014.08.21-08.09.46:173][434]LogModuleManager: Shutting down and abandoning module StreamingPauseRendering (101)
[2014.08.21-08.09.46:173][434]LogModuleManager: Shutting down and abandoning module AnalyticsET (100)
[2014.08.21-08.09.46:173][434]LogModuleManager: Shutting down and abandoning module Analytics (99)
[2014.08.21-08.09.46:173][434]LogModuleManager: Shutting down and abandoning module ProfilerService (98)
[2014.08.21-08.09.46:197][434]LogModuleManager: Shutting down and abandoning module TaskGraph (97)
[2014.08.21-08.09.46:197][434]LogModuleManager: Shutting down and abandoning module SourceControl (96)
[2014.08.21-08.09.46:197][434]LogModuleManager: Shutting down and abandoning module ImageWrapper (95)
[2014.08.21-08.09.46:197][434]LogModuleManager: Shutting down and abandoning module OnlineBlueprintSupport (94)
[2014.08.21-08.09.46:197][434]LogModuleManager: Shutting down and abandoning module FunctionalTesting (93)
[2014.08.21-08.09.46:197][434]LogModuleManager: Shutting down and abandoning module CollisionAnalyzer (92)
[2014.08.21-08.09.46:197][434]LogModuleManager: Shutting down and abandoning module WorkspaceMenuStructure (91)
[2014.08.21-08.09.46:197][434]LogModuleManager: Shutting down and abandoning module MessageLog (90)
[2014.08.21-08.09.46:197][434]LogModuleManager: Shutting down and abandoning module Slate (89)
[2014.08.21-08.09.46:197][434]LogModuleManager: Shutting down and abandoning module EditorStyle (88)
[2014.08.21-08.09.46:198][434]LogModuleManager: Shutting down and abandoning module SessionServices (87)
[2014.08.21-08.09.46:198][434]LogModuleManager: Shutting down and abandoning module SourceCodeAccess (86)
[2014.08.21-08.09.46:198][434]LogModuleManager: Shutting down and abandoning module HeadMountedDisplay (85)
[2014.08.21-08.09.46:198][434]LogModuleManager: Shutting down and abandoning module XAudio2 (84)
[2014.08.21-08.09.46:198][434]LogModuleManager: Shutting down and abandoning module Networking (82)
[2014.08.21-08.09.46:198][434]LogModuleManager: Shutting down and abandoning module Core (81)
[2014.08.21-08.09.46:198][434]LogModuleManager: Shutting down and abandoning module KismetCompiler (80)
[2014.08.21-08.09.46:198][434]LogModuleManager: Shutting down and abandoning module PhysXFormats (79)
[2014.08.21-08.09.46:198][434]LogModuleManager: Shutting down and abandoning module MeshUtilities (78)
[2014.08.21-08.09.46:198][434]LogModuleManager: Shutting down and abandoning module DerivedDataCache (77)
[2014.08.21-08.09.46:542][434]LogDerivedDataCache: Shutdown
[2014.08.21-08.09.46:542][434]LogModuleManager: Shutting down and abandoning module ShaderFormatOpenGL (76)
[2014.08.21-08.09.46:542][434]LogModuleManager: Shutting down and abandoning module ShaderFormatD3D (75)
[2014.08.21-08.09.46:542][434]LogModuleManager: Shutting down and abandoning module MetalShaderFormat (74)
[2014.08.21-08.09.46:542][434]LogModuleManager: Shutting down and abandoning module TextureFormatUncompressed (73)
[2014.08.21-08.09.46:542][434]LogModuleManager: Shutting down and abandoning module TextureFormatPVR (72)
[2014.08.21-08.09.46:542][434]LogModuleManager: Shutting down and abandoning module TextureFormatDXT (71)
[2014.08.21-08.09.46:542][434]LogModuleManager: Shutting down and abandoning module TextureFormatAndroid (70)
[2014.08.21-08.09.46:542][434]LogModuleManager: Shutting down and abandoning module AudioFormatOpus (69)
[2014.08.21-08.09.46:542][434]LogModuleManager: Shutting down and abandoning module AudioFormatOgg (68)
[2014.08.21-08.09.46:542][434]LogModuleManager: Shutting down and abandoning module AudioFormatADPCM (67)
[2014.08.21-08.09.46:542][434]LogModuleManager: Shutting down and abandoning module Messaging (66)
[2014.08.21-08.09.46:542][434]LogModuleManager: Shutting down and abandoning module IOSTargetPlatform (65)
[2014.08.21-08.09.46:542][434]LogModuleManager: Shutting down and abandoning module Android_PVRTCTargetPlatform (64)
[2014.08.21-08.09.46:542][434]LogModuleManager: Shutting down and abandoning module Android_ETC2TargetPlatform (63)
[2014.08.21-08.09.46:542][434]LogModuleManager: Shutting down and abandoning module Android_ETC1TargetPlatform (62)
[2014.08.21-08.09.46:542][434]LogModuleManager: Shutting down and abandoning module Android_DXTTargetPlatform (61)
[2014.08.21-08.09.46:542][434]LogModuleManager: Shutting down and abandoning module Android_ATCTargetPlatform (60)
[2014.08.21-08.09.46:542][434]LogModuleManager: Shutting down and abandoning module AndroidTargetPlatform (59)
[2014.08.21-08.09.46:542][434]LogModuleManager: Shutting down and abandoning module WindowsTargetPlatform (58)
[2014.08.21-08.09.46:542][434]LogModuleManager: Shutting down and abandoning module WindowsServerTargetPlatform (57)
[2014.08.21-08.09.46:542][434]LogModuleManager: Shutting down and abandoning module WindowsNoEditorTargetPlatform (56)
[2014.08.21-08.09.46:542][434]LogModuleManager: Shutting down and abandoning module WindowsClientTargetPlatform (55)
[2014.08.21-08.09.46:542][434]LogModuleManager: Shutting down and abandoning module TargetPlatform (54)
[2014.08.21-08.09.46:542][434]LogModuleManager: Shutting down and abandoning module InputCore (53)
[2014.08.21-08.09.46:542][434]LogModuleManager: Shutting down and abandoning module Settings (52)
[2014.08.21-08.09.46:542][434]LogModuleManager: Shutting down and abandoning module TextureCompressor (49)
[2014.08.21-08.09.46:542][434]LogModuleManager: Shutting down and abandoning module ShaderCore (48)
[2014.08.21-08.09.46:542][434]LogModuleManager: Shutting down and abandoning module OpenGLDrv (47)
[2014.08.21-08.09.46:542][434]LogModuleManager: Shutting down and abandoning module D3D11RHI (46)
[2014.08.21-08.09.46:542][434]LogModuleManager: Shutting down and abandoning module SlateRHIRenderer (45)
[2014.08.21-08.09.46:542][434]LogModuleManager: Shutting down and abandoning module Renderer (44)
[2014.08.21-08.09.46:542][434]LogModuleManager: Shutting down and abandoning module Engine (43)
[2014.08.21-08.09.46:542][434]LogModuleManager: Shutting down and abandoning module SlateRemote (42)
[2014.08.21-08.09.46:542][434]LogModuleManager: Shutting down and abandoning module ScriptPlugin (41)
[2014.08.21-08.09.46:542][434]LogModuleManager: Shutting down and abandoning module WindowsMoviePlayer (38)
[2014.08.21-08.09.46:543][434]LogModuleManager: Shutting down and abandoning module ExampleDeviceProfileSelector (31)
[2014.08.21-08.09.46:543][434]LogModuleManager: Shutting down and abandoning module CustomMeshComponent (30)
[2014.08.21-08.09.46:543][434]LogModuleManager: Shutting down and abandoning module CableComponent (29)
[2014.08.21-08.09.46:543][434]LogModuleManager: Shutting down and abandoning module OculusRift (25)
[2014.08.21-08.09.46:543][434]LogModuleManager: Shutting down and abandoning module UdpMessaging (24)
[2014.08.21-08.09.46:543][434]LogModuleManager: Shutting down and abandoning module Paper2D (18)
[2014.08.21-08.09.46:543][434]LogModuleManager: Shutting down and abandoning module VisualStudioSourceCodeAccess (10)
[2014.08.21-08.09.46:543][434]LogModuleManager: Shutting down and abandoning module UObjectPlugin (9)
[2014.08.21-08.09.46:543][434]LogModuleManager: Shutting down and abandoning module SubversionSourceControl (8)
[2014.08.21-08.09.46:543][434]LogModuleManager: Shutting down and abandoning module PerforceSourceControl (7)
[2014.08.21-08.09.46:543][434]LogModuleManager: Shutting down and abandoning module BlankPlugin (6)
[2014.08.21-08.09.46:543][434]LogModuleManager: Shutting down and abandoning module CoreUObject (5)
[2014.08.21-08.09.46:543][434]LogModuleManager: Shutting down and abandoning module NetworkFile (4)
[2014.08.21-08.09.46:543][434]LogModuleManager: Shutting down and abandoning module StreamingFile (3)
[2014.08.21-08.09.46:543][434]LogModuleManager: Shutting down and abandoning module SandboxFile (2)
[2014.08.21-08.09.46:543][434]LogModuleManager: Shutting down and abandoning module PakFile (1)
[2014.08.21-08.09.46:543][434]LogExit: Exiting.
[2014.08.21-08.09.46:545][434]Log file closed, 08/21/14 18:09:46
